# JRE version: OpenJDK Runtime Environment Temurin-21.0.11+10 (21.0.11+10) (build 21.0.11+10-LTS)
# Java VM: OpenJDK 64-Bit Server VM Temurin-21.0.11+10 (21.0.11+10-LTS, mixed mode, tiered, compressed oops, compressed class ptrs, serial gc, windows-amd64)
GC Precious Log:
 CardTable entry size: 512
 CPUs: 8 total, 8 available
 Memory: 3615M
 Large Page Support: Disabled
 NUMA Support: Disabled
 Compressed Oops: Enabled (32-bit)
 Heap Min Capacity: 64M
 Heap Initial Capacity: 64M
 Heap Max Capacity: 192M
 Pre-touch: Disabled
Heap:
 def new generation   total 19776K, used 17330K [0x00000000f4000000, 0x00000000f5570000, 0x00000000f8000000)
  eden space 17600K,  87% used [0x00000000f4000000, 0x00000000f4f08610, 0x00000000f5130000)
  from space 2176K,  89% used [0x00000000f5350000, 0x00000000f5534380, 0x00000000f5570000)
  to   space 2176K,   0% used [0x00000000f5130000, 0x00000000f5130000, 0x00000000f5350000)
 tenured generation   total 43712K, used 26807K [0x00000000f8000000, 0x00000000faab0000, 0x0000000100000000)
   the space 43712K,  61% used [0x00000000f8000000, 0x00000000f9a2dcd8, 0x00000000f9a2de00, 0x00000000faab0000)
 Metaspace       used 47455K, committed 48896K, reserved 180224K
  class space    used 6329K, committed 7040K, reserved 114688K
GC Heap History (20 events):
Event: 11.752 GC heap before
{Heap before GC invocations=6 (full 1):
 def new generation   total 19776K, used 17600K [0x00000000f4000000, 0x00000000f5570000, 0x00000000f8000000)
  eden space 17600K, 100% used [0x00000000f4000000, 0x00000000f5130000, 0x00000000f5130000)
  from space 2176K,   0% used [0x00000000f5130000, 0x00000000f5130000, 0x00000000f5350000)
  to   space 2176K,   0% used [0x00000000f5350000, 0x00000000f5350000, 0x00000000f5570000)
 tenured generation   total 43712K, used 18599K [0x00000000f8000000, 0x00000000faab0000, 0x0000000100000000)
   the space 43712K,  42% used [0x00000000f8000000, 0x00000000f9229fb0, 0x00000000f922a000, 0x00000000faab0000)
 Metaspace       used 24534K, committed 25024K, reserved 180224K
  class space    used 2829K, committed 3072K, reserved 114688K
}
Event: 11.755 GC heap after
{Heap after GC invocations=7 (full 1):
 def new generation   total 19776K, used 936K [0x00000000f4000000, 0x00000000f5570000, 0x00000000f8000000)
  eden space 17600K,   0% used [0x00000000f4000000, 0x00000000f4000000, 0x00000000f5130000)
  from space 2176K,  43% used [0x00000000f5350000, 0x00000000f543a138, 0x00000000f5570000)
  to   space 2176K,   0% used [0x00000000f5130000, 0x00000000f5130000, 0x00000000f5350000)
 tenured generation   total 43712K, used 18599K [0x00000000f8000000, 0x00000000faab0000, 0x0000000100000000)
   the space 43712K,  42% used [0x00000000f8000000, 0x00000000f9229fb0, 0x00000000f922a000, 0x00000000faab0000)
 Metaspace       used 24534K, committed 25024K, reserved 180224K
  class space    used 2829K, committed 3072K, reserved 114688K
}
Event: 12.079 GC heap before
{Heap before GC invocations=7 (full 1):
 def new generation   total 19776K, used 18536K [0x00000000f4000000, 0x00000000f5570000, 0x00000000f8000000)
  eden space 17600K, 100% used [0x00000000f4000000, 0x00000000f5130000, 0x00000000f5130000)
  from space 2176K,  43% used [0x00000000f5350000, 0x00000000f543a138, 0x00000000f5570000)
  to   space 2176K,   0% used [0x00000000f5130000, 0x00000000f5130000, 0x00000000f5350000)
 tenured generation   total 43712K, used 18599K [0x00000000f8000000, 0x00000000faab0000, 0x0000000100000000)
   the space 43712K,  42% used [0x00000000f8000000, 0x00000000f9229fb0, 0x00000000f922a000, 0x00000000faab0000)
 Metaspace       used 27457K, committed 28032K, reserved 180224K
  class space    used 3257K, committed 3520K, reserved 114688K
}
Event: 12.085 GC heap after
{Heap after GC invocations=8 (full 1):
 def new generation   total 19776K, used 1919K [0x00000000f4000000, 0x00000000f5570000, 0x00000000f8000000)
  eden space 17600K,   0% used [0x00000000f4000000, 0x00000000f4000000, 0x00000000f5130000)
  from space 2176K,  88% used [0x00000000f5130000, 0x00000000f530fd70, 0x00000000f5350000)
  to   space 2176K,   0% used [0x00000000f5350000, 0x00000000f5350000, 0x00000000f5570000)
 tenured generation   total 43712K, used 18599K [0x00000000f8000000, 0x00000000faab0000, 0x0000000100000000)
   the space 43712K,  42% used [0x00000000f8000000, 0x00000000f9229fb0, 0x00000000f922a000, 0x00000000faab0000)
 Metaspace       used 27457K, committed 28032K, reserved 180224K
  class space    used 3257K, committed 3520K, reserved 114688K
}
Event: 12.561 GC heap before
{Heap before GC invocations=8 (full 1):
 def new generation   total 19776K, used 19519K [0x00000000f4000000, 0x00000000f5570000, 0x00000000f8000000)
  eden space 17600K, 100% used [0x00000000f4000000, 0x00000000f5130000, 0x00000000f5130000)
  from space 2176K,  88% used [0x00000000f5130000, 0x00000000f530fd70, 0x00000000f5350000)
  to   space 2176K,   0% used [0x00000000f5350000, 0x00000000f5350000, 0x00000000f5570000)
 tenured generation   total 43712K, used 18599K [0x00000000f8000000, 0x00000000faab0000, 0x0000000100000000)
   the space 43712K,  42% used [0x00000000f8000000, 0x00000000f9229fb0, 0x00000000f922a000, 0x00000000faab0000)
 Metaspace       used 29822K, committed 30528K, reserved 180224K
  class space    used 3649K, committed 3968K, reserved 114688K
}
Event: 12.571 GC heap after
{Heap after GC invocations=9 (full 1):
 def new generation   total 19776K, used 2158K [0x00000000f4000000, 0x00000000f5570000, 0x00000000f8000000)
  eden space 17600K,   0% used [0x00000000f4000000, 0x00000000f4000000, 0x00000000f5130000)
  from space 2176K,  99% used [0x00000000f5350000, 0x00000000f556bad8, 0x00000000f5570000)
  to   space 2176K,   0% used [0x00000000f5130000, 0x00000000f5130000, 0x00000000f5350000)
 tenured generation   total 43712K, used 19516K [0x00000000f8000000, 0x00000000faab0000, 0x0000000100000000)
   the space 43712K,  44% used [0x00000000f8000000, 0x00000000f930f120, 0x00000000f930f200, 0x00000000faab0000)
 Metaspace       used 29822K, committed 30528K, reserved 180224K
  class space    used 3649K, committed 3968K, reserved 114688K
}
Event: 12.971 GC heap before
{Heap before GC invocations=9 (full 1):
 def new generation   total 19776K, used 19758K [0x00000000f4000000, 0x00000000f5570000, 0x00000000f8000000)
  eden space 17600K, 100% used [0x00000000f4000000, 0x00000000f5130000, 0x00000000f5130000)
  from space 2176K,  99% used [0x00000000f5350000, 0x00000000f556bad8, 0x00000000f5570000)
  to   space 2176K,   0% used [0x00000000f5130000, 0x00000000f5130000, 0x00000000f5350000)
 tenured generation   total 43712K, used 19516K [0x00000000f8000000, 0x00000000faab0000, 0x0000000100000000)
   the space 43712K,  44% used [0x00000000f8000000, 0x00000000f930f120, 0x00000000f930f200, 0x00000000faab0000)
 Metaspace       used 32182K, committed 32896K, reserved 180224K
  class space    used 4040K, committed 4416K, reserved 114688K
}
Event: 12.980 GC heap after
{Heap after GC invocations=10 (full 1):
 def new generation   total 19776K, used 1099K [0x00000000f4000000, 0x00000000f5570000, 0x00000000f8000000)
  eden space 17600K,   0% used [0x00000000f4000000, 0x00000000f4000000, 0x00000000f5130000)
  from space 2176K,  50% used [0x00000000f5130000, 0x00000000f5242f58, 0x00000000f5350000)
  to   space 2176K,   0% used [0x00000000f5350000, 0x00000000f5350000, 0x00000000f5570000)
 tenured generation   total 43712K, used 21658K [0x00000000f8000000, 0x00000000faab0000, 0x0000000100000000)
   the space 43712K,  49% used [0x00000000f8000000, 0x00000000f9526a78, 0x00000000f9526c00, 0x00000000faab0000)
 Metaspace       used 32182K, committed 32896K, reserved 180224K
  class space    used 4040K, committed 4416K, reserved 114688K
}
Event: 13.494 GC heap before
{Heap before GC invocations=10 (full 1):
 def new generation   total 19776K, used 18699K [0x00000000f4000000, 0x00000000f5570000, 0x00000000f8000000)
  eden space 17600K, 100% used [0x00000000f4000000, 0x00000000f5130000, 0x00000000f5130000)
  from space 2176K,  50% used [0x00000000f5130000, 0x00000000f5242f58, 0x00000000f5350000)
  to   space 2176K,   0% used [0x00000000f5350000, 0x00000000f5350000, 0x00000000f5570000)
 tenured generation   total 43712K, used 21658K [0x00000000f8000000, 0x00000000faab0000, 0x0000000100000000)
   the space 43712K,  49% used [0x00000000f8000000, 0x00000000f9526a78, 0x00000000f9526c00, 0x00000000faab0000)
 Metaspace       used 34579K, committed 35520K, reserved 180224K
  class space    used 4425K, committed 4864K, reserved 114688K
}
Event: 13.502 GC heap after
{Heap after GC invocations=11 (full 1):
 def new generation   total 19776K, used 1196K [0x00000000f4000000, 0x00000000f5570000, 0x00000000f8000000)
  eden space 17600K,   0% used [0x00000000f4000000, 0x00000000f4000000, 0x00000000f5130000)
  from space 2176K,  54% used [0x00000000f5350000, 0x00000000f547b290, 0x00000000f5570000)
  to   space 2176K,   0% used [0x00000000f5130000, 0x00000000f5130000, 0x00000000f5350000)
 tenured generation   total 43712K, used 22751K [0x00000000f8000000, 0x00000000faab0000, 0x0000000100000000)
   the space 43712K,  52% used [0x00000000f8000000, 0x00000000f9637f38, 0x00000000f9638000, 0x00000000faab0000)
 Metaspace       used 34579K, committed 35520K, reserved 180224K
  class space    used 4425K, committed 4864K, reserved 114688K
}
Event: 13.550 GC heap before
{Heap before GC invocations=11 (full 1):
 def new generation   total 19776K, used 4070K [0x00000000f4000000, 0x00000000f5570000, 0x00000000f8000000)
  eden space 17600K,  16% used [0x00000000f4000000, 0x00000000f42ce8e0, 0x00000000f5130000)
  from space 2176K,  54% used [0x00000000f5350000, 0x00000000f547b290, 0x00000000f5570000)
  to   space 2176K,   0% used [0x00000000f5130000, 0x00000000f5130000, 0x00000000f5350000)
 tenured generation   total 43712K, used 22751K [0x00000000f8000000, 0x00000000faab0000, 0x0000000100000000)
   the space 43712K,  52% used [0x00000000f8000000, 0x00000000f9637f38, 0x00000000f9638000, 0x00000000faab0000)
 Metaspace       used 34948K, committed 35840K, reserved 180224K
  class space    used 4490K, committed 4928K, reserved 114688K
}
Event: 13.589 GC heap after
{Heap after GC invocations=12 (full 2):
 def new generation   total 19776K, used 0K [0x00000000f4000000, 0x00000000f5570000, 0x00000000f8000000)
  eden space 17600K,   0% used [0x00000000f4000000, 0x00000000f4000000, 0x00000000f5130000)
  from space 2176K,   0% used [0x00000000f5350000, 0x00000000f5350000, 0x00000000f5570000)
  to   space 2176K,   0% used [0x00000000f5130000, 0x00000000f5130000, 0x00000000f5350000)
 tenured generation   total 43712K, used 24061K [0x00000000f8000000, 0x00000000faab0000, 0x0000000100000000)
   the space 43712K,  55% used [0x00000000f8000000, 0x00000000f977f400, 0x00000000f977f400, 0x00000000faab0000)
 Metaspace       used 34948K, committed 35840K, reserved 180224K
  class space    used 4490K, committed 4928K, reserved 114688K
}
Event: 13.896 GC heap before
{Heap before GC invocations=12 (full 2):
 def new generation   total 19776K, used 17600K [0x00000000f4000000, 0x00000000f5570000, 0x00000000f8000000)
  eden space 17600K, 100% used [0x00000000f4000000, 0x00000000f5130000, 0x00000000f5130000)
  from space 2176K,   0% used [0x00000000f5350000, 0x00000000f5350000, 0x00000000f5570000)
  to   space 2176K,   0% used [0x00000000f5130000, 0x00000000f5130000, 0x00000000f5350000)
 tenured generation   total 43712K, used 24061K [0x00000000f8000000, 0x00000000faab0000, 0x0000000100000000)
   the space 43712K,  55% used [0x00000000f8000000, 0x00000000f977f400, 0x00000000f977f400, 0x00000000faab0000)
 Metaspace       used 37392K, committed 38528K, reserved 180224K
  class space    used 4896K, committed 5440K, reserved 114688K
}
Event: 13.901 GC heap after
{Heap after GC invocations=13 (full 2):
 def new generation   total 19776K, used 800K [0x00000000f4000000, 0x00000000f5570000, 0x00000000f8000000)
  eden space 17600K,   0% used [0x00000000f4000000, 0x00000000f4000000, 0x00000000f5130000)
  from space 2176K,  36% used [0x00000000f5130000, 0x00000000f51f8300, 0x00000000f5350000)
  to   space 2176K,   0% used [0x00000000f5350000, 0x00000000f5350000, 0x00000000f5570000)
 tenured generation   total 43712K, used 24061K [0x00000000f8000000, 0x00000000faab0000, 0x0000000100000000)
   the space 43712K,  55% used [0x00000000f8000000, 0x00000000f977f400, 0x00000000f977f400, 0x00000000faab0000)
 Metaspace       used 37392K, committed 38528K, reserved 180224K
  class space    used 4896K, committed 5440K, reserved 114688K
}
Event: 14.299 GC heap before
{Heap before GC invocations=13 (full 2):
 def new generation   total 19776K, used 18400K [0x00000000f4000000, 0x00000000f5570000, 0x00000000f8000000)
  eden space 17600K, 100% used [0x00000000f4000000, 0x00000000f5130000, 0x00000000f5130000)
  from space 2176K,  36% used [0x00000000f5130000, 0x00000000f51f8300, 0x00000000f5350000)
  to   space 2176K,   0% used [0x00000000f5350000, 0x00000000f5350000, 0x00000000f5570000)
 tenured generation   total 43712K, used 24061K [0x00000000f8000000, 0x00000000faab0000, 0x0000000100000000)
   the space 43712K,  55% used [0x00000000f8000000, 0x00000000f977f400, 0x00000000f977f400, 0x00000000faab0000)
 Metaspace       used 39501K, committed 40768K, reserved 180224K
  class space    used 5259K, committed 5888K, reserved 114688K
}
Event: 14.304 GC heap after
{Heap after GC invocations=14 (full 2):
 def new generation   total 19776K, used 1699K [0x00000000f4000000, 0x00000000f5570000, 0x00000000f8000000)
  eden space 17600K,   0% used [0x00000000f4000000, 0x00000000f4000000, 0x00000000f5130000)
  from space 2176K,  78% used [0x00000000f5350000, 0x00000000f54f8d08, 0x00000000f5570000)
  to   space 2176K,   0% used [0x00000000f5130000, 0x00000000f5130000, 0x00000000f5350000)
 tenured generation   total 43712K, used 24061K [0x00000000f8000000, 0x00000000faab0000, 0x0000000100000000)
   the space 43712K,  55% used [0x00000000f8000000, 0x00000000f977f400, 0x00000000f977f400, 0x00000000faab0000)
 Metaspace       used 39501K, committed 40768K, reserved 180224K
  class space    used 5259K, committed 5888K, reserved 114688K
}
Event: 14.624 GC heap before
{Heap before GC invocations=14 (full 2):
 def new generation   total 19776K, used 19138K [0x00000000f4000000, 0x00000000f5570000, 0x00000000f8000000)
  eden space 17600K,  99% used [0x00000000f4000000, 0x00000000f5107d98, 0x00000000f5130000)
  from space 2176K,  78% used [0x00000000f5350000, 0x00000000f54f8d08, 0x00000000f5570000)
  to   space 2176K,   0% used [0x00000000f5130000, 0x00000000f5130000, 0x00000000f5350000)
 tenured generation   total 43712K, used 24061K [0x00000000f8000000, 0x00000000faab0000, 0x0000000100000000)
   the space 43712K,  55% used [0x00000000f8000000, 0x00000000f977f400, 0x00000000f977f400, 0x00000000faab0000)
 Metaspace       used 42028K, committed 43328K, reserved 180224K
  class space    used 5629K, committed 6272K, reserved 114688K
}
Event: 14.633 GC heap after
{Heap after GC invocations=15 (full 2):
 def new generation   total 19776K, used 2175K [0x00000000f4000000, 0x00000000f5570000, 0x00000000f8000000)
  eden space 17600K,   0% used [0x00000000f4000000, 0x00000000f4000000, 0x00000000f5130000)
  from space 2176K,  99% used [0x00000000f5130000, 0x00000000f534fff8, 0x00000000f5350000)
  to   space 2176K,   0% used [0x00000000f5350000, 0x00000000f5350000, 0x00000000f5570000)
 tenured generation   total 43712K, used 24988K [0x00000000f8000000, 0x00000000faab0000, 0x0000000100000000)
   the space 43712K,  57% used [0x00000000f8000000, 0x00000000f9867248, 0x00000000f9867400, 0x00000000faab0000)
 Metaspace       used 42028K, committed 43328K, reserved 180224K
  class space    used 5629K, committed 6272K, reserved 114688K
}
Event: 16.819 GC heap before
{Heap before GC invocations=15 (full 2):
 def new generation   total 19776K, used 19775K [0x00000000f4000000, 0x00000000f5570000, 0x00000000f8000000)
  eden space 17600K, 100% used [0x00000000f4000000, 0x00000000f5130000, 0x00000000f5130000)
  from space 2176K,  99% used [0x00000000f5130000, 0x00000000f534fff8, 0x00000000f5350000)
  to   space 2176K,   0% used [0x00000000f5350000, 0x00000000f5350000, 0x00000000f5570000)
 tenured generation   total 43712K, used 24988K [0x00000000f8000000, 0x00000000faab0000, 0x0000000100000000)
   the space 43712K,  57% used [0x00000000f8000000, 0x00000000f9867248, 0x00000000f9867400, 0x00000000faab0000)
 Metaspace       used 45638K, committed 47040K, reserved 180224K
  class space    used 6055K, committed 6720K, reserved 114688K
}
Event: 16.831 GC heap after
{Heap after GC invocations=16 (full 2):
 def new generation   total 19776K, used 1936K [0x00000000f4000000, 0x00000000f5570000, 0x00000000f8000000)
  eden space 17600K,   0% used [0x00000000f4000000, 0x00000000f4000000, 0x00000000f5130000)
  from space 2176K,  89% used [0x00000000f5350000, 0x00000000f5534380, 0x00000000f5570000)
  to   space 2176K,   0% used [0x00000000f5130000, 0x00000000f5130000, 0x00000000f5350000)
 tenured generation   total 43712K, used 26807K [0x00000000f8000000, 0x00000000faab0000, 0x0000000100000000)
   the space 43712K,  61% used [0x00000000f8000000, 0x00000000f9a2dcd8, 0x00000000f9a2de00, 0x00000000faab0000)
 Metaspace       used 45638K, committed 47040K, reserved 180224K
  class space    used 6055K, committed 6720K, reserved 114688K
}

