# JRE version: OpenJDK Runtime Environment Temurin-21.0.11+10 (21.0.11+10) (build 21.0.11+10-LTS)
# Java VM: OpenJDK 64-Bit Server VM Temurin-21.0.11+10 (21.0.11+10-LTS, mixed mode, sharing, tiered, compressed oops, compressed class ptrs, g1 gc, windows-amd64)
GC Precious Log:
 CardTable entry size: 512
 Card Set container configuration: InlinePtr #cards 5 size 8 Array Of Cards #cards 12 size 40 Howl #buckets 4 coarsen threshold 1843 Howl Bitmap #cards 512 size 80 coarsen threshold 460 Card regions per heap region 1 cards per card region 2048
 CPUs: 8 total, 8 available
 Memory: 3615M
 Large Page Support: Disabled
 NUMA Support: Disabled
 Compressed Oops: Enabled (32-bit)
 Heap Region Size: 1M
 Heap Min Capacity: 256M
 Heap Initial Capacity: 256M
 Heap Max Capacity: 512M
 Pre-touch: Disabled
 Parallel Workers: 8
 Concurrent Workers: 2
 Concurrent Refinement Workers: 8
 Periodic GC: Disabled
Heap:
 garbage-first heap   total 262144K, used 162000K [0x00000000e0000000, 0x0000000100000000)
  region size 1024K, 112 young (114688K), 7 survivors (7168K)
 Metaspace       used 63749K, committed 65984K, reserved 393216K
  class space    used 9453K, committed 10560K, reserved 327680K
GC Heap History (18 events):
Event: 4.522 GC heap before
{Heap before GC invocations=0 (full 0):
 garbage-first heap   total 262144K, used 26624K [0x00000000e0000000, 0x0000000100000000)
  region size 1024K, 23 young (23552K), 0 survivors (0K)
 Metaspace       used 2922K, committed 3072K, reserved 393216K
  class space    used 346K, committed 384K, reserved 327680K
}
Event: 4.542 GC heap after
{Heap after GC invocations=1 (full 0):
 garbage-first heap   total 262144K, used 11246K [0x00000000e0000000, 0x0000000100000000)
  region size 1024K, 3 young (3072K), 3 survivors (3072K)
 Metaspace       used 2922K, committed 3072K, reserved 393216K
  class space    used 346K, committed 384K, reserved 327680K
}
Event: 6.366 GC heap before
{Heap before GC invocations=1 (full 0):
 garbage-first heap   total 262144K, used 41966K [0x00000000e0000000, 0x0000000100000000)
  region size 1024K, 31 young (31744K), 3 survivors (3072K)
 Metaspace       used 4665K, committed 4864K, reserved 393216K
  class space    used 591K, committed 704K, reserved 327680K
}
Event: 6.371 GC heap after
{Heap after GC invocations=2 (full 0):
 garbage-first heap   total 262144K, used 14436K [0x00000000e0000000, 0x0000000100000000)
  region size 1024K, 3 young (3072K), 3 survivors (3072K)
 Metaspace       used 4665K, committed 4864K, reserved 393216K
  class space    used 591K, committed 704K, reserved 327680K
}
Event: 24.455 GC heap before
{Heap before GC invocations=2 (full 0):
 garbage-first heap   total 262144K, used 106596K [0x00000000e0000000, 0x0000000100000000)
  region size 1024K, 93 young (95232K), 3 survivors (3072K)
 Metaspace       used 18395K, committed 19008K, reserved 393216K
  class space    used 2571K, committed 2880K, reserved 327680K
}
Event: 24.482 GC heap after
{Heap after GC invocations=3 (full 0):
 garbage-first heap   total 262144K, used 23065K [0x00000000e0000000, 0x0000000100000000)
  region size 1024K, 11 young (11264K), 11 survivors (11264K)
 Metaspace       used 18395K, committed 19008K, reserved 393216K
  class space    used 2571K, committed 2880K, reserved 327680K
}
Event: 26.248 GC heap before
{Heap before GC invocations=3 (full 0):
 garbage-first heap   total 262144K, used 41497K [0x00000000e0000000, 0x0000000100000000)
  region size 1024K, 30 young (30720K), 11 survivors (11264K)
 Metaspace       used 20851K, committed 21504K, reserved 393216K
  class space    used 2998K, committed 3328K, reserved 327680K
}
Event: 26.314 GC heap after
{Heap after GC invocations=4 (full 0):
 garbage-first heap   total 262144K, used 24754K [0x00000000e0000000, 0x0000000100000000)
  region size 1024K, 2 young (2048K), 2 survivors (2048K)
 Metaspace       used 20851K, committed 21504K, reserved 393216K
  class space    used 2998K, committed 3328K, reserved 327680K
}
Event: 43.716 GC heap before
{Heap before GC invocations=5 (full 0):
 garbage-first heap   total 262144K, used 129202K [0x00000000e0000000, 0x0000000100000000)
  region size 1024K, 105 young (107520K), 2 survivors (2048K)
 Metaspace       used 34369K, committed 35776K, reserved 393216K
  class space    used 5081K, committed 5760K, reserved 327680K
}
Event: 43.813 GC heap after
{Heap after GC invocations=6 (full 0):
 garbage-first heap   total 262144K, used 30883K [0x00000000e0000000, 0x0000000100000000)
  region size 1024K, 8 young (8192K), 8 survivors (8192K)
 Metaspace       used 34369K, committed 35776K, reserved 393216K
  class space    used 5081K, committed 5760K, reserved 327680K
}
Event: 44.021 GC heap before
{Heap before GC invocations=6 (full 0):
 garbage-first heap   total 262144K, used 42147K [0x00000000e0000000, 0x0000000100000000)
  region size 1024K, 20 young (20480K), 8 survivors (8192K)
 Metaspace       used 34669K, committed 35968K, reserved 393216K
  class space    used 5119K, committed 5760K, reserved 327680K
}
Event: 44.109 GC heap after
{Heap after GC invocations=7 (full 0):
 garbage-first heap   total 262144K, used 31500K [0x00000000e0000000, 0x0000000100000000)
  region size 1024K, 9 young (9216K), 9 survivors (9216K)
 Metaspace       used 34669K, committed 35968K, reserved 393216K
  class space    used 5119K, committed 5760K, reserved 327680K
}
Event: 50.947 GC heap before
{Heap before GC invocations=8 (full 0):
 garbage-first heap   total 262144K, used 178956K [0x00000000e0000000, 0x0000000100000000)
  region size 1024K, 153 young (156672K), 9 survivors (9216K)
 Metaspace       used 37301K, committed 38592K, reserved 393216K
  class space    used 5574K, committed 6208K, reserved 327680K
}
Event: 51.040 GC heap after
{Heap after GC invocations=9 (full 0):
 garbage-first heap   total 262144K, used 40446K [0x00000000e0000000, 0x0000000100000000)
  region size 1024K, 18 young (18432K), 18 survivors (18432K)
 Metaspace       used 37301K, committed 38592K, reserved 393216K
  class space    used 5574K, committed 6208K, reserved 327680K
}
Event: 68.197 GC heap before
{Heap before GC invocations=9 (full 0):
 garbage-first heap   total 262144K, used 178686K [0x00000000e0000000, 0x0000000100000000)
  region size 1024K, 153 young (156672K), 18 survivors (18432K)
 Metaspace       used 52122K, committed 53888K, reserved 393216K
  class space    used 7742K, committed 8576K, reserved 327680K
}
Event: 68.402 GC heap after
{Heap after GC invocations=10 (full 0):
 garbage-first heap   total 262144K, used 49471K [0x00000000e0000000, 0x0000000100000000)
  region size 1024K, 20 young (20480K), 20 survivors (20480K)
 Metaspace       used 52122K, committed 53888K, reserved 393216K
  class space    used 7742K, committed 8576K, reserved 327680K
}
Event: 79.531 GC heap before
{Heap before GC invocations=10 (full 0):
 garbage-first heap   total 262144K, used 124223K [0x00000000e0000000, 0x0000000100000000)
  region size 1024K, 94 young (96256K), 20 survivors (20480K)
 Metaspace       used 58588K, committed 60608K, reserved 393216K
  class space    used 8802K, committed 9792K, reserved 327680K
}
Event: 79.631 GC heap after
{Heap after GC invocations=11 (full 0):
 garbage-first heap   total 262144K, used 56528K [0x00000000e0000000, 0x0000000100000000)
  region size 1024K, 7 young (7168K), 7 survivors (7168K)
 Metaspace       used 58588K, committed 60608K, reserved 393216K
  class space    used 8802K, committed 9792K, reserved 327680K
}

