# JRE version: OpenJDK Runtime Environment Temurin-21.0.11+10 (21.0.11+10) (build 21.0.11+10-LTS)
# Java VM: OpenJDK 64-Bit Server VM Temurin-21.0.11+10 (21.0.11+10-LTS, mixed mode, sharing, tiered, compressed oops, compressed class ptrs, serial gc, windows-amd64)
GC Precious Log:
 CardTable entry size: 512
 CPUs: 8 total, 8 available
 Memory: 3615M
 Large Page Support: Disabled
 NUMA Support: Disabled
 Compressed Oops: Enabled (32-bit)
 Heap Min Capacity: 64M
 Heap Initial Capacity: 64M
 Heap Max Capacity: 192M
 Pre-touch: Disabled
Heap:
 def new generation   total 19648K, used 9624K [0x00000000f4000000, 0x00000000f5550000, 0x00000000f8000000)
  eden space 17472K,  49% used [0x00000000f4000000, 0x00000000f487adf8, 0x00000000f5110000)
  from space 2176K,  43% used [0x00000000f5330000, 0x00000000f541b4a8, 0x00000000f5550000)
  to   space 2176K,   0% used [0x00000000f5110000, 0x00000000f5110000, 0x00000000f5330000)
 tenured generation   total 43712K, used 18659K [0x00000000f8000000, 0x00000000faab0000, 0x0000000100000000)
   the space 43712K,  42% used [0x00000000f8000000, 0x00000000f9238d78, 0x00000000f9238e00, 0x00000000faab0000)
 Metaspace       used 16305K, committed 16832K, reserved 180224K
  class space    used 2199K, committed 2432K, reserved 114688K
GC Heap History (14 events):
Event: 1.435 GC heap before
{Heap before GC invocations=0 (full 0):
 def new generation   total 19648K, used 16535K [0x00000000f4000000, 0x00000000f5550000, 0x00000000f8000000)
  eden space 17472K,  94% used [0x00000000f4000000, 0x00000000f5025c08, 0x00000000f5110000)
  from space 2176K,   0% used [0x00000000f5110000, 0x00000000f5110000, 0x00000000f5330000)
  to   space 2176K,   0% used [0x00000000f5330000, 0x00000000f5330000, 0x00000000f5550000)
 tenured generation   total 43712K, used 0K [0x00000000f8000000, 0x00000000faab0000, 0x0000000100000000)
   the space 43712K,   0% used [0x00000000f8000000, 0x00000000f8000000, 0x00000000f8000200, 0x00000000faab0000)
 Metaspace       used 1294K, committed 1472K, reserved 180224K
  class space    used 109K, committed 192K, reserved 114688K
}
Event: 1.441 GC heap after
{Heap after GC invocations=1 (full 0):
 def new generation   total 19648K, used 2176K [0x00000000f4000000, 0x00000000f5550000, 0x00000000f8000000)
  eden space 17472K,   0% used [0x00000000f4000000, 0x00000000f4000000, 0x00000000f5110000)
  from space 2176K, 100% used [0x00000000f5330000, 0x00000000f5550000, 0x00000000f5550000)
  to   space 2176K,   0% used [0x00000000f5110000, 0x00000000f5110000, 0x00000000f5330000)
 tenured generation   total 43712K, used 2631K [0x00000000f8000000, 0x00000000faab0000, 0x0000000100000000)
   the space 43712K,   6% used [0x00000000f8000000, 0x00000000f8291fa8, 0x00000000f8292000, 0x00000000faab0000)
 Metaspace       used 1294K, committed 1472K, reserved 180224K
  class space    used 109K, committed 192K, reserved 114688K
}
Event: 3.791 GC heap before
{Heap before GC invocations=1 (full 0):
 def new generation   total 19648K, used 19648K [0x00000000f4000000, 0x00000000f5550000, 0x00000000f8000000)
  eden space 17472K, 100% used [0x00000000f4000000, 0x00000000f5110000, 0x00000000f5110000)
  from space 2176K, 100% used [0x00000000f5330000, 0x00000000f5550000, 0x00000000f5550000)
  to   space 2176K,   0% used [0x00000000f5110000, 0x00000000f5110000, 0x00000000f5330000)
 tenured generation   total 43712K, used 2631K [0x00000000f8000000, 0x00000000faab0000, 0x0000000100000000)
   the space 43712K,   6% used [0x00000000f8000000, 0x00000000f8291fa8, 0x00000000f8292000, 0x00000000faab0000)
 Metaspace       used 4546K, committed 4800K, reserved 180224K
  class space    used 585K, committed 704K, reserved 114688K
}
Event: 3.801 GC heap after
{Heap after GC invocations=2 (full 0):
 def new generation   total 19648K, used 2175K [0x00000000f4000000, 0x00000000f5550000, 0x00000000f8000000)
  eden space 17472K,   0% used [0x00000000f4000000, 0x00000000f4000000, 0x00000000f5110000)
  from space 2176K,  99% used [0x00000000f5110000, 0x00000000f532fff8, 0x00000000f5330000)
  to   space 2176K,   0% used [0x00000000f5330000, 0x00000000f5330000, 0x00000000f5550000)
 tenured generation   total 43712K, used 8188K [0x00000000f8000000, 0x00000000faab0000, 0x0000000100000000)
   the space 43712K,  18% used [0x00000000f8000000, 0x00000000f87ff160, 0x00000000f87ff200, 0x00000000faab0000)
 Metaspace       used 4546K, committed 4800K, reserved 180224K
  class space    used 585K, committed 704K, reserved 114688K
}
Event: 7.795 GC heap before
{Heap before GC invocations=2 (full 0):
 def new generation   total 19648K, used 19647K [0x00000000f4000000, 0x00000000f5550000, 0x00000000f8000000)
  eden space 17472K, 100% used [0x00000000f4000000, 0x00000000f5110000, 0x00000000f5110000)
  from space 2176K,  99% used [0x00000000f5110000, 0x00000000f532fff8, 0x00000000f5330000)
  to   space 2176K,   0% used [0x00000000f5330000, 0x00000000f5330000, 0x00000000f5550000)
 tenured generation   total 43712K, used 8188K [0x00000000f8000000, 0x00000000faab0000, 0x0000000100000000)
   the space 43712K,  18% used [0x00000000f8000000, 0x00000000f87ff160, 0x00000000f87ff200, 0x00000000faab0000)
 Metaspace       used 4624K, committed 4864K, reserved 180224K
  class space    used 589K, committed 704K, reserved 114688K
}
Event: 7.798 GC heap after
{Heap after GC invocations=3 (full 0):
 def new generation   total 19648K, used 434K [0x00000000f4000000, 0x00000000f5550000, 0x00000000f8000000)
  eden space 17472K,   0% used [0x00000000f4000000, 0x00000000f4000000, 0x00000000f5110000)
  from space 2176K,  19% used [0x00000000f5330000, 0x00000000f539cba8, 0x00000000f5550000)
  to   space 2176K,   0% used [0x00000000f5110000, 0x00000000f5110000, 0x00000000f5330000)
 tenured generation   total 43712K, used 10356K [0x00000000f8000000, 0x00000000faab0000, 0x0000000100000000)
   the space 43712K,  23% used [0x00000000f8000000, 0x00000000f8a1d138, 0x00000000f8a1d200, 0x00000000faab0000)
 Metaspace       used 4624K, committed 4864K, reserved 180224K
  class space    used 589K, committed 704K, reserved 114688K
}
Event: 17.123 GC heap before
{Heap before GC invocations=3 (full 0):
 def new generation   total 19648K, used 17906K [0x00000000f4000000, 0x00000000f5550000, 0x00000000f8000000)
  eden space 17472K, 100% used [0x00000000f4000000, 0x00000000f5110000, 0x00000000f5110000)
  from space 2176K,  19% used [0x00000000f5330000, 0x00000000f539cba8, 0x00000000f5550000)
  to   space 2176K,   0% used [0x00000000f5110000, 0x00000000f5110000, 0x00000000f5330000)
 tenured generation   total 43712K, used 10356K [0x00000000f8000000, 0x00000000faab0000, 0x0000000100000000)
   the space 43712K,  23% used [0x00000000f8000000, 0x00000000f8a1d138, 0x00000000f8a1d200, 0x00000000faab0000)
 Metaspace       used 4743K, committed 4928K, reserved 180224K
  class space    used 590K, committed 704K, reserved 114688K
}
Event: 17.126 GC heap after
{Heap after GC invocations=4 (full 0):
 def new generation   total 19648K, used 2176K [0x00000000f4000000, 0x00000000f5550000, 0x00000000f8000000)
  eden space 17472K,   0% used [0x00000000f4000000, 0x00000000f4000000, 0x00000000f5110000)
  from space 2176K, 100% used [0x00000000f5110000, 0x00000000f5330000, 0x00000000f5330000)
  to   space 2176K,   0% used [0x00000000f5330000, 0x00000000f5330000, 0x00000000f5550000)
 tenured generation   total 43712K, used 12654K [0x00000000f8000000, 0x00000000faab0000, 0x0000000100000000)
   the space 43712K,  28% used [0x00000000f8000000, 0x00000000f8c5ba48, 0x00000000f8c5bc00, 0x00000000faab0000)
 Metaspace       used 4743K, committed 4928K, reserved 180224K
  class space    used 590K, committed 704K, reserved 114688K
}
Event: 24.230 GC heap before
{Heap before GC invocations=4 (full 0):
 def new generation   total 19648K, used 19648K [0x00000000f4000000, 0x00000000f5550000, 0x00000000f8000000)
  eden space 17472K, 100% used [0x00000000f4000000, 0x00000000f5110000, 0x00000000f5110000)
  from space 2176K, 100% used [0x00000000f5110000, 0x00000000f5330000, 0x00000000f5330000)
  to   space 2176K,   0% used [0x00000000f5330000, 0x00000000f5330000, 0x00000000f5550000)
 tenured generation   total 43712K, used 12654K [0x00000000f8000000, 0x00000000faab0000, 0x0000000100000000)
   the space 43712K,  28% used [0x00000000f8000000, 0x00000000f8c5ba48, 0x00000000f8c5bc00, 0x00000000faab0000)
 Metaspace       used 6511K, committed 6720K, reserved 180224K
  class space    used 862K, committed 960K, reserved 114688K
}
Event: 24.235 GC heap after
{Heap after GC invocations=5 (full 0):
 def new generation   total 19648K, used 1939K [0x00000000f4000000, 0x00000000f5550000, 0x00000000f8000000)
  eden space 17472K,   0% used [0x00000000f4000000, 0x00000000f4000000, 0x00000000f5110000)
  from space 2176K,  89% used [0x00000000f5330000, 0x00000000f5514d28, 0x00000000f5550000)
  to   space 2176K,   0% used [0x00000000f5110000, 0x00000000f5110000, 0x00000000f5330000)
 tenured generation   total 43712K, used 14818K [0x00000000f8000000, 0x00000000faab0000, 0x0000000100000000)
   the space 43712K,  33% used [0x00000000f8000000, 0x00000000f8e78a70, 0x00000000f8e78c00, 0x00000000faab0000)
 Metaspace       used 6511K, committed 6720K, reserved 180224K
  class space    used 862K, committed 960K, reserved 114688K
}
Event: 24.776 GC heap before
{Heap before GC invocations=5 (full 0):
 def new generation   total 19648K, used 19411K [0x00000000f4000000, 0x00000000f5550000, 0x00000000f8000000)
  eden space 17472K, 100% used [0x00000000f4000000, 0x00000000f5110000, 0x00000000f5110000)
  from space 2176K,  89% used [0x00000000f5330000, 0x00000000f5514d28, 0x00000000f5550000)
  to   space 2176K,   0% used [0x00000000f5110000, 0x00000000f5110000, 0x00000000f5330000)
 tenured generation   total 43712K, used 14818K [0x00000000f8000000, 0x00000000faab0000, 0x0000000100000000)
   the space 43712K,  33% used [0x00000000f8000000, 0x00000000f8e78a70, 0x00000000f8e78c00, 0x00000000faab0000)
 Metaspace       used 11434K, committed 11776K, reserved 180224K
  class space    used 1507K, committed 1664K, reserved 114688K
}
Event: 24.784 GC heap after
{Heap after GC invocations=6 (full 0):
 def new generation   total 19648K, used 1968K [0x00000000f4000000, 0x00000000f5550000, 0x00000000f8000000)
  eden space 17472K,   0% used [0x00000000f4000000, 0x00000000f4000000, 0x00000000f5110000)
  from space 2176K,  90% used [0x00000000f5110000, 0x00000000f52fc290, 0x00000000f5330000)
  to   space 2176K,   0% used [0x00000000f5330000, 0x00000000f5330000, 0x00000000f5550000)
 tenured generation   total 43712K, used 16726K [0x00000000f8000000, 0x00000000faab0000, 0x0000000100000000)
   the space 43712K,  38% used [0x00000000f8000000, 0x00000000f9055868, 0x00000000f9055a00, 0x00000000faab0000)
 Metaspace       used 11434K, committed 11776K, reserved 180224K
  class space    used 1507K, committed 1664K, reserved 114688K
}
Event: 28.143 GC heap before
{Heap before GC invocations=6 (full 0):
 def new generation   total 19648K, used 19440K [0x00000000f4000000, 0x00000000f5550000, 0x00000000f8000000)
  eden space 17472K, 100% used [0x00000000f4000000, 0x00000000f5110000, 0x00000000f5110000)
  from space 2176K,  90% used [0x00000000f5110000, 0x00000000f52fc290, 0x00000000f5330000)
  to   space 2176K,   0% used [0x00000000f5330000, 0x00000000f5330000, 0x00000000f5550000)
 tenured generation   total 43712K, used 16726K [0x00000000f8000000, 0x00000000faab0000, 0x0000000100000000)
   the space 43712K,  38% used [0x00000000f8000000, 0x00000000f9055868, 0x00000000f9055a00, 0x00000000faab0000)
 Metaspace       used 14784K, committed 15232K, reserved 180224K
  class space    used 2005K, committed 2240K, reserved 114688K
}
Event: 28.150 GC heap after
{Heap after GC invocations=7 (full 0):
 def new generation   total 19648K, used 941K [0x00000000f4000000, 0x00000000f5550000, 0x00000000f8000000)
  eden space 17472K,   0% used [0x00000000f4000000, 0x00000000f4000000, 0x00000000f5110000)
  from space 2176K,  43% used [0x00000000f5330000, 0x00000000f541b4a8, 0x00000000f5550000)
  to   space 2176K,   0% used [0x00000000f5110000, 0x00000000f5110000, 0x00000000f5330000)
 tenured generation   total 43712K, used 18659K [0x00000000f8000000, 0x00000000faab0000, 0x0000000100000000)
   the space 43712K,  42% used [0x00000000f8000000, 0x00000000f9238d78, 0x00000000f9238e00, 0x00000000faab0000)
 Metaspace       used 14784K, committed 15232K, reserved 180224K
  class space    used 2005K, committed 2240K, reserved 114688K
}

