# JRE version: OpenJDK Runtime Environment Temurin-21.0.11+10 (21.0.11+10) (build 21.0.11+10-LTS)
# Java VM: OpenJDK 64-Bit Server VM Temurin-21.0.11+10 (21.0.11+10-LTS, mixed mode, sharing, tiered, compressed oops, compressed class ptrs, serial gc, windows-amd64)
GC Precious Log:
 CardTable entry size: 512
 CPUs: 8 total, 8 available
 Memory: 3615M
 Large Page Support: Disabled
 NUMA Support: Disabled
 Compressed Oops: Enabled (32-bit)
 Heap Min Capacity: 64M
 Heap Initial Capacity: 64M
 Heap Max Capacity: 192M
 Pre-touch: Disabled
Heap:
 def new generation   total 19648K, used 14990K [0x00000000f4000000, 0x00000000f5550000, 0x00000000f8000000)
  eden space 17472K,  80% used [0x00000000f4000000, 0x00000000f4db99e0, 0x00000000f5110000)
  from space 2176K,  42% used [0x00000000f5330000, 0x00000000f5419e60, 0x00000000f5550000)
  to   space 2176K,   0% used [0x00000000f5110000, 0x00000000f5110000, 0x00000000f5330000)
 tenured generation   total 43712K, used 18660K [0x00000000f8000000, 0x00000000faab0000, 0x0000000100000000)
   the space 43712K,  42% used [0x00000000f8000000, 0x00000000f9239128, 0x00000000f9239200, 0x00000000faab0000)
 Metaspace       used 17263K, committed 17792K, reserved 180224K
  class space    used 2361K, committed 2560K, reserved 114688K
GC Heap History (14 events):
Event: 0.606 GC heap before
{Heap before GC invocations=0 (full 0):
 def new generation   total 19648K, used 16534K [0x00000000f4000000, 0x00000000f5550000, 0x00000000f8000000)
  eden space 17472K,  94% used [0x00000000f4000000, 0x00000000f5025a58, 0x00000000f5110000)
  from space 2176K,   0% used [0x00000000f5110000, 0x00000000f5110000, 0x00000000f5330000)
  to   space 2176K,   0% used [0x00000000f5330000, 0x00000000f5330000, 0x00000000f5550000)
 tenured generation   total 43712K, used 0K [0x00000000f8000000, 0x00000000faab0000, 0x0000000100000000)
   the space 43712K,   0% used [0x00000000f8000000, 0x00000000f8000000, 0x00000000f8000200, 0x00000000faab0000)
 Metaspace       used 1290K, committed 1472K, reserved 180224K
  class space    used 109K, committed 192K, reserved 114688K
}
Event: 0.613 GC heap after
{Heap after GC invocations=1 (full 0):
 def new generation   total 19648K, used 2176K [0x00000000f4000000, 0x00000000f5550000, 0x00000000f8000000)
  eden space 17472K,   0% used [0x00000000f4000000, 0x00000000f4000000, 0x00000000f5110000)
  from space 2176K, 100% used [0x00000000f5330000, 0x00000000f5550000, 0x00000000f5550000)
  to   space 2176K,   0% used [0x00000000f5110000, 0x00000000f5110000, 0x00000000f5330000)
 tenured generation   total 43712K, used 2632K [0x00000000f8000000, 0x00000000faab0000, 0x0000000100000000)
   the space 43712K,   6% used [0x00000000f8000000, 0x00000000f82920f8, 0x00000000f8292200, 0x00000000faab0000)
 Metaspace       used 1290K, committed 1472K, reserved 180224K
  class space    used 109K, committed 192K, reserved 114688K
}
Event: 1.005 GC heap before
{Heap before GC invocations=1 (full 0):
 def new generation   total 19648K, used 19648K [0x00000000f4000000, 0x00000000f5550000, 0x00000000f8000000)
  eden space 17472K, 100% used [0x00000000f4000000, 0x00000000f5110000, 0x00000000f5110000)
  from space 2176K, 100% used [0x00000000f5330000, 0x00000000f5550000, 0x00000000f5550000)
  to   space 2176K,   0% used [0x00000000f5110000, 0x00000000f5110000, 0x00000000f5330000)
 tenured generation   total 43712K, used 2632K [0x00000000f8000000, 0x00000000faab0000, 0x0000000100000000)
   the space 43712K,   6% used [0x00000000f8000000, 0x00000000f82920f8, 0x00000000f8292200, 0x00000000faab0000)
 Metaspace       used 4541K, committed 4800K, reserved 180224K
  class space    used 585K, committed 704K, reserved 114688K
}
Event: 1.013 GC heap after
{Heap after GC invocations=2 (full 0):
 def new generation   total 19648K, used 2176K [0x00000000f4000000, 0x00000000f5550000, 0x00000000f8000000)
  eden space 17472K,   0% used [0x00000000f4000000, 0x00000000f4000000, 0x00000000f5110000)
  from space 2176K, 100% used [0x00000000f5110000, 0x00000000f5330000, 0x00000000f5330000)
  to   space 2176K,   0% used [0x00000000f5330000, 0x00000000f5330000, 0x00000000f5550000)
 tenured generation   total 43712K, used 8189K [0x00000000f8000000, 0x00000000faab0000, 0x0000000100000000)
   the space 43712K,  18% used [0x00000000f8000000, 0x00000000f87ff420, 0x00000000f87ff600, 0x00000000faab0000)
 Metaspace       used 4541K, committed 4800K, reserved 180224K
  class space    used 585K, committed 704K, reserved 114688K
}
Event: 1.223 GC heap before
{Heap before GC invocations=2 (full 0):
 def new generation   total 19648K, used 19648K [0x00000000f4000000, 0x00000000f5550000, 0x00000000f8000000)
  eden space 17472K, 100% used [0x00000000f4000000, 0x00000000f5110000, 0x00000000f5110000)
  from space 2176K, 100% used [0x00000000f5110000, 0x00000000f5330000, 0x00000000f5330000)
  to   space 2176K,   0% used [0x00000000f5330000, 0x00000000f5330000, 0x00000000f5550000)
 tenured generation   total 43712K, used 8189K [0x00000000f8000000, 0x00000000faab0000, 0x0000000100000000)
   the space 43712K,  18% used [0x00000000f8000000, 0x00000000f87ff420, 0x00000000f87ff600, 0x00000000faab0000)
 Metaspace       used 4607K, committed 4800K, reserved 180224K
  class space    used 588K, committed 704K, reserved 114688K
}
Event: 1.227 GC heap after
{Heap after GC invocations=3 (full 0):
 def new generation   total 19648K, used 419K [0x00000000f4000000, 0x00000000f5550000, 0x00000000f8000000)
  eden space 17472K,   0% used [0x00000000f4000000, 0x00000000f4000000, 0x00000000f5110000)
  from space 2176K,  19% used [0x00000000f5330000, 0x00000000f5398da0, 0x00000000f5550000)
  to   space 2176K,   0% used [0x00000000f5110000, 0x00000000f5110000, 0x00000000f5330000)
 tenured generation   total 43712K, used 10361K [0x00000000f8000000, 0x00000000faab0000, 0x0000000100000000)
   the space 43712K,  23% used [0x00000000f8000000, 0x00000000f8a1e5d8, 0x00000000f8a1e600, 0x00000000faab0000)
 Metaspace       used 4607K, committed 4800K, reserved 180224K
  class space    used 588K, committed 704K, reserved 114688K
}
Event: 1.508 GC heap before
{Heap before GC invocations=3 (full 0):
 def new generation   total 19648K, used 17891K [0x00000000f4000000, 0x00000000f5550000, 0x00000000f8000000)
  eden space 17472K, 100% used [0x00000000f4000000, 0x00000000f5110000, 0x00000000f5110000)
  from space 2176K,  19% used [0x00000000f5330000, 0x00000000f5398da0, 0x00000000f5550000)
  to   space 2176K,   0% used [0x00000000f5110000, 0x00000000f5110000, 0x00000000f5330000)
 tenured generation   total 43712K, used 10361K [0x00000000f8000000, 0x00000000faab0000, 0x0000000100000000)
   the space 43712K,  23% used [0x00000000f8000000, 0x00000000f8a1e5d8, 0x00000000f8a1e600, 0x00000000faab0000)
 Metaspace       used 4745K, committed 4928K, reserved 180224K
  class space    used 588K, committed 704K, reserved 114688K
}
Event: 1.513 GC heap after
{Heap after GC invocations=4 (full 0):
 def new generation   total 19648K, used 2176K [0x00000000f4000000, 0x00000000f5550000, 0x00000000f8000000)
  eden space 17472K,   0% used [0x00000000f4000000, 0x00000000f4000000, 0x00000000f5110000)
  from space 2176K, 100% used [0x00000000f5110000, 0x00000000f5330000, 0x00000000f5330000)
  to   space 2176K,   0% used [0x00000000f5330000, 0x00000000f5330000, 0x00000000f5550000)
 tenured generation   total 43712K, used 12651K [0x00000000f8000000, 0x00000000faab0000, 0x0000000100000000)
   the space 43712K,  28% used [0x00000000f8000000, 0x00000000f8c5ac20, 0x00000000f8c5ae00, 0x00000000faab0000)
 Metaspace       used 4745K, committed 4928K, reserved 180224K
  class space    used 588K, committed 704K, reserved 114688K
}
Event: 1.857 GC heap before
{Heap before GC invocations=4 (full 0):
 def new generation   total 19648K, used 19648K [0x00000000f4000000, 0x00000000f5550000, 0x00000000f8000000)
  eden space 17472K, 100% used [0x00000000f4000000, 0x00000000f5110000, 0x00000000f5110000)
  from space 2176K, 100% used [0x00000000f5110000, 0x00000000f5330000, 0x00000000f5330000)
  to   space 2176K,   0% used [0x00000000f5330000, 0x00000000f5330000, 0x00000000f5550000)
 tenured generation   total 43712K, used 12651K [0x00000000f8000000, 0x00000000faab0000, 0x0000000100000000)
   the space 43712K,  28% used [0x00000000f8000000, 0x00000000f8c5ac20, 0x00000000f8c5ae00, 0x00000000faab0000)
 Metaspace       used 6514K, committed 6720K, reserved 180224K
  class space    used 860K, committed 960K, reserved 114688K
}
Event: 1.866 GC heap after
{Heap after GC invocations=5 (full 0):
 def new generation   total 19648K, used 1940K [0x00000000f4000000, 0x00000000f5550000, 0x00000000f8000000)
  eden space 17472K,   0% used [0x00000000f4000000, 0x00000000f4000000, 0x00000000f5110000)
  from space 2176K,  89% used [0x00000000f5330000, 0x00000000f5515378, 0x00000000f5550000)
  to   space 2176K,   0% used [0x00000000f5110000, 0x00000000f5110000, 0x00000000f5330000)
 tenured generation   total 43712K, used 14816K [0x00000000f8000000, 0x00000000faab0000, 0x0000000100000000)
   the space 43712K,  33% used [0x00000000f8000000, 0x00000000f8e78118, 0x00000000f8e78200, 0x00000000faab0000)
 Metaspace       used 6514K, committed 6720K, reserved 180224K
  class space    used 860K, committed 960K, reserved 114688K
}
Event: 2.423 GC heap before
{Heap before GC invocations=5 (full 0):
 def new generation   total 19648K, used 19412K [0x00000000f4000000, 0x00000000f5550000, 0x00000000f8000000)
  eden space 17472K, 100% used [0x00000000f4000000, 0x00000000f5110000, 0x00000000f5110000)
  from space 2176K,  89% used [0x00000000f5330000, 0x00000000f5515378, 0x00000000f5550000)
  to   space 2176K,   0% used [0x00000000f5110000, 0x00000000f5110000, 0x00000000f5330000)
 tenured generation   total 43712K, used 14816K [0x00000000f8000000, 0x00000000faab0000, 0x0000000100000000)
   the space 43712K,  33% used [0x00000000f8000000, 0x00000000f8e78118, 0x00000000f8e78200, 0x00000000faab0000)
 Metaspace       used 11428K, committed 11776K, reserved 180224K
  class space    used 1504K, committed 1664K, reserved 114688K
}
Event: 2.440 GC heap after
{Heap after GC invocations=6 (full 0):
 def new generation   total 19648K, used 1948K [0x00000000f4000000, 0x00000000f5550000, 0x00000000f8000000)
  eden space 17472K,   0% used [0x00000000f4000000, 0x00000000f4000000, 0x00000000f5110000)
  from space 2176K,  89% used [0x00000000f5110000, 0x00000000f52f7158, 0x00000000f5330000)
  to   space 2176K,   0% used [0x00000000f5330000, 0x00000000f5330000, 0x00000000f5550000)
 tenured generation   total 43712K, used 16736K [0x00000000f8000000, 0x00000000faab0000, 0x0000000100000000)
   the space 43712K,  38% used [0x00000000f8000000, 0x00000000f9058038, 0x00000000f9058200, 0x00000000faab0000)
 Metaspace       used 11428K, committed 11776K, reserved 180224K
  class space    used 1504K, committed 1664K, reserved 114688K
}
Event: 8.553 GC heap before
{Heap before GC invocations=6 (full 0):
 def new generation   total 19648K, used 19420K [0x00000000f4000000, 0x00000000f5550000, 0x00000000f8000000)
  eden space 17472K, 100% used [0x00000000f4000000, 0x00000000f5110000, 0x00000000f5110000)
  from space 2176K,  89% used [0x00000000f5110000, 0x00000000f52f7158, 0x00000000f5330000)
  to   space 2176K,   0% used [0x00000000f5330000, 0x00000000f5330000, 0x00000000f5550000)
 tenured generation   total 43712K, used 16736K [0x00000000f8000000, 0x00000000faab0000, 0x0000000100000000)
   the space 43712K,  38% used [0x00000000f8000000, 0x00000000f9058038, 0x00000000f9058200, 0x00000000faab0000)
 Metaspace       used 14791K, committed 15296K, reserved 180224K
  class space    used 2006K, committed 2240K, reserved 114688K
}
Event: 8.564 GC heap after
{Heap after GC invocations=7 (full 0):
 def new generation   total 19648K, used 935K [0x00000000f4000000, 0x00000000f5550000, 0x00000000f8000000)
  eden space 17472K,   0% used [0x00000000f4000000, 0x00000000f4000000, 0x00000000f5110000)
  from space 2176K,  42% used [0x00000000f5330000, 0x00000000f5419e60, 0x00000000f5550000)
  to   space 2176K,   0% used [0x00000000f5110000, 0x00000000f5110000, 0x00000000f5330000)
 tenured generation   total 43712K, used 18660K [0x00000000f8000000, 0x00000000faab0000, 0x0000000100000000)
   the space 43712K,  42% used [0x00000000f8000000, 0x00000000f9239128, 0x00000000f9239200, 0x00000000faab0000)
 Metaspace       used 14791K, committed 15296K, reserved 180224K
  class space    used 2006K, committed 2240K, reserved 114688K
}

