# JRE version: OpenJDK Runtime Environment Temurin-25.0.3+9 (25.0.3+9) (build 25.0.3+9-LTS)
# Java VM: OpenJDK 64-Bit Server VM Temurin-25.0.3+9 (25.0.3+9-LTS, mixed mode, sharing, tiered, compressed oops, compressed class ptrs, serial gc, windows-amd64)
GC Precious Log:
 CardTable entry size: 512
 CPUs: 8 total, 8 available
 Memory: 3615M
 Large Page Support: Disabled
 NUMA Support: Disabled
 Compressed Oops: Enabled (Zero based)
 Heap Min Capacity: 64M
 Heap Initial Capacity: 64M
 Heap Max Capacity: 192M
 Pre-touch: Disabled
Heap:
 DefNew     total 22976K, used 4321K [0x0000000100000000, 0x00000001018e0000, 0x0000000104000000)
  eden space 20480K,  21% used [0x0000000100000000, 0x00000001004384a0, 0x0000000101400000)
  from space 2496K,   0% used [0x0000000101400000, 0x0000000101400000, 0x0000000101670000)
  to   space 2496K,   0% used [0x0000000101670000, 0x0000000101670000, 0x00000001018e0000)
 Tenured    total 50684K, used 30410K [0x0000000104000000, 0x000000010717f000, 0x000000010c000000)
  the  space 50684K,  59% used [0x0000000104000000, 0x0000000105db2858, 0x000000010717f000)
GC Heap Usage History (20 events):
Event: 14.961 {heap Before GC invocations=7 (full 0):
 DefNew     total 19648K, used 18157K [0x0000000100000000, 0x0000000101550000, 0x0000000104000000)
  eden space 17472K, 100% used [0x0000000100000000, 0x0000000101110000, 0x0000000101110000)
  from space 2176K,  31% used [0x0000000101330000, 0x00000001013db498, 0x0000000101550000)
  to   space 2176K,   0% used [0x0000000101110000, 0x0000000101110000, 0x0000000101330000)
 Tenured    total 43712K, used 19443K [0x0000000104000000, 0x0000000106ab0000, 0x000000010c000000)
  the  space 43712K,  44% used [0x0000000104000000, 0x00000001052fcfb0, 0x0000000106ab0000)
}
Event: 14.971 {heap After GC invocations=8 (full 0):
 DefNew     total 19648K, used 1726K [0x0000000100000000, 0x0000000101550000, 0x0000000104000000)
  eden space 17472K,   0% used [0x0000000100000000, 0x0000000100000000, 0x0000000101110000)
  from space 2176K,  79% used [0x0000000101110000, 0x00000001012bf870, 0x0000000101330000)
  to   space 2176K,   0% used [0x0000000101330000, 0x0000000101330000, 0x0000000101550000)
 Tenured    total 43712K, used 19443K [0x0000000104000000, 0x0000000106ab0000, 0x000000010c000000)
  the  space 43712K,  44% used [0x0000000104000000, 0x00000001052fcfb0, 0x0000000106ab0000)
}
Event: 15.618 {heap Before GC invocations=8 (full 0):
 DefNew     total 19648K, used 19198K [0x0000000100000000, 0x0000000101550000, 0x0000000104000000)
  eden space 17472K, 100% used [0x0000000100000000, 0x0000000101110000, 0x0000000101110000)
  from space 2176K,  79% used [0x0000000101110000, 0x00000001012bf870, 0x0000000101330000)
  to   space 2176K,   0% used [0x0000000101330000, 0x0000000101330000, 0x0000000101550000)
 Tenured    total 43712K, used 19443K [0x0000000104000000, 0x0000000106ab0000, 0x000000010c000000)
  the  space 43712K,  44% used [0x0000000104000000, 0x00000001052fcfb0, 0x0000000106ab0000)
}
Event: 15.632 {heap After GC invocations=9 (full 0):
 DefNew     total 19648K, used 2119K [0x0000000100000000, 0x0000000101550000, 0x0000000104000000)
  eden space 17472K,   0% used [0x0000000100000000, 0x0000000100000000, 0x0000000101110000)
  from space 2176K,  97% used [0x0000000101330000, 0x0000000101541ed0, 0x0000000101550000)
  to   space 2176K,   0% used [0x0000000101110000, 0x0000000101110000, 0x0000000101330000)
 Tenured    total 43712K, used 20113K [0x0000000104000000, 0x0000000106ab0000, 0x000000010c000000)
  the  space 43712K,  46% used [0x0000000104000000, 0x00000001053a4578, 0x0000000106ab0000)
}
Event: 15.961 {heap Before GC invocations=9 (full 0):
 DefNew     total 19648K, used 14012K [0x0000000100000000, 0x0000000101550000, 0x0000000104000000)
  eden space 17472K,  68% used [0x0000000100000000, 0x0000000100b9d348, 0x0000000101110000)
  from space 2176K,  97% used [0x0000000101330000, 0x0000000101541ed0, 0x0000000101550000)
  to   space 2176K,   0% used [0x0000000101110000, 0x0000000101110000, 0x0000000101330000)
 Tenured    total 43712K, used 20113K [0x0000000104000000, 0x0000000106ab0000, 0x000000010c000000)
  the  space 43712K,  46% used [0x0000000104000000, 0x00000001053a4578, 0x0000000106ab0000)
}
Event: 16.028 {heap After GC invocations=10 (full 1):
 DefNew     total 19776K, used 0K [0x0000000100000000, 0x0000000101570000, 0x0000000104000000)
  eden space 17600K,   0% used [0x0000000100000000, 0x0000000100000000, 0x0000000101130000)
  from space 2176K,   0% used [0x0000000101130000, 0x0000000101130000, 0x0000000101350000)
  to   space 2176K,   0% used [0x0000000101350000, 0x0000000101350000, 0x0000000101570000)
 Tenured    total 43712K, used 22874K [0x0000000104000000, 0x0000000106ab0000, 0x000000010c000000)
  the  space 43712K,  52% used [0x0000000104000000, 0x0000000105656820, 0x0000000106ab0000)
}
Event: 16.919 {heap Before GC invocations=10 (full 1):
 DefNew     total 19776K, used 17600K [0x0000000100000000, 0x0000000101570000, 0x0000000104000000)
  eden space 17600K, 100% used [0x0000000100000000, 0x0000000101130000, 0x0000000101130000)
  from space 2176K,   0% used [0x0000000101130000, 0x0000000101130000, 0x0000000101350000)
  to   space 2176K,   0% used [0x0000000101350000, 0x0000000101350000, 0x0000000101570000)
 Tenured    total 43712K, used 22874K [0x0000000104000000, 0x0000000106ab0000, 0x000000010c000000)
  the  space 43712K,  52% used [0x0000000104000000, 0x0000000105656820, 0x0000000106ab0000)
}
Event: 16.927 {heap After GC invocations=11 (full 1):
 DefNew     total 19776K, used 1055K [0x0000000100000000, 0x0000000101570000, 0x0000000104000000)
  eden space 17600K,   0% used [0x0000000100000000, 0x0000000100000000, 0x0000000101130000)
  from space 2176K,  48% used [0x0000000101350000, 0x0000000101457e18, 0x0000000101570000)
  to   space 2176K,   0% used [0x0000000101130000, 0x0000000101130000, 0x0000000101350000)
 Tenured    total 43712K, used 22874K [0x0000000104000000, 0x0000000106ab0000, 0x000000010c000000)
  the  space 43712K,  52% used [0x0000000104000000, 0x0000000105656820, 0x0000000106ab0000)
}
Event: 17.384 {heap Before GC invocations=11 (full 1):
 DefNew     total 19776K, used 18655K [0x0000000100000000, 0x0000000101570000, 0x0000000104000000)
  eden space 17600K, 100% used [0x0000000100000000, 0x0000000101130000, 0x0000000101130000)
  from space 2176K,  48% used [0x0000000101350000, 0x0000000101457e18, 0x0000000101570000)
  to   space 2176K,   0% used [0x0000000101130000, 0x0000000101130000, 0x0000000101350000)
 Tenured    total 43712K, used 22874K [0x0000000104000000, 0x0000000106ab0000, 0x000000010c000000)
  the  space 43712K,  52% used [0x0000000104000000, 0x0000000105656820, 0x0000000106ab0000)
}
Event: 17.395 {heap After GC invocations=12 (full 1):
 DefNew     total 19776K, used 2029K [0x0000000100000000, 0x0000000101570000, 0x0000000104000000)
  eden space 17600K,   0% used [0x0000000100000000, 0x0000000100000000, 0x0000000101130000)
  from space 2176K,  93% used [0x0000000101130000, 0x000000010132b618, 0x0000000101350000)
  to   space 2176K,   0% used [0x0000000101350000, 0x0000000101350000, 0x0000000101570000)
 Tenured    total 43712K, used 22874K [0x0000000104000000, 0x0000000106ab0000, 0x000000010c000000)
  the  space 43712K,  52% used [0x0000000104000000, 0x0000000105656820, 0x0000000106ab0000)
}
Event: 17.929 {heap Before GC invocations=12 (full 1):
 DefNew     total 19776K, used 19629K [0x0000000100000000, 0x0000000101570000, 0x0000000104000000)
  eden space 17600K, 100% used [0x0000000100000000, 0x0000000101130000, 0x0000000101130000)
  from space 2176K,  93% used [0x0000000101130000, 0x000000010132b618, 0x0000000101350000)
  to   space 2176K,   0% used [0x0000000101350000, 0x0000000101350000, 0x0000000101570000)
 Tenured    total 43712K, used 22874K [0x0000000104000000, 0x0000000106ab0000, 0x000000010c000000)
  the  space 43712K,  52% used [0x0000000104000000, 0x0000000105656820, 0x0000000106ab0000)
}
Event: 17.946 {heap After GC invocations=13 (full 1):
 DefNew     total 19776K, used 2176K [0x0000000100000000, 0x0000000101570000, 0x0000000104000000)
  eden space 17600K,   0% used [0x0000000100000000, 0x0000000100000000, 0x0000000101130000)
  from space 2176K, 100% used [0x0000000101350000, 0x0000000101570000, 0x0000000101570000)
  to   space 2176K,   0% used [0x0000000101130000, 0x0000000101130000, 0x0000000101350000)
 Tenured    total 43712K, used 25685K [0x0000000104000000, 0x0000000106ab0000, 0x000000010c000000)
  the  space 43712K,  58% used [0x0000000104000000, 0x00000001059154f8, 0x0000000106ab0000)
}
Event: 18.419 {heap Before GC invocations=13 (full 1):
 DefNew     total 19776K, used 19776K [0x0000000100000000, 0x0000000101570000, 0x0000000104000000)
  eden space 17600K, 100% used [0x0000000100000000, 0x0000000101130000, 0x0000000101130000)
  from space 2176K, 100% used [0x0000000101350000, 0x0000000101570000, 0x0000000101570000)
  to   space 2176K,   0% used [0x0000000101130000, 0x0000000101130000, 0x0000000101350000)
 Tenured    total 43712K, used 25685K [0x0000000104000000, 0x0000000106ab0000, 0x000000010c000000)
  the  space 43712K,  58% used [0x0000000104000000, 0x00000001059154f8, 0x0000000106ab0000)
}
Event: 18.431 {heap After GC invocations=14 (full 1):
 DefNew     total 19776K, used 1118K [0x0000000100000000, 0x0000000101570000, 0x0000000104000000)
  eden space 17600K,   0% used [0x0000000100000000, 0x0000000100000000, 0x0000000101130000)
  from space 2176K,  51% used [0x0000000101130000, 0x0000000101247a08, 0x0000000101350000)
  to   space 2176K,   0% used [0x0000000101350000, 0x0000000101350000, 0x0000000101570000)
 Tenured    total 43712K, used 27484K [0x0000000104000000, 0x0000000106ab0000, 0x000000010c000000)
  the  space 43712K,  62% used [0x0000000104000000, 0x0000000105ad7390, 0x0000000106ab0000)
}
Event: 18.819 {heap Before GC invocations=14 (full 1):
 DefNew     total 19776K, used 18718K [0x0000000100000000, 0x0000000101570000, 0x0000000104000000)
  eden space 17600K, 100% used [0x0000000100000000, 0x0000000101130000, 0x0000000101130000)
  from space 2176K,  51% used [0x0000000101130000, 0x0000000101247a08, 0x0000000101350000)
  to   space 2176K,   0% used [0x0000000101350000, 0x0000000101350000, 0x0000000101570000)
 Tenured    total 43712K, used 27484K [0x0000000104000000, 0x0000000106ab0000, 0x000000010c000000)
  the  space 43712K,  62% used [0x0000000104000000, 0x0000000105ad7390, 0x0000000106ab0000)
}
Event: 18.828 {heap After GC invocations=15 (full 1):
 DefNew     total 19776K, used 737K [0x0000000100000000, 0x0000000101570000, 0x0000000104000000)
  eden space 17600K,   0% used [0x0000000100000000, 0x0000000100000000, 0x0000000101130000)
  from space 2176K,  33% used [0x0000000101350000, 0x0000000101408628, 0x0000000101570000)
  to   space 2176K,   0% used [0x0000000101130000, 0x0000000101130000, 0x0000000101350000)
 Tenured    total 43712K, used 28414K [0x0000000104000000, 0x0000000106ab0000, 0x000000010c000000)
  the  space 43712K,  65% used [0x0000000104000000, 0x0000000105bbfb38, 0x0000000106ab0000)
}
Event: 19.218 {heap Before GC invocations=15 (full 1):
 DefNew     total 19776K, used 18337K [0x0000000100000000, 0x0000000101570000, 0x0000000104000000)
  eden space 17600K, 100% used [0x0000000100000000, 0x0000000101130000, 0x0000000101130000)
  from space 2176K,  33% used [0x0000000101350000, 0x0000000101408628, 0x0000000101570000)
  to   space 2176K,   0% used [0x0000000101130000, 0x0000000101130000, 0x0000000101350000)
 Tenured    total 43712K, used 28414K [0x0000000104000000, 0x0000000106ab0000, 0x000000010c000000)
  the  space 43712K,  65% used [0x0000000104000000, 0x0000000105bbfb38, 0x0000000106ab0000)
}
Event: 19.226 {heap After GC invocations=16 (full 1):
 DefNew     total 19776K, used 1442K [0x0000000100000000, 0x0000000101570000, 0x0000000104000000)
  eden space 17600K,   0% used [0x0000000100000000, 0x0000000100000000, 0x0000000101130000)
  from space 2176K,  66% used [0x0000000101130000, 0x0000000101298858, 0x0000000101350000)
  to   space 2176K,   0% used [0x0000000101350000, 0x0000000101350000, 0x0000000101570000)
 Tenured    total 43712K, used 28414K [0x0000000104000000, 0x0000000106ab0000, 0x000000010c000000)
  the  space 43712K,  65% used [0x0000000104000000, 0x0000000105bbfb38, 0x0000000106ab0000)
}
Event: 19.546 {heap Before GC invocations=16 (full 1):
 DefNew     total 19776K, used 14545K [0x0000000100000000, 0x0000000101570000, 0x0000000104000000)
  eden space 17600K,  74% used [0x0000000100000000, 0x0000000100ccbda8, 0x0000000101130000)
  from space 2176K,  66% used [0x0000000101130000, 0x0000000101298858, 0x0000000101350000)
  to   space 2176K,   0% used [0x0000000101350000, 0x0000000101350000, 0x0000000101570000)
 Tenured    total 43712K, used 28414K [0x0000000104000000, 0x0000000106ab0000, 0x000000010c000000)
  the  space 43712K,  65% used [0x0000000104000000, 0x0000000105bbfb38, 0x0000000106ab0000)
}
Event: 20.641 {heap After GC invocations=17 (full 2):
 DefNew     total 22976K, used 0K [0x0000000100000000, 0x00000001018e0000, 0x0000000104000000)
  eden space 20480K,   0% used [0x0000000100000000, 0x0000000100000000, 0x0000000101400000)
  from space 2496K,   0% used [0x0000000101400000, 0x0000000101400000, 0x0000000101670000)
  to   space 2496K,   0% used [0x0000000101670000, 0x0000000101670000, 0x00000001018e0000)
 Tenured    total 50684K, used 30410K [0x0000000104000000, 0x000000010717f000, 0x000000010c000000)
  the  space 50684K,  59% used [0x0000000104000000, 0x0000000105db2858, 0x000000010717f000)
}

