# JRE version: OpenJDK Runtime Environment Temurin-21.0.11+10 (21.0.11+10) (build 21.0.11+10-LTS)
# Java VM: OpenJDK 64-Bit Server VM Temurin-21.0.11+10 (21.0.11+10-LTS, mixed mode, sharing, tiered, compressed oops, compressed class ptrs, parallel gc, windows-amd64)
GC Precious Log:
 CardTable entry size: 512
 CPUs: 8 total, 8 available
 Memory: 3615M
 Large Page Support: Disabled
 NUMA Support: Disabled
 Compressed Oops: Enabled (32-bit)
 Alignments: Space 512K, Generation 512K, Heap 2M
 Heap Min Capacity: 100M
 Heap Initial Capacity: 100M
 Heap Max Capacity: 2G
 Pre-touch: Disabled
 Parallel Workers: 8
Heap:
 PSYoungGen      total 22016K, used 12626K [0x00000000d5580000, 0x00000000d6c80000, 0x0000000100000000)
  eden space 21504K, 56% used [0x00000000d5580000,0x00000000d615b9e8,0x00000000d6a80000)
  from space 512K, 94% used [0x00000000d6b00000,0x00000000d6b78ed0,0x00000000d6b80000)
  to   space 1024K, 0% used [0x00000000d6b80000,0x00000000d6b80000,0x00000000d6c80000)
 ParOldGen       total 72704K, used 72375K [0x0000000080000000, 0x0000000084700000, 0x00000000d5580000)
  object space 72704K, 99% used [0x0000000080000000,0x00000000846add70,0x0000000084700000)
 Metaspace       used 57584K, committed 58880K, reserved 1114112K
  class space    used 6159K, committed 6720K, reserved 1048576K
GC Heap History (20 events):
Event: 61.941 GC heap after
{Heap after GC invocations=75 (full 2):
 PSYoungGen      total 22016K, used 497K [0x00000000d5580000, 0x00000000d6c80000, 0x0000000100000000)
  eden space 21504K, 0% used [0x00000000d5580000,0x00000000d5580000,0x00000000d6a80000)
  from space 512K, 97% used [0x00000000d6b00000,0x00000000d6b7c450,0x00000000d6b80000)
  to   space 1024K, 0% used [0x00000000d6b80000,0x00000000d6b80000,0x00000000d6c80000)
 ParOldGen       total 69120K, used 68612K [0x0000000080000000, 0x0000000084380000, 0x00000000d5580000)
  object space 69120K, 99% used [0x0000000080000000,0x00000000843010a8,0x0000000084380000)
 Metaspace       used 57245K, committed 58560K, reserved 1114112K
  class space    used 6133K, committed 6656K, reserved 1048576K
}
Event: 62.034 GC heap before
{Heap before GC invocations=76 (full 2):
 PSYoungGen      total 22016K, used 22001K [0x00000000d5580000, 0x00000000d6c80000, 0x0000000100000000)
  eden space 21504K, 100% used [0x00000000d5580000,0x00000000d6a80000,0x00000000d6a80000)
  from space 512K, 97% used [0x00000000d6b00000,0x00000000d6b7c450,0x00000000d6b80000)
  to   space 1024K, 0% used [0x00000000d6b80000,0x00000000d6b80000,0x00000000d6c80000)
 ParOldGen       total 69120K, used 68612K [0x0000000080000000, 0x0000000084380000, 0x00000000d5580000)
  object space 69120K, 99% used [0x0000000080000000,0x00000000843010a8,0x0000000084380000)
 Metaspace       used 57305K, committed 58560K, reserved 1114112K
  class space    used 6142K, committed 6656K, reserved 1048576K
}
Event: 62.038 GC heap after
{Heap after GC invocations=76 (full 2):
 PSYoungGen      total 22528K, used 643K [0x00000000d5580000, 0x00000000d6c80000, 0x0000000100000000)
  eden space 21504K, 0% used [0x00000000d5580000,0x00000000d5580000,0x00000000d6a80000)
  from space 1024K, 62% used [0x00000000d6b80000,0x00000000d6c20d00,0x00000000d6c80000)
  to   space 1024K, 0% used [0x00000000d6a80000,0x00000000d6a80000,0x00000000d6b80000)
 ParOldGen       total 69120K, used 68984K [0x0000000080000000, 0x0000000084380000, 0x00000000d5580000)
  object space 69120K, 99% used [0x0000000080000000,0x000000008435e080,0x0000000084380000)
 Metaspace       used 57305K, committed 58560K, reserved 1114112K
  class space    used 6142K, committed 6656K, reserved 1048576K
}
Event: 62.074 GC heap before
{Heap before GC invocations=77 (full 2):
 PSYoungGen      total 22528K, used 22147K [0x00000000d5580000, 0x00000000d6c80000, 0x0000000100000000)
  eden space 21504K, 100% used [0x00000000d5580000,0x00000000d6a80000,0x00000000d6a80000)
  from space 1024K, 62% used [0x00000000d6b80000,0x00000000d6c20d00,0x00000000d6c80000)
  to   space 1024K, 0% used [0x00000000d6a80000,0x00000000d6a80000,0x00000000d6b80000)
 ParOldGen       total 69120K, used 68984K [0x0000000080000000, 0x0000000084380000, 0x00000000d5580000)
  object space 69120K, 99% used [0x0000000080000000,0x000000008435e080,0x0000000084380000)
 Metaspace       used 57330K, committed 58624K, reserved 1114112K
  class space    used 6143K, committed 6656K, reserved 1048576K
}
Event: 62.076 GC heap after
{Heap after GC invocations=77 (full 2):
 PSYoungGen      total 22528K, used 384K [0x00000000d5580000, 0x00000000d6c00000, 0x0000000100000000)
  eden space 21504K, 0% used [0x00000000d5580000,0x00000000d5580000,0x00000000d6a80000)
  from space 1024K, 37% used [0x00000000d6a80000,0x00000000d6ae0000,0x00000000d6b80000)
  to   space 512K, 0% used [0x00000000d6b80000,0x00000000d6b80000,0x00000000d6c00000)
 ParOldGen       total 69632K, used 69445K [0x0000000080000000, 0x0000000084400000, 0x00000000d5580000)
  object space 69632K, 99% used [0x0000000080000000,0x00000000843d1680,0x0000000084400000)
 Metaspace       used 57330K, committed 58624K, reserved 1114112K
  class space    used 6143K, committed 6656K, reserved 1048576K
}
Event: 62.120 GC heap before
{Heap before GC invocations=78 (full 2):
 PSYoungGen      total 22528K, used 21888K [0x00000000d5580000, 0x00000000d6c00000, 0x0000000100000000)
  eden space 21504K, 100% used [0x00000000d5580000,0x00000000d6a80000,0x00000000d6a80000)
  from space 1024K, 37% used [0x00000000d6a80000,0x00000000d6ae0000,0x00000000d6b80000)
  to   space 512K, 0% used [0x00000000d6b80000,0x00000000d6b80000,0x00000000d6c00000)
 ParOldGen       total 69632K, used 69445K [0x0000000080000000, 0x0000000084400000, 0x00000000d5580000)
  object space 69632K, 99% used [0x0000000080000000,0x00000000843d1698,0x0000000084400000)
 Metaspace       used 57376K, committed 58752K, reserved 1114112K
  class space    used 6149K, committed 6720K, reserved 1048576K
}
Event: 62.121 GC heap after
{Heap after GC invocations=78 (full 2):
 PSYoungGen      total 22016K, used 384K [0x00000000d5580000, 0x00000000d6c00000, 0x0000000100000000)
  eden space 21504K, 0% used [0x00000000d5580000,0x00000000d5580000,0x00000000d6a80000)
  from space 512K, 75% used [0x00000000d6b80000,0x00000000d6be0000,0x00000000d6c00000)
  to   space 512K, 0% used [0x00000000d6b00000,0x00000000d6b00000,0x00000000d6b80000)
 ParOldGen       total 70144K, used 69653K [0x0000000080000000, 0x0000000084480000, 0x00000000d5580000)
  object space 70144K, 99% used [0x0000000080000000,0x0000000084405698,0x0000000084480000)
 Metaspace       used 57376K, committed 58752K, reserved 1114112K
  class space    used 6149K, committed 6720K, reserved 1048576K
}
Event: 62.150 GC heap before
{Heap before GC invocations=79 (full 2):
 PSYoungGen      total 22016K, used 21888K [0x00000000d5580000, 0x00000000d6c00000, 0x0000000100000000)
  eden space 21504K, 100% used [0x00000000d5580000,0x00000000d6a80000,0x00000000d6a80000)
  from space 512K, 75% used [0x00000000d6b80000,0x00000000d6be0000,0x00000000d6c00000)
  to   space 512K, 0% used [0x00000000d6b00000,0x00000000d6b00000,0x00000000d6b80000)
 ParOldGen       total 70144K, used 69656K [0x0000000080000000, 0x0000000084480000, 0x00000000d5580000)
  object space 70144K, 99% used [0x0000000080000000,0x00000000844062e8,0x0000000084480000)
 Metaspace       used 57379K, committed 58752K, reserved 1114112K
  class space    used 6149K, committed 6720K, reserved 1048576K
}
Event: 62.152 GC heap after
{Heap after GC invocations=79 (full 2):
 PSYoungGen      total 22016K, used 480K [0x00000000d5580000, 0x00000000d6c00000, 0x0000000100000000)
  eden space 21504K, 0% used [0x00000000d5580000,0x00000000d5580000,0x00000000d6a80000)
  from space 512K, 93% used [0x00000000d6b00000,0x00000000d6b78000,0x00000000d6b80000)
  to   space 512K, 0% used [0x00000000d6b80000,0x00000000d6b80000,0x00000000d6c00000)
 ParOldGen       total 70144K, used 69871K [0x0000000080000000, 0x0000000084480000, 0x00000000d5580000)
  object space 70144K, 99% used [0x0000000080000000,0x000000008443bd40,0x0000000084480000)
 Metaspace       used 57379K, committed 58752K, reserved 1114112K
  class space    used 6149K, committed 6720K, reserved 1048576K
}
Event: 62.186 GC heap before
{Heap before GC invocations=80 (full 2):
 PSYoungGen      total 22016K, used 21984K [0x00000000d5580000, 0x00000000d6c00000, 0x0000000100000000)
  eden space 21504K, 100% used [0x00000000d5580000,0x00000000d6a80000,0x00000000d6a80000)
  from space 512K, 93% used [0x00000000d6b00000,0x00000000d6b78000,0x00000000d6b80000)
  to   space 512K, 0% used [0x00000000d6b80000,0x00000000d6b80000,0x00000000d6c00000)
 ParOldGen       total 70144K, used 69871K [0x0000000080000000, 0x0000000084480000, 0x00000000d5580000)
  object space 70144K, 99% used [0x0000000080000000,0x000000008443bd40,0x0000000084480000)
 Metaspace       used 57380K, committed 58752K, reserved 1114112K
  class space    used 6149K, committed 6720K, reserved 1048576K
}
Event: 62.188 GC heap after
{Heap after GC invocations=80 (full 2):
 PSYoungGen      total 22016K, used 352K [0x00000000d5580000, 0x00000000d6c00000, 0x0000000100000000)
  eden space 21504K, 0% used [0x00000000d5580000,0x00000000d5580000,0x00000000d6a80000)
  from space 512K, 68% used [0x00000000d6b80000,0x00000000d6bd8000,0x00000000d6c00000)
  to   space 512K, 0% used [0x00000000d6b00000,0x00000000d6b00000,0x00000000d6b80000)
 ParOldGen       total 71168K, used 70807K [0x0000000080000000, 0x0000000084580000, 0x00000000d5580000)
  object space 71168K, 99% used [0x0000000080000000,0x0000000084525d50,0x0000000084580000)
 Metaspace       used 57380K, committed 58752K, reserved 1114112K
  class space    used 6149K, committed 6720K, reserved 1048576K
}
Event: 62.233 GC heap before
{Heap before GC invocations=81 (full 2):
 PSYoungGen      total 22016K, used 21856K [0x00000000d5580000, 0x00000000d6c00000, 0x0000000100000000)
  eden space 21504K, 100% used [0x00000000d5580000,0x00000000d6a80000,0x00000000d6a80000)
  from space 512K, 68% used [0x00000000d6b80000,0x00000000d6bd8000,0x00000000d6c00000)
  to   space 512K, 0% used [0x00000000d6b00000,0x00000000d6b00000,0x00000000d6b80000)
 ParOldGen       total 71168K, used 70807K [0x0000000080000000, 0x0000000084580000, 0x00000000d5580000)
  object space 71168K, 99% used [0x0000000080000000,0x0000000084525d50,0x0000000084580000)
 Metaspace       used 57381K, committed 58752K, reserved 1114112K
  class space    used 6149K, committed 6720K, reserved 1048576K
}
Event: 62.235 GC heap after
{Heap after GC invocations=81 (full 2):
 PSYoungGen      total 22016K, used 480K [0x00000000d5580000, 0x00000000d6c00000, 0x0000000100000000)
  eden space 21504K, 0% used [0x00000000d5580000,0x00000000d5580000,0x00000000d6a80000)
  from space 512K, 93% used [0x00000000d6b00000,0x00000000d6b78000,0x00000000d6b80000)
  to   space 512K, 0% used [0x00000000d6b80000,0x00000000d6b80000,0x00000000d6c00000)
 ParOldGen       total 71168K, used 71007K [0x0000000080000000, 0x0000000084580000, 0x00000000d5580000)
  object space 71168K, 99% used [0x0000000080000000,0x0000000084557d50,0x0000000084580000)
 Metaspace       used 57381K, committed 58752K, reserved 1114112K
  class space    used 6149K, committed 6720K, reserved 1048576K
}
Event: 62.254 GC heap before
{Heap before GC invocations=82 (full 2):
 PSYoungGen      total 22016K, used 21984K [0x00000000d5580000, 0x00000000d6c00000, 0x0000000100000000)
  eden space 21504K, 100% used [0x00000000d5580000,0x00000000d6a80000,0x00000000d6a80000)
  from space 512K, 93% used [0x00000000d6b00000,0x00000000d6b78000,0x00000000d6b80000)
  to   space 512K, 0% used [0x00000000d6b80000,0x00000000d6b80000,0x00000000d6c00000)
 ParOldGen       total 71168K, used 71007K [0x0000000080000000, 0x0000000084580000, 0x00000000d5580000)
  object space 71168K, 99% used [0x0000000080000000,0x0000000084557d50,0x0000000084580000)
 Metaspace       used 57381K, committed 58752K, reserved 1114112K
  class space    used 6149K, committed 6720K, reserved 1048576K
}
Event: 62.256 GC heap after
{Heap after GC invocations=82 (full 2):
 PSYoungGen      total 22016K, used 416K [0x00000000d5580000, 0x00000000d6c00000, 0x0000000100000000)
  eden space 21504K, 0% used [0x00000000d5580000,0x00000000d5580000,0x00000000d6a80000)
  from space 512K, 81% used [0x00000000d6b80000,0x00000000d6be8000,0x00000000d6c00000)
  to   space 512K, 0% used [0x00000000d6b00000,0x00000000d6b00000,0x00000000d6b80000)
 ParOldGen       total 71680K, used 71335K [0x0000000080000000, 0x0000000084600000, 0x00000000d5580000)
  object space 71680K, 99% used [0x0000000080000000,0x00000000845a9d50,0x0000000084600000)
 Metaspace       used 57381K, committed 58752K, reserved 1114112K
  class space    used 6149K, committed 6720K, reserved 1048576K
}
Event: 62.278 GC heap before
{Heap before GC invocations=83 (full 2):
 PSYoungGen      total 22016K, used 21915K [0x00000000d5580000, 0x00000000d6c00000, 0x0000000100000000)
  eden space 21504K, 99% used [0x00000000d5580000,0x00000000d6a7ee10,0x00000000d6a80000)
  from space 512K, 81% used [0x00000000d6b80000,0x00000000d6be8000,0x00000000d6c00000)
  to   space 512K, 0% used [0x00000000d6b00000,0x00000000d6b00000,0x00000000d6b80000)
 ParOldGen       total 71680K, used 71335K [0x0000000080000000, 0x0000000084600000, 0x00000000d5580000)
  object space 71680K, 99% used [0x0000000080000000,0x00000000845a9d50,0x0000000084600000)
 Metaspace       used 57381K, committed 58752K, reserved 1114112K
  class space    used 6149K, committed 6720K, reserved 1048576K
}
Event: 62.279 GC heap after
{Heap after GC invocations=83 (full 2):
 PSYoungGen      total 22016K, used 480K [0x00000000d5580000, 0x00000000d6c00000, 0x0000000100000000)
  eden space 21504K, 0% used [0x00000000d5580000,0x00000000d5580000,0x00000000d6a80000)
  from space 512K, 93% used [0x00000000d6b00000,0x00000000d6b78000,0x00000000d6b80000)
  to   space 512K, 0% used [0x00000000d6b80000,0x00000000d6b80000,0x00000000d6c00000)
 ParOldGen       total 72192K, used 71703K [0x0000000080000000, 0x0000000084680000, 0x00000000d5580000)
  object space 72192K, 99% used [0x0000000080000000,0x0000000084605d50,0x0000000084680000)
 Metaspace       used 57381K, committed 58752K, reserved 1114112K
  class space    used 6149K, committed 6720K, reserved 1048576K
}
Event: 62.340 GC heap before
{Heap before GC invocations=84 (full 2):
 PSYoungGen      total 22016K, used 21984K [0x00000000d5580000, 0x00000000d6c00000, 0x0000000100000000)
  eden space 21504K, 100% used [0x00000000d5580000,0x00000000d6a80000,0x00000000d6a80000)
  from space 512K, 93% used [0x00000000d6b00000,0x00000000d6b78000,0x00000000d6b80000)
  to   space 512K, 0% used [0x00000000d6b80000,0x00000000d6b80000,0x00000000d6c00000)
 ParOldGen       total 72192K, used 71703K [0x0000000080000000, 0x0000000084680000, 0x00000000d5580000)
  object space 72192K, 99% used [0x0000000080000000,0x0000000084605d50,0x0000000084680000)
 Metaspace       used 57401K, committed 58752K, reserved 1114112K
  class space    used 6149K, committed 6720K, reserved 1048576K
}
Event: 62.342 GC heap after
{Heap after GC invocations=84 (full 2):
 PSYoungGen      total 22016K, used 500K [0x00000000d5580000, 0x00000000d6c00000, 0x0000000100000000)
  eden space 21504K, 0% used [0x00000000d5580000,0x00000000d5580000,0x00000000d6a80000)
  from space 512K, 97% used [0x00000000d6b80000,0x00000000d6bfd200,0x00000000d6c00000)
  to   space 512K, 0% used [0x00000000d6b00000,0x00000000d6b00000,0x00000000d6b80000)
 ParOldGen       total 72192K, used 72071K [0x0000000080000000, 0x0000000084680000, 0x00000000d5580000)
  object space 72192K, 99% used [0x0000000080000000,0x0000000084661d50,0x0000000084680000)
 Metaspace       used 57401K, committed 58752K, reserved 1114112K
  class space    used 6149K, committed 6720K, reserved 1048576K
}
Event: 63.365 GC heap before
{Heap before GC invocations=85 (full 2):
 PSYoungGen      total 22016K, used 22004K [0x00000000d5580000, 0x00000000d6c00000, 0x0000000100000000)
  eden space 21504K, 100% used [0x00000000d5580000,0x00000000d6a80000,0x00000000d6a80000)
  from space 512K, 97% used [0x00000000d6b80000,0x00000000d6bfd200,0x00000000d6c00000)
  to   space 512K, 0% used [0x00000000d6b00000,0x00000000d6b00000,0x00000000d6b80000)
 ParOldGen       total 72192K, used 72071K [0x0000000080000000, 0x0000000084680000, 0x00000000d5580000)
  object space 72192K, 99% used [0x0000000080000000,0x0000000084661d70,0x0000000084680000)
 Metaspace       used 57411K, committed 58752K, reserved 1114112K
  class space    used 6150K, committed 6720K, reserved 1048576K
}

