# JRE version: OpenJDK Runtime Environment Temurin-25.0.3+9 (25.0.3+9) (build 25.0.3+9-LTS)
# Java VM: OpenJDK 64-Bit Server VM Temurin-25.0.3+9 (25.0.3+9-LTS, mixed mode, sharing, tiered, compressed oops, compressed class ptrs, serial gc, windows-amd64)
GC Precious Log:
 CardTable entry size: 512
 CPUs: 8 total, 8 available
 Memory: 3615M
 Large Page Support: Disabled
 NUMA Support: Disabled
 Compressed Oops: Enabled (32-bit)
 Heap Min Capacity: 64M
 Heap Initial Capacity: 64M
 Heap Max Capacity: 192M
 Pre-touch: Disabled
Heap:
 DefNew     total 19648K, used 16949K [0x00000000f4000000, 0x00000000f5550000, 0x00000000f8000000)
  eden space 17472K,  92% used [0x00000000f4000000, 0x00000000f4fbfdf0, 0x00000000f5110000)
  from space 2176K,  37% used [0x00000000f5330000, 0x00000000f53fd6f8, 0x00000000f5550000)
  to   space 2176K,   0% used [0x00000000f5110000, 0x00000000f5110000, 0x00000000f5330000)
 Tenured    total 43712K, used 19333K [0x00000000f8000000, 0x00000000faab0000, 0x0000000100000000)
  the  space 43712K,  44% used [0x00000000f8000000, 0x00000000f92e15d8, 0x00000000faab0000)
GC Heap Usage History (14 events):
Event: 0.957 {heap Before GC invocations=0 (full 0):
 DefNew     total 19648K, used 16049K [0x00000000f4000000, 0x00000000f5550000, 0x00000000f8000000)
  eden space 17472K,  91% used [0x00000000f4000000, 0x00000000f4fac6a0, 0x00000000f5110000)
  from space 2176K,   0% used [0x00000000f5110000, 0x00000000f5110000, 0x00000000f5330000)
  to   space 2176K,   0% used [0x00000000f5330000, 0x00000000f5330000, 0x00000000f5550000)
 Tenured    total 43712K, used 1170K [0x00000000f8000000, 0x00000000faab0000, 0x0000000100000000)
  the  space 43712K,   2% used [0x00000000f8000000, 0x00000000f81248e8, 0x00000000faab0000)
}
Event: 1.041 {heap After GC invocations=1 (full 0):
 DefNew     total 19648K, used 2175K [0x00000000f4000000, 0x00000000f5550000, 0x00000000f8000000)
  eden space 17472K,   0% used [0x00000000f4000000, 0x00000000f4000000, 0x00000000f5110000)
  from space 2176K,  99% used [0x00000000f5330000, 0x00000000f554fff8, 0x00000000f5550000)
  to   space 2176K,   0% used [0x00000000f5110000, 0x00000000f5110000, 0x00000000f5330000)
 Tenured    total 43712K, used 3464K [0x00000000f8000000, 0x00000000faab0000, 0x0000000100000000)
  the  space 43712K,   7% used [0x00000000f8000000, 0x00000000f8362148, 0x00000000faab0000)
}
Event: 5.285 {heap Before GC invocations=1 (full 0):
 DefNew     total 19648K, used 19647K [0x00000000f4000000, 0x00000000f5550000, 0x00000000f8000000)
  eden space 17472K, 100% used [0x00000000f4000000, 0x00000000f5110000, 0x00000000f5110000)
  from space 2176K,  99% used [0x00000000f5330000, 0x00000000f554fff8, 0x00000000f5550000)
  to   space 2176K,   0% used [0x00000000f5110000, 0x00000000f5110000, 0x00000000f5330000)
 Tenured    total 43712K, used 3464K [0x00000000f8000000, 0x00000000faab0000, 0x0000000100000000)
  the  space 43712K,   7% used [0x00000000f8000000, 0x00000000f8362148, 0x00000000faab0000)
}
Event: 5.293 {heap After GC invocations=2 (full 0):
 DefNew     total 19648K, used 2176K [0x00000000f4000000, 0x00000000f5550000, 0x00000000f8000000)
  eden space 17472K,   0% used [0x00000000f4000000, 0x00000000f4000000, 0x00000000f5110000)
  from space 2176K, 100% used [0x00000000f5110000, 0x00000000f5330000, 0x00000000f5330000)
  to   space 2176K,   0% used [0x00000000f5330000, 0x00000000f5330000, 0x00000000f5550000)
 Tenured    total 43712K, used 9018K [0x00000000f8000000, 0x00000000faab0000, 0x0000000100000000)
  the  space 43712K,  20% used [0x00000000f8000000, 0x00000000f88ceb20, 0x00000000faab0000)
}
Event: 5.745 {heap Before GC invocations=2 (full 0):
 DefNew     total 19648K, used 19648K [0x00000000f4000000, 0x00000000f5550000, 0x00000000f8000000)
  eden space 17472K, 100% used [0x00000000f4000000, 0x00000000f5110000, 0x00000000f5110000)
  from space 2176K, 100% used [0x00000000f5110000, 0x00000000f5330000, 0x00000000f5330000)
  to   space 2176K,   0% used [0x00000000f5330000, 0x00000000f5330000, 0x00000000f5550000)
 Tenured    total 43712K, used 9018K [0x00000000f8000000, 0x00000000faab0000, 0x0000000100000000)
  the  space 43712K,  20% used [0x00000000f8000000, 0x00000000f88ceb20, 0x00000000faab0000)
}
Event: 5.751 {heap After GC invocations=3 (full 0):
 DefNew     total 19648K, used 439K [0x00000000f4000000, 0x00000000f5550000, 0x00000000f8000000)
  eden space 17472K,   0% used [0x00000000f4000000, 0x00000000f4000000, 0x00000000f5110000)
  from space 2176K,  20% used [0x00000000f5330000, 0x00000000f539dd10, 0x00000000f5550000)
  to   space 2176K,   0% used [0x00000000f5110000, 0x00000000f5110000, 0x00000000f5330000)
 Tenured    total 43712K, used 11189K [0x00000000f8000000, 0x00000000faab0000, 0x0000000100000000)
  the  space 43712K,  25% used [0x00000000f8000000, 0x00000000f8aed480, 0x00000000faab0000)
}
Event: 6.249 {heap Before GC invocations=3 (full 0):
 DefNew     total 19648K, used 17911K [0x00000000f4000000, 0x00000000f5550000, 0x00000000f8000000)
  eden space 17472K, 100% used [0x00000000f4000000, 0x00000000f5110000, 0x00000000f5110000)
  from space 2176K,  20% used [0x00000000f5330000, 0x00000000f539dd10, 0x00000000f5550000)
  to   space 2176K,   0% used [0x00000000f5110000, 0x00000000f5110000, 0x00000000f5330000)
 Tenured    total 43712K, used 11189K [0x00000000f8000000, 0x00000000faab0000, 0x0000000100000000)
  the  space 43712K,  25% used [0x00000000f8000000, 0x00000000f8aed480, 0x00000000faab0000)
}
Event: 6.254 {heap After GC invocations=4 (full 0):
 DefNew     total 19648K, used 2175K [0x00000000f4000000, 0x00000000f5550000, 0x00000000f8000000)
  eden space 17472K,   0% used [0x00000000f4000000, 0x00000000f4000000, 0x00000000f5110000)
  from space 2176K,  99% used [0x00000000f5110000, 0x00000000f532fff8, 0x00000000f5330000)
  to   space 2176K,   0% used [0x00000000f5330000, 0x00000000f5330000, 0x00000000f5550000)
 Tenured    total 43712K, used 13592K [0x00000000f8000000, 0x00000000faab0000, 0x0000000100000000)
  the  space 43712K,  31% used [0x00000000f8000000, 0x00000000f8d46088, 0x00000000faab0000)
}
Event: 7.994 {heap Before GC invocations=4 (full 0):
 DefNew     total 19648K, used 19647K [0x00000000f4000000, 0x00000000f5550000, 0x00000000f8000000)
  eden space 17472K, 100% used [0x00000000f4000000, 0x00000000f5110000, 0x00000000f5110000)
  from space 2176K,  99% used [0x00000000f5110000, 0x00000000f532fff8, 0x00000000f5330000)
  to   space 2176K,   0% used [0x00000000f5330000, 0x00000000f5330000, 0x00000000f5550000)
 Tenured    total 43712K, used 13592K [0x00000000f8000000, 0x00000000faab0000, 0x0000000100000000)
  the  space 43712K,  31% used [0x00000000f8000000, 0x00000000f8d46088, 0x00000000faab0000)
}
Event: 8.004 {heap After GC invocations=5 (full 0):
 DefNew     total 19648K, used 1785K [0x00000000f4000000, 0x00000000f5550000, 0x00000000f8000000)
  eden space 17472K,   0% used [0x00000000f4000000, 0x00000000f4000000, 0x00000000f5110000)
  from space 2176K,  82% used [0x00000000f5330000, 0x00000000f54ee740, 0x00000000f5550000)
  to   space 2176K,   0% used [0x00000000f5110000, 0x00000000f5110000, 0x00000000f5330000)
 Tenured    total 43712K, used 15758K [0x00000000f8000000, 0x00000000faab0000, 0x0000000100000000)
  the  space 43712K,  36% used [0x00000000f8000000, 0x00000000f8f638d8, 0x00000000faab0000)
}
Event: 9.025 {heap Before GC invocations=5 (full 0):
 DefNew     total 19648K, used 19257K [0x00000000f4000000, 0x00000000f5550000, 0x00000000f8000000)
  eden space 17472K, 100% used [0x00000000f4000000, 0x00000000f5110000, 0x00000000f5110000)
  from space 2176K,  82% used [0x00000000f5330000, 0x00000000f54ee740, 0x00000000f5550000)
  to   space 2176K,   0% used [0x00000000f5110000, 0x00000000f5110000, 0x00000000f5330000)
 Tenured    total 43712K, used 15758K [0x00000000f8000000, 0x00000000faab0000, 0x0000000100000000)
  the  space 43712K,  36% used [0x00000000f8000000, 0x00000000f8f638d8, 0x00000000faab0000)
}
Event: 9.033 {heap After GC invocations=6 (full 0):
 DefNew     total 19648K, used 1852K [0x00000000f4000000, 0x00000000f5550000, 0x00000000f8000000)
  eden space 17472K,   0% used [0x00000000f4000000, 0x00000000f4000000, 0x00000000f5110000)
  from space 2176K,  85% used [0x00000000f5110000, 0x00000000f52df0c0, 0x00000000f5330000)
  to   space 2176K,   0% used [0x00000000f5330000, 0x00000000f5330000, 0x00000000f5550000)
 Tenured    total 43712K, used 17500K [0x00000000f8000000, 0x00000000faab0000, 0x0000000100000000)
  the  space 43712K,  40% used [0x00000000f8000000, 0x00000000f91173d8, 0x00000000faab0000)
}
Event: 11.947 {heap Before GC invocations=6 (full 0):
 DefNew     total 19648K, used 19324K [0x00000000f4000000, 0x00000000f5550000, 0x00000000f8000000)
  eden space 17472K, 100% used [0x00000000f4000000, 0x00000000f5110000, 0x00000000f5110000)
  from space 2176K,  85% used [0x00000000f5110000, 0x00000000f52df0c0, 0x00000000f5330000)
  to   space 2176K,   0% used [0x00000000f5330000, 0x00000000f5330000, 0x00000000f5550000)
 Tenured    total 43712K, used 17500K [0x00000000f8000000, 0x00000000faab0000, 0x0000000100000000)
  the  space 43712K,  40% used [0x00000000f8000000, 0x00000000f91173d8, 0x00000000faab0000)
}
Event: 11.955 {heap After GC invocations=7 (full 0):
 DefNew     total 19648K, used 821K [0x00000000f4000000, 0x00000000f5550000, 0x00000000f8000000)
  eden space 17472K,   0% used [0x00000000f4000000, 0x00000000f4000000, 0x00000000f5110000)
  from space 2176K,  37% used [0x00000000f5330000, 0x00000000f53fd6f8, 0x00000000f5550000)
  to   space 2176K,   0% used [0x00000000f5110000, 0x00000000f5110000, 0x00000000f5330000)
 Tenured    total 43712K, used 19333K [0x00000000f8000000, 0x00000000faab0000, 0x0000000100000000)
  the  space 43712K,  44% used [0x00000000f8000000, 0x00000000f92e15d8, 0x00000000faab0000)
}

