# JRE version: OpenJDK Runtime Environment Temurin-21.0.11+10 (21.0.11+10) (build 21.0.11+10-LTS)
# Java VM: OpenJDK 64-Bit Server VM Temurin-21.0.11+10 (21.0.11+10-LTS, mixed mode, sharing, tiered, compressed oops, compressed class ptrs, serial gc, windows-amd64)
GC Precious Log:
 CardTable entry size: 512
 CPUs: 8 total, 8 available
 Memory: 3615M
 Large Page Support: Disabled
 NUMA Support: Disabled
 Compressed Oops: Enabled (Zero based)
 Heap Min Capacity: 64M
 Heap Initial Capacity: 64M
 Heap Max Capacity: 192M
 Pre-touch: Disabled
Heap:
 def new generation   total 19776K, used 8256K [0x0000000100000000, 0x0000000101570000, 0x0000000104000000)
  eden space 17600K,  40% used [0x0000000100000000, 0x00000001006ec468, 0x0000000101130000)
  from space 2176K,  53% used [0x0000000101130000, 0x0000000101253f40, 0x0000000101350000)
  to   space 2176K,   0% used [0x0000000101350000, 0x0000000101350000, 0x0000000101570000)
 tenured generation   total 43712K, used 23121K [0x0000000104000000, 0x0000000106ab0000, 0x000000010c000000)
   the space 43712K,  52% used [0x0000000104000000, 0x00000001056945d8, 0x0000000105694600, 0x0000000106ab0000)
 Metaspace       used 26516K, committed 27456K, reserved 180224K
  class space    used 3896K, committed 4352K, reserved 114688K
GC Heap History (20 events):
Event: 1.864 GC heap before
{Heap before GC invocations=2 (full 0):
 def new generation   total 19648K, used 19648K [0x0000000100000000, 0x0000000101550000, 0x0000000104000000)
  eden space 17472K, 100% used [0x0000000100000000, 0x0000000101110000, 0x0000000101110000)
  from space 2176K, 100% used [0x0000000101110000, 0x0000000101330000, 0x0000000101330000)
  to   space 2176K,   0% used [0x0000000101330000, 0x0000000101330000, 0x0000000101550000)
 tenured generation   total 43712K, used 8189K [0x0000000104000000, 0x0000000106ab0000, 0x000000010c000000)
   the space 43712K,  18% used [0x0000000104000000, 0x00000001047ff7c0, 0x00000001047ff800, 0x0000000106ab0000)
 Metaspace       used 4608K, committed 4800K, reserved 180224K
  class space    used 589K, committed 704K, reserved 114688K
}
Event: 1.867 GC heap after
{Heap after GC invocations=3 (full 0):
 def new generation   total 19648K, used 417K [0x0000000100000000, 0x0000000101550000, 0x0000000104000000)
  eden space 17472K,   0% used [0x0000000100000000, 0x0000000100000000, 0x0000000101110000)
  from space 2176K,  19% used [0x0000000101330000, 0x0000000101398510, 0x0000000101550000)
  to   space 2176K,   0% used [0x0000000101110000, 0x0000000101110000, 0x0000000101330000)
 tenured generation   total 43712K, used 10362K [0x0000000104000000, 0x0000000106ab0000, 0x000000010c000000)
   the space 43712K,  23% used [0x0000000104000000, 0x0000000104a1ea80, 0x0000000104a1ec00, 0x0000000106ab0000)
 Metaspace       used 4608K, committed 4800K, reserved 180224K
  class space    used 589K, committed 704K, reserved 114688K
}
Event: 2.106 GC heap before
{Heap before GC invocations=3 (full 0):
 def new generation   total 19648K, used 17889K [0x0000000100000000, 0x0000000101550000, 0x0000000104000000)
  eden space 17472K, 100% used [0x0000000100000000, 0x0000000101110000, 0x0000000101110000)
  from space 2176K,  19% used [0x0000000101330000, 0x0000000101398510, 0x0000000101550000)
  to   space 2176K,   0% used [0x0000000101110000, 0x0000000101110000, 0x0000000101330000)
 tenured generation   total 43712K, used 10362K [0x0000000104000000, 0x0000000106ab0000, 0x000000010c000000)
   the space 43712K,  23% used [0x0000000104000000, 0x0000000104a1ea80, 0x0000000104a1ec00, 0x0000000106ab0000)
 Metaspace       used 4738K, committed 4928K, reserved 180224K
  class space    used 590K, committed 704K, reserved 114688K
}
Event: 2.109 GC heap after
{Heap after GC invocations=4 (full 0):
 def new generation   total 19648K, used 2175K [0x0000000100000000, 0x0000000101550000, 0x0000000104000000)
  eden space 17472K,   0% used [0x0000000100000000, 0x0000000100000000, 0x0000000101110000)
  from space 2176K,  99% used [0x0000000101110000, 0x000000010132fff8, 0x0000000101330000)
  to   space 2176K,   0% used [0x0000000101330000, 0x0000000101330000, 0x0000000101550000)
 tenured generation   total 43712K, used 12651K [0x0000000104000000, 0x0000000106ab0000, 0x000000010c000000)
   the space 43712K,  28% used [0x0000000104000000, 0x0000000104c5ade8, 0x0000000104c5ae00, 0x0000000106ab0000)
 Metaspace       used 4738K, committed 4928K, reserved 180224K
  class space    used 590K, committed 704K, reserved 114688K
}
Event: 2.434 GC heap before
{Heap before GC invocations=4 (full 0):
 def new generation   total 19648K, used 19647K [0x0000000100000000, 0x0000000101550000, 0x0000000104000000)
  eden space 17472K, 100% used [0x0000000100000000, 0x0000000101110000, 0x0000000101110000)
  from space 2176K,  99% used [0x0000000101110000, 0x000000010132fff8, 0x0000000101330000)
  to   space 2176K,   0% used [0x0000000101330000, 0x0000000101330000, 0x0000000101550000)
 tenured generation   total 43712K, used 12651K [0x0000000104000000, 0x0000000106ab0000, 0x000000010c000000)
   the space 43712K,  28% used [0x0000000104000000, 0x0000000104c5ade8, 0x0000000104c5ae00, 0x0000000106ab0000)
 Metaspace       used 6516K, committed 6720K, reserved 180224K
  class space    used 865K, committed 960K, reserved 114688K
}
Event: 2.441 GC heap after
{Heap after GC invocations=5 (full 0):
 def new generation   total 19648K, used 1944K [0x0000000100000000, 0x0000000101550000, 0x0000000104000000)
  eden space 17472K,   0% used [0x0000000100000000, 0x0000000100000000, 0x0000000101110000)
  from space 2176K,  89% used [0x0000000101330000, 0x00000001015162a0, 0x0000000101550000)
  to   space 2176K,   0% used [0x0000000101110000, 0x0000000101110000, 0x0000000101330000)
 tenured generation   total 43712K, used 14815K [0x0000000104000000, 0x0000000106ab0000, 0x000000010c000000)
   the space 43712K,  33% used [0x0000000104000000, 0x0000000104e77ec8, 0x0000000104e78000, 0x0000000106ab0000)
 Metaspace       used 6516K, committed 6720K, reserved 180224K
  class space    used 865K, committed 960K, reserved 114688K
}
Event: 3.834 GC heap before
{Heap before GC invocations=5 (full 0):
 def new generation   total 19648K, used 19416K [0x0000000100000000, 0x0000000101550000, 0x0000000104000000)
  eden space 17472K, 100% used [0x0000000100000000, 0x0000000101110000, 0x0000000101110000)
  from space 2176K,  89% used [0x0000000101330000, 0x00000001015162a0, 0x0000000101550000)
  to   space 2176K,   0% used [0x0000000101110000, 0x0000000101110000, 0x0000000101330000)
 tenured generation   total 43712K, used 14815K [0x0000000104000000, 0x0000000106ab0000, 0x000000010c000000)
   the space 43712K,  33% used [0x0000000104000000, 0x0000000104e77ec8, 0x0000000104e78000, 0x0000000106ab0000)
 Metaspace       used 11360K, committed 11776K, reserved 180224K
  class space    used 1505K, committed 1728K, reserved 114688K
}
Event: 3.843 GC heap after
{Heap after GC invocations=6 (full 0):
 def new generation   total 19648K, used 1952K [0x0000000100000000, 0x0000000101550000, 0x0000000104000000)
  eden space 17472K,   0% used [0x0000000100000000, 0x0000000100000000, 0x0000000101110000)
  from space 2176K,  89% used [0x0000000101110000, 0x00000001012f8300, 0x0000000101330000)
  to   space 2176K,   0% used [0x0000000101330000, 0x0000000101330000, 0x0000000101550000)
 tenured generation   total 43712K, used 16737K [0x0000000104000000, 0x0000000106ab0000, 0x000000010c000000)
   the space 43712K,  38% used [0x0000000104000000, 0x0000000105058488, 0x0000000105058600, 0x0000000106ab0000)
 Metaspace       used 11360K, committed 11776K, reserved 180224K
  class space    used 1505K, committed 1728K, reserved 114688K
}
Event: 6.497 GC heap before
{Heap before GC invocations=6 (full 0):
 def new generation   total 19648K, used 19424K [0x0000000100000000, 0x0000000101550000, 0x0000000104000000)
  eden space 17472K, 100% used [0x0000000100000000, 0x0000000101110000, 0x0000000101110000)
  from space 2176K,  89% used [0x0000000101110000, 0x00000001012f8300, 0x0000000101330000)
  to   space 2176K,   0% used [0x0000000101330000, 0x0000000101330000, 0x0000000101550000)
 tenured generation   total 43712K, used 16737K [0x0000000104000000, 0x0000000106ab0000, 0x000000010c000000)
   the space 43712K,  38% used [0x0000000104000000, 0x0000000105058488, 0x0000000105058600, 0x0000000106ab0000)
 Metaspace       used 14757K, committed 15168K, reserved 180224K
  class space    used 2006K, committed 2176K, reserved 114688K
}
Event: 6.504 GC heap after
{Heap after GC invocations=7 (full 0):
 def new generation   total 19648K, used 918K [0x0000000100000000, 0x0000000101550000, 0x0000000104000000)
  eden space 17472K,   0% used [0x0000000100000000, 0x0000000100000000, 0x0000000101110000)
  from space 2176K,  42% used [0x0000000101330000, 0x0000000101415968, 0x0000000101550000)
  to   space 2176K,   0% used [0x0000000101110000, 0x0000000101110000, 0x0000000101330000)
 tenured generation   total 43712K, used 18661K [0x0000000104000000, 0x0000000106ab0000, 0x000000010c000000)
   the space 43712K,  42% used [0x0000000104000000, 0x00000001052396d8, 0x0000000105239800, 0x0000000106ab0000)
 Metaspace       used 14757K, committed 15168K, reserved 180224K
  class space    used 2006K, committed 2176K, reserved 114688K
}
Event: 6.931 GC heap before
{Heap before GC invocations=7 (full 0):
 def new generation   total 19648K, used 18390K [0x0000000100000000, 0x0000000101550000, 0x0000000104000000)
  eden space 17472K, 100% used [0x0000000100000000, 0x0000000101110000, 0x0000000101110000)
  from space 2176K,  42% used [0x0000000101330000, 0x0000000101415968, 0x0000000101550000)
  to   space 2176K,   0% used [0x0000000101110000, 0x0000000101110000, 0x0000000101330000)
 tenured generation   total 43712K, used 18661K [0x0000000104000000, 0x0000000106ab0000, 0x000000010c000000)
   the space 43712K,  42% used [0x0000000104000000, 0x00000001052396d8, 0x0000000105239800, 0x0000000106ab0000)
 Metaspace       used 17668K, committed 18240K, reserved 180224K
  class space    used 2431K, committed 2688K, reserved 114688K
}
Event: 6.937 GC heap after
{Heap after GC invocations=8 (full 0):
 def new generation   total 19648K, used 1929K [0x0000000100000000, 0x0000000101550000, 0x0000000104000000)
  eden space 17472K,   0% used [0x0000000100000000, 0x0000000100000000, 0x0000000101110000)
  from space 2176K,  88% used [0x0000000101110000, 0x00000001012f2748, 0x0000000101330000)
  to   space 2176K,   0% used [0x0000000101330000, 0x0000000101330000, 0x0000000101550000)
 tenured generation   total 43712K, used 18661K [0x0000000104000000, 0x0000000106ab0000, 0x000000010c000000)
   the space 43712K,  42% used [0x0000000104000000, 0x00000001052396d8, 0x0000000105239800, 0x0000000106ab0000)
 Metaspace       used 17668K, committed 18240K, reserved 180224K
  class space    used 2431K, committed 2688K, reserved 114688K
}
Event: 7.247 GC heap before
{Heap before GC invocations=8 (full 0):
 def new generation   total 19648K, used 19401K [0x0000000100000000, 0x0000000101550000, 0x0000000104000000)
  eden space 17472K, 100% used [0x0000000100000000, 0x0000000101110000, 0x0000000101110000)
  from space 2176K,  88% used [0x0000000101110000, 0x00000001012f2748, 0x0000000101330000)
  to   space 2176K,   0% used [0x0000000101330000, 0x0000000101330000, 0x0000000101550000)
 tenured generation   total 43712K, used 18661K [0x0000000104000000, 0x0000000106ab0000, 0x000000010c000000)
   the space 43712K,  42% used [0x0000000104000000, 0x00000001052396d8, 0x0000000105239800, 0x0000000106ab0000)
 Metaspace       used 20023K, committed 20672K, reserved 180224K
  class space    used 2825K, committed 3136K, reserved 114688K
}
Event: 7.255 GC heap after
{Heap after GC invocations=9 (full 0):
 def new generation   total 19648K, used 2170K [0x0000000100000000, 0x0000000101550000, 0x0000000104000000)
  eden space 17472K,   0% used [0x0000000100000000, 0x0000000100000000, 0x0000000101110000)
  from space 2176K,  99% used [0x0000000101330000, 0x000000010154e900, 0x0000000101550000)
  to   space 2176K,   0% used [0x0000000101110000, 0x0000000101110000, 0x0000000101330000)
 tenured generation   total 43712K, used 19560K [0x0000000104000000, 0x0000000106ab0000, 0x000000010c000000)
   the space 43712K,  44% used [0x0000000104000000, 0x000000010531a1c8, 0x000000010531a200, 0x0000000106ab0000)
 Metaspace       used 20023K, committed 20672K, reserved 180224K
  class space    used 2825K, committed 3136K, reserved 114688K
}
Event: 7.366 GC heap before
{Heap before GC invocations=9 (full 0):
 def new generation   total 19648K, used 7670K [0x0000000100000000, 0x0000000101550000, 0x0000000104000000)
  eden space 17472K,  31% used [0x0000000100000000, 0x000000010055f0f8, 0x0000000101110000)
  from space 2176K,  99% used [0x0000000101330000, 0x000000010154e900, 0x0000000101550000)
  to   space 2176K,   0% used [0x0000000101110000, 0x0000000101110000, 0x0000000101330000)
 tenured generation   total 43712K, used 19560K [0x0000000104000000, 0x0000000106ab0000, 0x000000010c000000)
   the space 43712K,  44% used [0x0000000104000000, 0x000000010531a1c8, 0x000000010531a200, 0x0000000106ab0000)
 Metaspace       used 20802K, committed 21504K, reserved 180224K
  class space    used 2953K, committed 3264K, reserved 114688K
}
Event: 7.409 GC heap after
{Heap after GC invocations=10 (full 1):
 def new generation   total 19776K, used 0K [0x0000000100000000, 0x0000000101570000, 0x0000000104000000)
  eden space 17600K,   0% used [0x0000000100000000, 0x0000000100000000, 0x0000000101130000)
  from space 2176K,   0% used [0x0000000101130000, 0x0000000101130000, 0x0000000101350000)
  to   space 2176K,   0% used [0x0000000101350000, 0x0000000101350000, 0x0000000101570000)
 tenured generation   total 43712K, used 22044K [0x0000000104000000, 0x0000000106ab0000, 0x000000010c000000)
   the space 43712K,  50% used [0x0000000104000000, 0x0000000105587058, 0x0000000105587200, 0x0000000106ab0000)
 Metaspace       used 20802K, committed 21504K, reserved 180224K
  class space    used 2953K, committed 3264K, reserved 114688K
}
Event: 7.772 GC heap before
{Heap before GC invocations=10 (full 1):
 def new generation   total 19776K, used 17600K [0x0000000100000000, 0x0000000101570000, 0x0000000104000000)
  eden space 17600K, 100% used [0x0000000100000000, 0x0000000101130000, 0x0000000101130000)
  from space 2176K,   0% used [0x0000000101130000, 0x0000000101130000, 0x0000000101350000)
  to   space 2176K,   0% used [0x0000000101350000, 0x0000000101350000, 0x0000000101570000)
 tenured generation   total 43712K, used 22044K [0x0000000104000000, 0x0000000106ab0000, 0x000000010c000000)
   the space 43712K,  50% used [0x0000000104000000, 0x0000000105587058, 0x0000000105587200, 0x0000000106ab0000)
 Metaspace       used 23099K, committed 23872K, reserved 180224K
  class space    used 3336K, committed 3712K, reserved 114688K
}
Event: 7.780 GC heap after
{Heap after GC invocations=11 (full 1):
 def new generation   total 19776K, used 1116K [0x0000000100000000, 0x0000000101570000, 0x0000000104000000)
  eden space 17600K,   0% used [0x0000000100000000, 0x0000000100000000, 0x0000000101130000)
  from space 2176K,  51% used [0x0000000101350000, 0x0000000101467150, 0x0000000101570000)
  to   space 2176K,   0% used [0x0000000101130000, 0x0000000101130000, 0x0000000101350000)
 tenured generation   total 43712K, used 22044K [0x0000000104000000, 0x0000000106ab0000, 0x000000010c000000)
   the space 43712K,  50% used [0x0000000104000000, 0x0000000105587058, 0x0000000105587200, 0x0000000106ab0000)
 Metaspace       used 23099K, committed 23872K, reserved 180224K
  class space    used 3336K, committed 3712K, reserved 114688K
}
Event: 8.077 GC heap before
{Heap before GC invocations=11 (full 1):
 def new generation   total 19776K, used 18716K [0x0000000100000000, 0x0000000101570000, 0x0000000104000000)
  eden space 17600K, 100% used [0x0000000100000000, 0x0000000101130000, 0x0000000101130000)
  from space 2176K,  51% used [0x0000000101350000, 0x0000000101467150, 0x0000000101570000)
  to   space 2176K,   0% used [0x0000000101130000, 0x0000000101130000, 0x0000000101350000)
 tenured generation   total 43712K, used 22044K [0x0000000104000000, 0x0000000106ab0000, 0x000000010c000000)
   the space 43712K,  50% used [0x0000000104000000, 0x0000000105587058, 0x0000000105587200, 0x0000000106ab0000)
 Metaspace       used 25489K, committed 26432K, reserved 180224K
  class space    used 3746K, committed 4224K, reserved 114688K
}
Event: 8.085 GC heap after
{Heap after GC invocations=12 (full 1):
 def new generation   total 19776K, used 1167K [0x0000000100000000, 0x0000000101570000, 0x0000000104000000)
  eden space 17600K,   0% used [0x0000000100000000, 0x0000000100000000, 0x0000000101130000)
  from space 2176K,  53% used [0x0000000101130000, 0x0000000101253f40, 0x0000000101350000)
  to   space 2176K,   0% used [0x0000000101350000, 0x0000000101350000, 0x0000000101570000)
 tenured generation   total 43712K, used 23121K [0x0000000104000000, 0x0000000106ab0000, 0x000000010c000000)
   the space 43712K,  52% used [0x0000000104000000, 0x00000001056945d8, 0x0000000105694600, 0x0000000106ab0000)
 Metaspace       used 25489K, committed 26432K, reserved 180224K
  class space    used 3746K, committed 4224K, reserved 114688K
}

