# JRE version: OpenJDK Runtime Environment Temurin-25.0.3+9 (25.0.3+9) (build 25.0.3+9-LTS)
# Java VM: OpenJDK 64-Bit Server VM Temurin-25.0.3+9 (25.0.3+9-LTS, mixed mode, sharing, tiered, compressed oops, compressed class ptrs, serial gc, windows-amd64)
GC Precious Log:
 CardTable entry size: 512
 CPUs: 8 total, 8 available
 Memory: 3615M
 Large Page Support: Disabled
 NUMA Support: Disabled
 Compressed Oops: Enabled (32-bit)
 Heap Min Capacity: 64M
 Heap Initial Capacity: 64M
 Heap Max Capacity: 192M
 Pre-touch: Disabled
Heap:
 DefNew     total 19776K, used 7715K [0x00000000f4000000, 0x00000000f5570000, 0x00000000f8000000)
  eden space 17600K,  38% used [0x00000000f4000000, 0x00000000f4691c38, 0x00000000f5130000)
  from space 2176K,  45% used [0x00000000f5130000, 0x00000000f52270e8, 0x00000000f5350000)
  to   space 2176K,   0% used [0x00000000f5350000, 0x00000000f5350000, 0x00000000f5570000)
 Tenured    total 43712K, used 23878K [0x00000000f8000000, 0x00000000faab0000, 0x0000000100000000)
  the  space 43712K,  54% used [0x00000000f8000000, 0x00000000f9751bc8, 0x00000000faab0000)
GC Heap Usage History (20 events):
Event: 6.500 {heap Before GC invocations=2 (full 0):
 DefNew     total 19648K, used 19648K [0x00000000f4000000, 0x00000000f5550000, 0x00000000f8000000)
  eden space 17472K, 100% used [0x00000000f4000000, 0x00000000f5110000, 0x00000000f5110000)
  from space 2176K, 100% used [0x00000000f5110000, 0x00000000f5330000, 0x00000000f5330000)
  to   space 2176K,   0% used [0x00000000f5330000, 0x00000000f5330000, 0x00000000f5550000)
 Tenured    total 43712K, used 9018K [0x00000000f8000000, 0x00000000faab0000, 0x0000000100000000)
  the  space 43712K,  20% used [0x00000000f8000000, 0x00000000f88ce8e0, 0x00000000faab0000)
}
Event: 6.505 {heap After GC invocations=3 (full 0):
 DefNew     total 19648K, used 440K [0x00000000f4000000, 0x00000000f5550000, 0x00000000f8000000)
  eden space 17472K,   0% used [0x00000000f4000000, 0x00000000f4000000, 0x00000000f5110000)
  from space 2176K,  20% used [0x00000000f5330000, 0x00000000f539e028, 0x00000000f5550000)
  to   space 2176K,   0% used [0x00000000f5110000, 0x00000000f5110000, 0x00000000f5330000)
 Tenured    total 43712K, used 11188K [0x00000000f8000000, 0x00000000faab0000, 0x0000000100000000)
  the  space 43712K,  25% used [0x00000000f8000000, 0x00000000f8aed240, 0x00000000faab0000)
}
Event: 12.267 {heap Before GC invocations=3 (full 0):
 DefNew     total 19648K, used 17912K [0x00000000f4000000, 0x00000000f5550000, 0x00000000f8000000)
  eden space 17472K, 100% used [0x00000000f4000000, 0x00000000f5110000, 0x00000000f5110000)
  from space 2176K,  20% used [0x00000000f5330000, 0x00000000f539e028, 0x00000000f5550000)
  to   space 2176K,   0% used [0x00000000f5110000, 0x00000000f5110000, 0x00000000f5330000)
 Tenured    total 43712K, used 11188K [0x00000000f8000000, 0x00000000faab0000, 0x0000000100000000)
  the  space 43712K,  25% used [0x00000000f8000000, 0x00000000f8aed240, 0x00000000faab0000)
}
Event: 12.274 {heap After GC invocations=4 (full 0):
 DefNew     total 19648K, used 2175K [0x00000000f4000000, 0x00000000f5550000, 0x00000000f8000000)
  eden space 17472K,   0% used [0x00000000f4000000, 0x00000000f4000000, 0x00000000f5110000)
  from space 2176K,  99% used [0x00000000f5110000, 0x00000000f532fff8, 0x00000000f5330000)
  to   space 2176K,   0% used [0x00000000f5330000, 0x00000000f5330000, 0x00000000f5550000)
 Tenured    total 43712K, used 13591K [0x00000000f8000000, 0x00000000faab0000, 0x0000000100000000)
  the  space 43712K,  31% used [0x00000000f8000000, 0x00000000f8d45d70, 0x00000000faab0000)
}
Event: 13.583 {heap Before GC invocations=4 (full 0):
 DefNew     total 19648K, used 19647K [0x00000000f4000000, 0x00000000f5550000, 0x00000000f8000000)
  eden space 17472K, 100% used [0x00000000f4000000, 0x00000000f5110000, 0x00000000f5110000)
  from space 2176K,  99% used [0x00000000f5110000, 0x00000000f532fff8, 0x00000000f5330000)
  to   space 2176K,   0% used [0x00000000f5330000, 0x00000000f5330000, 0x00000000f5550000)
 Tenured    total 43712K, used 13591K [0x00000000f8000000, 0x00000000faab0000, 0x0000000100000000)
  the  space 43712K,  31% used [0x00000000f8000000, 0x00000000f8d45d70, 0x00000000faab0000)
}
Event: 13.592 {heap After GC invocations=5 (full 0):
 DefNew     total 19648K, used 1791K [0x00000000f4000000, 0x00000000f5550000, 0x00000000f8000000)
  eden space 17472K,   0% used [0x00000000f4000000, 0x00000000f4000000, 0x00000000f5110000)
  from space 2176K,  82% used [0x00000000f5330000, 0x00000000f54efef0, 0x00000000f5550000)
  to   space 2176K,   0% used [0x00000000f5110000, 0x00000000f5110000, 0x00000000f5330000)
 Tenured    total 43712K, used 15757K [0x00000000f8000000, 0x00000000faab0000, 0x0000000100000000)
  the  space 43712K,  36% used [0x00000000f8000000, 0x00000000f8f635c0, 0x00000000faab0000)
}
Event: 14.312 {heap Before GC invocations=5 (full 0):
 DefNew     total 19648K, used 19228K [0x00000000f4000000, 0x00000000f5550000, 0x00000000f8000000)
  eden space 17472K,  99% used [0x00000000f4000000, 0x00000000f5107380, 0x00000000f5110000)
  from space 2176K,  82% used [0x00000000f5330000, 0x00000000f54efef0, 0x00000000f5550000)
  to   space 2176K,   0% used [0x00000000f5110000, 0x00000000f5110000, 0x00000000f5330000)
 Tenured    total 43712K, used 15757K [0x00000000f8000000, 0x00000000faab0000, 0x0000000100000000)
  the  space 43712K,  36% used [0x00000000f8000000, 0x00000000f8f635c0, 0x00000000faab0000)
}
Event: 14.326 {heap After GC invocations=6 (full 0):
 DefNew     total 19648K, used 1959K [0x00000000f4000000, 0x00000000f5550000, 0x00000000f8000000)
  eden space 17472K,   0% used [0x00000000f4000000, 0x00000000f4000000, 0x00000000f5110000)
  from space 2176K,  90% used [0x00000000f5110000, 0x00000000f52f9d80, 0x00000000f5330000)
  to   space 2176K,   0% used [0x00000000f5330000, 0x00000000f5330000, 0x00000000f5550000)
 Tenured    total 43712K, used 17503K [0x00000000f8000000, 0x00000000faab0000, 0x0000000100000000)
  the  space 43712K,  40% used [0x00000000f8000000, 0x00000000f9117e80, 0x00000000faab0000)
}
Event: 14.757 {heap Before GC invocations=6 (full 0):
 DefNew     total 19648K, used 19431K [0x00000000f4000000, 0x00000000f5550000, 0x00000000f8000000)
  eden space 17472K, 100% used [0x00000000f4000000, 0x00000000f5110000, 0x00000000f5110000)
  from space 2176K,  90% used [0x00000000f5110000, 0x00000000f52f9d80, 0x00000000f5330000)
  to   space 2176K,   0% used [0x00000000f5330000, 0x00000000f5330000, 0x00000000f5550000)
 Tenured    total 43712K, used 17503K [0x00000000f8000000, 0x00000000faab0000, 0x0000000100000000)
  the  space 43712K,  40% used [0x00000000f8000000, 0x00000000f9117e80, 0x00000000faab0000)
}
Event: 14.764 {heap After GC invocations=7 (full 0):
 DefNew     total 19648K, used 681K [0x00000000f4000000, 0x00000000f5550000, 0x00000000f8000000)
  eden space 17472K,   0% used [0x00000000f4000000, 0x00000000f4000000, 0x00000000f5110000)
  from space 2176K,  31% used [0x00000000f5330000, 0x00000000f53da6a0, 0x00000000f5550000)
  to   space 2176K,   0% used [0x00000000f5110000, 0x00000000f5110000, 0x00000000f5330000)
 Tenured    total 43712K, used 19454K [0x00000000f8000000, 0x00000000faab0000, 0x0000000100000000)
  the  space 43712K,  44% used [0x00000000f8000000, 0x00000000f92ff978, 0x00000000faab0000)
}
Event: 15.305 {heap Before GC invocations=7 (full 0):
 DefNew     total 19648K, used 18153K [0x00000000f4000000, 0x00000000f5550000, 0x00000000f8000000)
  eden space 17472K, 100% used [0x00000000f4000000, 0x00000000f5110000, 0x00000000f5110000)
  from space 2176K,  31% used [0x00000000f5330000, 0x00000000f53da6a0, 0x00000000f5550000)
  to   space 2176K,   0% used [0x00000000f5110000, 0x00000000f5110000, 0x00000000f5330000)
 Tenured    total 43712K, used 19454K [0x00000000f8000000, 0x00000000faab0000, 0x0000000100000000)
  the  space 43712K,  44% used [0x00000000f8000000, 0x00000000f92ff978, 0x00000000faab0000)
}
Event: 15.313 {heap After GC invocations=8 (full 0):
 DefNew     total 19648K, used 1717K [0x00000000f4000000, 0x00000000f5550000, 0x00000000f8000000)
  eden space 17472K,   0% used [0x00000000f4000000, 0x00000000f4000000, 0x00000000f5110000)
  from space 2176K,  78% used [0x00000000f5110000, 0x00000000f52bd548, 0x00000000f5330000)
  to   space 2176K,   0% used [0x00000000f5330000, 0x00000000f5330000, 0x00000000f5550000)
 Tenured    total 43712K, used 19454K [0x00000000f8000000, 0x00000000faab0000, 0x0000000100000000)
  the  space 43712K,  44% used [0x00000000f8000000, 0x00000000f92ff978, 0x00000000faab0000)
}
Event: 15.670 {heap Before GC invocations=8 (full 0):
 DefNew     total 19648K, used 19189K [0x00000000f4000000, 0x00000000f5550000, 0x00000000f8000000)
  eden space 17472K, 100% used [0x00000000f4000000, 0x00000000f5110000, 0x00000000f5110000)
  from space 2176K,  78% used [0x00000000f5110000, 0x00000000f52bd548, 0x00000000f5330000)
  to   space 2176K,   0% used [0x00000000f5330000, 0x00000000f5330000, 0x00000000f5550000)
 Tenured    total 43712K, used 19454K [0x00000000f8000000, 0x00000000faab0000, 0x0000000100000000)
  the  space 43712K,  44% used [0x00000000f8000000, 0x00000000f92ff978, 0x00000000faab0000)
}
Event: 15.679 {heap After GC invocations=9 (full 0):
 DefNew     total 19648K, used 2105K [0x00000000f4000000, 0x00000000f5550000, 0x00000000f8000000)
  eden space 17472K,   0% used [0x00000000f4000000, 0x00000000f4000000, 0x00000000f5110000)
  from space 2176K,  96% used [0x00000000f5330000, 0x00000000f553e580, 0x00000000f5550000)
  to   space 2176K,   0% used [0x00000000f5110000, 0x00000000f5110000, 0x00000000f5330000)
 Tenured    total 43712K, used 20122K [0x00000000f8000000, 0x00000000faab0000, 0x0000000100000000)
  the  space 43712K,  46% used [0x00000000f8000000, 0x00000000f93a6830, 0x00000000faab0000)
}
Event: 15.881 {heap Before GC invocations=9 (full 0):
 DefNew     total 19648K, used 13266K [0x00000000f4000000, 0x00000000f5550000, 0x00000000f8000000)
  eden space 17472K,  63% used [0x00000000f4000000, 0x00000000f4ae63c0, 0x00000000f5110000)
  from space 2176K,  96% used [0x00000000f5330000, 0x00000000f553e580, 0x00000000f5550000)
  to   space 2176K,   0% used [0x00000000f5110000, 0x00000000f5110000, 0x00000000f5330000)
 Tenured    total 43712K, used 20122K [0x00000000f8000000, 0x00000000faab0000, 0x0000000100000000)
  the  space 43712K,  46% used [0x00000000f8000000, 0x00000000f93a6830, 0x00000000faab0000)
}
Event: 15.937 {heap After GC invocations=10 (full 1):
 DefNew     total 19776K, used 0K [0x00000000f4000000, 0x00000000f5570000, 0x00000000f8000000)
  eden space 17600K,   0% used [0x00000000f4000000, 0x00000000f4000000, 0x00000000f5130000)
  from space 2176K,   0% used [0x00000000f5130000, 0x00000000f5130000, 0x00000000f5350000)
  to   space 2176K,   0% used [0x00000000f5350000, 0x00000000f5350000, 0x00000000f5570000)
 Tenured    total 43712K, used 22748K [0x00000000f8000000, 0x00000000faab0000, 0x0000000100000000)
  the  space 43712K,  52% used [0x00000000f8000000, 0x00000000f96371e0, 0x00000000faab0000)
}
Event: 16.342 {heap Before GC invocations=10 (full 1):
 DefNew     total 19776K, used 17600K [0x00000000f4000000, 0x00000000f5570000, 0x00000000f8000000)
  eden space 17600K, 100% used [0x00000000f4000000, 0x00000000f5130000, 0x00000000f5130000)
  from space 2176K,   0% used [0x00000000f5130000, 0x00000000f5130000, 0x00000000f5350000)
  to   space 2176K,   0% used [0x00000000f5350000, 0x00000000f5350000, 0x00000000f5570000)
 Tenured    total 43712K, used 22748K [0x00000000f8000000, 0x00000000faab0000, 0x0000000100000000)
  the  space 43712K,  52% used [0x00000000f8000000, 0x00000000f96371e0, 0x00000000faab0000)
}
Event: 16.348 {heap After GC invocations=11 (full 1):
 DefNew     total 19776K, used 1141K [0x00000000f4000000, 0x00000000f5570000, 0x00000000f8000000)
  eden space 17600K,   0% used [0x00000000f4000000, 0x00000000f4000000, 0x00000000f5130000)
  from space 2176K,  52% used [0x00000000f5350000, 0x00000000f546d650, 0x00000000f5570000)
  to   space 2176K,   0% used [0x00000000f5130000, 0x00000000f5130000, 0x00000000f5350000)
 Tenured    total 43712K, used 22748K [0x00000000f8000000, 0x00000000faab0000, 0x0000000100000000)
  the  space 43712K,  52% used [0x00000000f8000000, 0x00000000f96371e0, 0x00000000faab0000)
}
Event: 16.753 {heap Before GC invocations=11 (full 1):
 DefNew     total 19776K, used 18741K [0x00000000f4000000, 0x00000000f5570000, 0x00000000f8000000)
  eden space 17600K, 100% used [0x00000000f4000000, 0x00000000f5130000, 0x00000000f5130000)
  from space 2176K,  52% used [0x00000000f5350000, 0x00000000f546d650, 0x00000000f5570000)
  to   space 2176K,   0% used [0x00000000f5130000, 0x00000000f5130000, 0x00000000f5350000)
 Tenured    total 43712K, used 22748K [0x00000000f8000000, 0x00000000faab0000, 0x0000000100000000)
  the  space 43712K,  52% used [0x00000000f8000000, 0x00000000f96371e0, 0x00000000faab0000)
}
Event: 16.760 {heap After GC invocations=12 (full 1):
 DefNew     total 19776K, used 988K [0x00000000f4000000, 0x00000000f5570000, 0x00000000f8000000)
  eden space 17600K,   0% used [0x00000000f4000000, 0x00000000f4000000, 0x00000000f5130000)
  from space 2176K,  45% used [0x00000000f5130000, 0x00000000f52270e8, 0x00000000f5350000)
  to   space 2176K,   0% used [0x00000000f5350000, 0x00000000f5350000, 0x00000000f5570000)
 Tenured    total 43712K, used 23878K [0x00000000f8000000, 0x00000000faab0000, 0x0000000100000000)
  the  space 43712K,  54% used [0x00000000f8000000, 0x00000000f9751bc8, 0x00000000faab0000)
}

