# JRE version: OpenJDK Runtime Environment Temurin-25.0.3+9 (25.0.3+9) (build 25.0.3+9-LTS)
# Java VM: OpenJDK 64-Bit Server VM Temurin-25.0.3+9 (25.0.3+9-LTS, mixed mode, sharing, tiered, compressed oops, compressed class ptrs, g1 gc, windows-amd64)
GC Precious Log:
 CardTable entry size: 512
 Card Set container configuration: InlinePtr #cards 5 size 8 Array Of Cards #cards 10 size 36 Howl #buckets 4 coarsen threshold 1843 Howl Bitmap #cards 512 size 80 coarsen threshold 460 Card regions per heap region 1 cards per card region 2048
 CPUs: 8 total, 8 available
 Memory: 3615M
 Large Page Support: Disabled
 NUMA Support: Disabled
 Compressed Oops: Enabled (32-bit)
 Heap Region Size: 1M
 Heap Min Capacity: 256M
 Heap Initial Capacity: 256M
 Heap Max Capacity: 512M
 Pre-touch: Disabled
 Parallel Workers: 8
 Concurrent Workers: 2
 Concurrent Refinement Workers: 8
 Periodic GC: Disabled
Heap:
 garbage-first heap   total reserved 524288K, committed 324608K, used 201751K [0x00000000e0000000, 0x0000000100000000)
  region size 1024K, 92 young (94208K), 2 survivors (2048K)
GC Heap Usage History (20 events):
Event: 423.706 {heap Before GC invocations=34 (full 0):
 garbage-first heap   total reserved 524288K, committed 262144K, used 109500K [0x00000000e0000000, 0x0000000100000000)
  region size 1024K, 16 young (16384K), 2 survivors (2048K)
}
Event: 423.740 {heap After GC invocations=35 (full 0):
 garbage-first heap   total reserved 524288K, committed 356352K, used 93534K [0x00000000e0000000, 0x0000000100000000)
  region size 1024K, 2 young (2048K), 2 survivors (2048K)
}
Event: 447.853 {heap Before GC invocations=35 (full 0):
 garbage-first heap   total reserved 524288K, committed 356352K, used 175454K [0x00000000e0000000, 0x0000000100000000)
  region size 1024K, 83 young (84992K), 2 survivors (2048K)
}
Event: 447.996 {heap After GC invocations=36 (full 0):
 garbage-first heap   total reserved 524288K, committed 356352K, used 97280K [0x00000000e0000000, 0x0000000100000000)
  region size 1024K, 5 young (5120K), 5 survivors (5120K)
}
Event: 460.837 {heap Before GC invocations=37 (full 0):
 garbage-first heap   total reserved 524288K, committed 324608K, used 107520K [0x00000000e0000000, 0x0000000100000000)
  region size 1024K, 15 young (15360K), 5 survivors (5120K)
}
Event: 460.999 {heap After GC invocations=38 (full 0):
 garbage-first heap   total reserved 524288K, committed 324608K, used 98377K [0x00000000e0000000, 0x0000000100000000)
  region size 1024K, 2 young (2048K), 2 survivors (2048K)
}
Event: 494.778 {heap Before GC invocations=38 (full 0):
 garbage-first heap   total reserved 524288K, committed 324608K, used 148553K [0x00000000e0000000, 0x0000000100000000)
  region size 1024K, 52 young (53248K), 2 survivors (2048K)
}
Event: 495.036 {heap After GC invocations=39 (full 0):
 garbage-first heap   total reserved 524288K, committed 324608K, used 101595K [0x00000000e0000000, 0x0000000100000000)
  region size 1024K, 7 young (7168K), 7 survivors (7168K)
}
Event: 496.907 {heap Before GC invocations=39 (full 0):
 garbage-first heap   total reserved 524288K, committed 324608K, used 112859K [0x00000000e0000000, 0x0000000100000000)
  region size 1024K, 18 young (18432K), 7 survivors (7168K)
}
Event: 496.927 {heap After GC invocations=40 (full 0):
 garbage-first heap   total reserved 524288K, committed 324608K, used 102343K [0x00000000e0000000, 0x0000000100000000)
  region size 1024K, 2 young (2048K), 2 survivors (2048K)
}
Event: 512.275 {heap Before GC invocations=40 (full 0):
 garbage-first heap   total reserved 524288K, committed 324608K, used 243655K [0x00000000e0000000, 0x0000000100000000)
  region size 1024K, 141 young (144384K), 2 survivors (2048K)
}
Event: 512.350 {heap After GC invocations=41 (full 0):
 garbage-first heap   total reserved 524288K, committed 324608K, used 106477K [0x00000000e0000000, 0x0000000100000000)
  region size 1024K, 6 young (6144K), 6 survivors (6144K)
}
Event: 520.085 {heap Before GC invocations=41 (full 0):
 garbage-first heap   total reserved 524288K, committed 324608K, used 146413K [0x00000000e0000000, 0x0000000100000000)
  region size 1024K, 45 young (46080K), 6 survivors (6144K)
}
Event: 520.194 {heap After GC invocations=42 (full 0):
 garbage-first heap   total reserved 524288K, committed 324608K, used 107572K [0x00000000e0000000, 0x0000000100000000)
  region size 1024K, 2 young (2048K), 2 survivors (2048K)
}
Event: 545.782 {heap Before GC invocations=43 (full 0):
 garbage-first heap   total reserved 524288K, committed 324608K, used 215092K [0x00000000e0000000, 0x0000000100000000)
  region size 1024K, 110 young (112640K), 2 survivors (2048K)
}
Event: 546.068 {heap After GC invocations=44 (full 0):
 garbage-first heap   total reserved 524288K, committed 324608K, used 106813K [0x00000000e0000000, 0x0000000100000000)
  region size 1024K, 4 young (4096K), 4 survivors (4096K)
}
Event: 726.795 {heap Before GC invocations=44 (full 0):
 garbage-first heap   total reserved 524288K, committed 324608K, used 275773K [0x00000000e0000000, 0x0000000100000000)
  region size 1024K, 170 young (174080K), 4 survivors (4096K)
}
Event: 726.921 {heap After GC invocations=45 (full 0):
 garbage-first heap   total reserved 524288K, committed 324608K, used 112533K [0x00000000e0000000, 0x0000000100000000)
  region size 1024K, 11 young (11264K), 11 survivors (11264K)
}
Event: 727.091 {heap Before GC invocations=45 (full 0):
 garbage-first heap   total reserved 524288K, committed 324608K, used 116629K [0x00000000e0000000, 0x0000000100000000)
  region size 1024K, 15 young (15360K), 11 survivors (11264K)
}
Event: 727.525 {heap After GC invocations=46 (full 0):
 garbage-first heap   total reserved 524288K, committed 324608K, used 110615K [0x00000000e0000000, 0x0000000100000000)
  region size 1024K, 2 young (2048K), 2 survivors (2048K)
}

