# JRE version: OpenJDK Runtime Environment Temurin-21.0.11+10 (21.0.11+10) (build 21.0.11+10-LTS)
# Java VM: OpenJDK 64-Bit Server VM Temurin-21.0.11+10 (21.0.11+10-LTS, mixed mode, sharing, tiered, compressed oops, compressed class ptrs, serial gc, windows-amd64)
GC Precious Log:
 CardTable entry size: 512
 CPUs: 8 total, 8 available
 Memory: 3615M
 Large Page Support: Disabled
 NUMA Support: Disabled
 Compressed Oops: Enabled (32-bit)
 Heap Min Capacity: 64M
 Heap Initial Capacity: 64M
 Heap Max Capacity: 192M
 Pre-touch: Disabled
Heap:
 def new generation   total 36480K, used 31356K [0x00000000f4000000, 0x00000000f6790000, 0x00000000f8000000)
  eden space 32448K,  84% used [0x00000000f4000000, 0x00000000f5aaf3d8, 0x00000000f5fb0000)
  from space 4032K, 100% used [0x00000000f5fb0000, 0x00000000f63a0000, 0x00000000f63a0000)
  to   space 4032K,   0% used [0x00000000f63a0000, 0x00000000f63a0000, 0x00000000f6790000)
 tenured generation   total 80716K, used 79265K [0x00000000f8000000, 0x00000000fced3000, 0x0000000100000000)
   the space 80716K,  98% used [0x00000000f8000000, 0x00000000fcd68728, 0x00000000fcd68800, 0x00000000fced3000)
 Metaspace       used 72298K, committed 74688K, reserved 180224K
  class space    used 10451K, committed 11648K, reserved 114688K
GC Heap History (20 events):
Event: 34.418 GC heap before
{Heap before GC invocations=29 (full 2):
 def new generation   total 21376K, used 21375K [0x00000000f4000000, 0x00000000f5730000, 0x00000000f8000000)
  eden space 19008K, 100% used [0x00000000f4000000, 0x00000000f5290000, 0x00000000f5290000)
  from space 2368K,  99% used [0x00000000f54e0000, 0x00000000f572fff8, 0x00000000f5730000)
  to   space 2368K,   0% used [0x00000000f5290000, 0x00000000f5290000, 0x00000000f54e0000)
 tenured generation   total 47276K, used 46131K [0x00000000f8000000, 0x00000000fae2b000, 0x0000000100000000)
   the space 47276K,  97% used [0x00000000f8000000, 0x00000000fad0cf28, 0x00000000fad0d000, 0x00000000fae2b000)
 Metaspace       used 56058K, committed 58176K, reserved 180224K
  class space    used 8296K, committed 9344K, reserved 114688K
}
Event: 34.428 GC heap after
{Heap after GC invocations=30 (full 2):
 def new generation   total 21376K, used 1883K [0x00000000f4000000, 0x00000000f5730000, 0x00000000f8000000)
  eden space 19008K,   0% used [0x00000000f4000000, 0x00000000f4000000, 0x00000000f5290000)
  from space 2368K,  79% used [0x00000000f5290000, 0x00000000f5466cf0, 0x00000000f54e0000)
  to   space 2368K,   0% used [0x00000000f54e0000, 0x00000000f54e0000, 0x00000000f5730000)
 tenured generation   total 48428K, used 48378K [0x00000000f8000000, 0x00000000faf4b000, 0x0000000100000000)
   the space 48428K,  99% used [0x00000000f8000000, 0x00000000faf3eaf8, 0x00000000faf3ec00, 0x00000000faf4b000)
 Metaspace       used 56058K, committed 58176K, reserved 180224K
  class space    used 8296K, committed 9344K, reserved 114688K
}
Event: 34.428 GC heap before
{Heap before GC invocations=30 (full 2):
 def new generation   total 21376K, used 1883K [0x00000000f4000000, 0x00000000f5730000, 0x00000000f8000000)
  eden space 19008K,   0% used [0x00000000f4000000, 0x00000000f4000000, 0x00000000f5290000)
  from space 2368K,  79% used [0x00000000f5290000, 0x00000000f5466cf0, 0x00000000f54e0000)
  to   space 2368K,   0% used [0x00000000f54e0000, 0x00000000f54e0000, 0x00000000f5730000)
 tenured generation   total 48428K, used 48378K [0x00000000f8000000, 0x00000000faf4b000, 0x0000000100000000)
   the space 48428K,  99% used [0x00000000f8000000, 0x00000000faf3eaf8, 0x00000000faf3ec00, 0x00000000faf4b000)
 Metaspace       used 56058K, committed 58176K, reserved 180224K
  class space    used 8296K, committed 9344K, reserved 114688K
}
Event: 34.543 GC heap after
{Heap after GC invocations=30 (full 3):
 def new generation   total 36480K, used 1497K [0x00000000f4000000, 0x00000000f6790000, 0x00000000f8000000)
  eden space 32448K,   4% used [0x00000000f4000000, 0x00000000f4176728, 0x00000000f5fb0000)
  from space 4032K,   0% used [0x00000000f5fb0000, 0x00000000f5fb0000, 0x00000000f63a0000)
  to   space 4032K,   0% used [0x00000000f63a0000, 0x00000000f63a0000, 0x00000000f6790000)
 tenured generation   total 80716K, used 48427K [0x00000000f8000000, 0x00000000fced3000, 0x0000000100000000)
   the space 80716K,  59% used [0x00000000f8000000, 0x00000000faf4afd8, 0x00000000faf4b000, 0x00000000fced3000)
 Metaspace       used 56058K, committed 58176K, reserved 180224K
  class space    used 8296K, committed 9344K, reserved 114688K
}
Event: 35.003 GC heap before
{Heap before GC invocations=30 (full 3):
 def new generation   total 36480K, used 32448K [0x00000000f4000000, 0x00000000f6790000, 0x00000000f8000000)
  eden space 32448K, 100% used [0x00000000f4000000, 0x00000000f5fb0000, 0x00000000f5fb0000)
  from space 4032K,   0% used [0x00000000f5fb0000, 0x00000000f5fb0000, 0x00000000f63a0000)
  to   space 4032K,   0% used [0x00000000f63a0000, 0x00000000f63a0000, 0x00000000f6790000)
 tenured generation   total 80716K, used 48427K [0x00000000f8000000, 0x00000000fced3000, 0x0000000100000000)
   the space 80716K,  59% used [0x00000000f8000000, 0x00000000faf4afd8, 0x00000000faf4b000, 0x00000000fced3000)
 Metaspace       used 56432K, committed 58688K, reserved 180224K
  class space    used 8332K, committed 9408K, reserved 114688K
}
Event: 35.042 GC heap after
{Heap after GC invocations=31 (full 3):
 def new generation   total 36480K, used 4032K [0x00000000f4000000, 0x00000000f6790000, 0x00000000f8000000)
  eden space 32448K,   0% used [0x00000000f4000000, 0x00000000f4000000, 0x00000000f5fb0000)
  from space 4032K, 100% used [0x00000000f63a0000, 0x00000000f6790000, 0x00000000f6790000)
  to   space 4032K,   0% used [0x00000000f5fb0000, 0x00000000f5fb0000, 0x00000000f63a0000)
 tenured generation   total 80716K, used 48816K [0x00000000f8000000, 0x00000000fced3000, 0x0000000100000000)
   the space 80716K,  60% used [0x00000000f8000000, 0x00000000fafac1a8, 0x00000000fafac200, 0x00000000fced3000)
 Metaspace       used 56432K, committed 58688K, reserved 180224K
  class space    used 8332K, committed 9408K, reserved 114688K
}
Event: 35.652 GC heap before
{Heap before GC invocations=31 (full 3):
 def new generation   total 36480K, used 36480K [0x00000000f4000000, 0x00000000f6790000, 0x00000000f8000000)
  eden space 32448K, 100% used [0x00000000f4000000, 0x00000000f5fb0000, 0x00000000f5fb0000)
  from space 4032K, 100% used [0x00000000f63a0000, 0x00000000f6790000, 0x00000000f6790000)
  to   space 4032K,   0% used [0x00000000f5fb0000, 0x00000000f5fb0000, 0x00000000f63a0000)
 tenured generation   total 80716K, used 48816K [0x00000000f8000000, 0x00000000fced3000, 0x0000000100000000)
   the space 80716K,  60% used [0x00000000f8000000, 0x00000000fafac1a8, 0x00000000fafac200, 0x00000000fced3000)
 Metaspace       used 58625K, committed 60928K, reserved 180224K
  class space    used 8690K, committed 9856K, reserved 114688K
}
Event: 35.668 GC heap after
{Heap after GC invocations=32 (full 3):
 def new generation   total 36480K, used 1925K [0x00000000f4000000, 0x00000000f6790000, 0x00000000f8000000)
  eden space 32448K,   0% used [0x00000000f4000000, 0x00000000f4000000, 0x00000000f5fb0000)
  from space 4032K,  47% used [0x00000000f5fb0000, 0x00000000f61914b0, 0x00000000f63a0000)
  to   space 4032K,   0% used [0x00000000f63a0000, 0x00000000f63a0000, 0x00000000f6790000)
 tenured generation   total 80716K, used 52818K [0x00000000f8000000, 0x00000000fced3000, 0x0000000100000000)
   the space 80716K,  65% used [0x00000000f8000000, 0x00000000fb394950, 0x00000000fb394a00, 0x00000000fced3000)
 Metaspace       used 58625K, committed 60928K, reserved 180224K
  class space    used 8690K, committed 9856K, reserved 114688K
}
Event: 35.935 GC heap before
{Heap before GC invocations=32 (full 3):
 def new generation   total 36480K, used 34373K [0x00000000f4000000, 0x00000000f6790000, 0x00000000f8000000)
  eden space 32448K, 100% used [0x00000000f4000000, 0x00000000f5fb0000, 0x00000000f5fb0000)
  from space 4032K,  47% used [0x00000000f5fb0000, 0x00000000f61914b0, 0x00000000f63a0000)
  to   space 4032K,   0% used [0x00000000f63a0000, 0x00000000f63a0000, 0x00000000f6790000)
 tenured generation   total 80716K, used 52818K [0x00000000f8000000, 0x00000000fced3000, 0x0000000100000000)
   the space 80716K,  65% used [0x00000000f8000000, 0x00000000fb394950, 0x00000000fb394a00, 0x00000000fced3000)
 Metaspace       used 59503K, committed 61824K, reserved 180224K
  class space    used 8860K, committed 9984K, reserved 114688K
}
Event: 35.966 GC heap after
{Heap after GC invocations=33 (full 3):
 def new generation   total 36480K, used 4032K [0x00000000f4000000, 0x00000000f6790000, 0x00000000f8000000)
  eden space 32448K,   0% used [0x00000000f4000000, 0x00000000f4000000, 0x00000000f5fb0000)
  from space 4032K, 100% used [0x00000000f63a0000, 0x00000000f6790000, 0x00000000f6790000)
  to   space 4032K,   0% used [0x00000000f5fb0000, 0x00000000f5fb0000, 0x00000000f63a0000)
 tenured generation   total 80716K, used 55669K [0x00000000f8000000, 0x00000000fced3000, 0x0000000100000000)
   the space 80716K,  68% used [0x00000000f8000000, 0x00000000fb65d768, 0x00000000fb65d800, 0x00000000fced3000)
 Metaspace       used 59503K, committed 61824K, reserved 180224K
  class space    used 8860K, committed 9984K, reserved 114688K
}
Event: 36.098 GC heap before
{Heap before GC invocations=33 (full 3):
 def new generation   total 36480K, used 36480K [0x00000000f4000000, 0x00000000f6790000, 0x00000000f8000000)
  eden space 32448K, 100% used [0x00000000f4000000, 0x00000000f5fb0000, 0x00000000f5fb0000)
  from space 4032K, 100% used [0x00000000f63a0000, 0x00000000f6790000, 0x00000000f6790000)
  to   space 4032K,   0% used [0x00000000f5fb0000, 0x00000000f5fb0000, 0x00000000f63a0000)
 tenured generation   total 80716K, used 55669K [0x00000000f8000000, 0x00000000fced3000, 0x0000000100000000)
   the space 80716K,  68% used [0x00000000f8000000, 0x00000000fb65d768, 0x00000000fb65d800, 0x00000000fced3000)
 Metaspace       used 59527K, committed 61888K, reserved 180224K
  class space    used 8866K, committed 10048K, reserved 114688K
}
Event: 36.139 GC heap after
{Heap after GC invocations=34 (full 3):
 def new generation   total 36480K, used 4031K [0x00000000f4000000, 0x00000000f6790000, 0x00000000f8000000)
  eden space 32448K,   0% used [0x00000000f4000000, 0x00000000f4000000, 0x00000000f5fb0000)
  from space 4032K,  99% used [0x00000000f5fb0000, 0x00000000f639fff8, 0x00000000f63a0000)
  to   space 4032K,   0% used [0x00000000f63a0000, 0x00000000f63a0000, 0x00000000f6790000)
 tenured generation   total 80716K, used 61055K [0x00000000f8000000, 0x00000000fced3000, 0x0000000100000000)
   the space 80716K,  75% used [0x00000000f8000000, 0x00000000fbb9fdc8, 0x00000000fbb9fe00, 0x00000000fced3000)
 Metaspace       used 59527K, committed 61888K, reserved 180224K
  class space    used 8866K, committed 10048K, reserved 114688K
}
Event: 37.088 GC heap before
{Heap before GC invocations=34 (full 3):
 def new generation   total 36480K, used 36479K [0x00000000f4000000, 0x00000000f6790000, 0x00000000f8000000)
  eden space 32448K, 100% used [0x00000000f4000000, 0x00000000f5fb0000, 0x00000000f5fb0000)
  from space 4032K,  99% used [0x00000000f5fb0000, 0x00000000f639fff8, 0x00000000f63a0000)
  to   space 4032K,   0% used [0x00000000f63a0000, 0x00000000f63a0000, 0x00000000f6790000)
 tenured generation   total 80716K, used 61055K [0x00000000f8000000, 0x00000000fced3000, 0x0000000100000000)
   the space 80716K,  75% used [0x00000000f8000000, 0x00000000fbb9fdc8, 0x00000000fbb9fe00, 0x00000000fced3000)
 Metaspace       used 67319K, committed 69632K, reserved 180224K
  class space    used 9816K, committed 10944K, reserved 114688K
}
Event: 37.115 GC heap after
{Heap after GC invocations=35 (full 3):
 def new generation   total 36480K, used 4031K [0x00000000f4000000, 0x00000000f6790000, 0x00000000f8000000)
  eden space 32448K,   0% used [0x00000000f4000000, 0x00000000f4000000, 0x00000000f5fb0000)
  from space 4032K,  99% used [0x00000000f63a0000, 0x00000000f678fff8, 0x00000000f6790000)
  to   space 4032K,   0% used [0x00000000f5fb0000, 0x00000000f5fb0000, 0x00000000f63a0000)
 tenured generation   total 80716K, used 67163K [0x00000000f8000000, 0x00000000fced3000, 0x0000000100000000)
   the space 80716K,  83% used [0x00000000f8000000, 0x00000000fc196d78, 0x00000000fc196e00, 0x00000000fced3000)
 Metaspace       used 67319K, committed 69632K, reserved 180224K
  class space    used 9816K, committed 10944K, reserved 114688K
}
Event: 37.590 GC heap before
{Heap before GC invocations=35 (full 3):
 def new generation   total 36480K, used 36479K [0x00000000f4000000, 0x00000000f6790000, 0x00000000f8000000)
  eden space 32448K, 100% used [0x00000000f4000000, 0x00000000f5fb0000, 0x00000000f5fb0000)
  from space 4032K,  99% used [0x00000000f63a0000, 0x00000000f678fff8, 0x00000000f6790000)
  to   space 4032K,   0% used [0x00000000f5fb0000, 0x00000000f5fb0000, 0x00000000f63a0000)
 tenured generation   total 80716K, used 67163K [0x00000000f8000000, 0x00000000fced3000, 0x0000000100000000)
   the space 80716K,  83% used [0x00000000f8000000, 0x00000000fc196d78, 0x00000000fc196e00, 0x00000000fced3000)
 Metaspace       used 67807K, committed 70144K, reserved 180224K
  class space    used 9876K, committed 11008K, reserved 114688K
}
Event: 37.624 GC heap after
{Heap after GC invocations=36 (full 3):
 def new generation   total 36480K, used 4032K [0x00000000f4000000, 0x00000000f6790000, 0x00000000f8000000)
  eden space 32448K,   0% used [0x00000000f4000000, 0x00000000f4000000, 0x00000000f5fb0000)
  from space 4032K, 100% used [0x00000000f5fb0000, 0x00000000f63a0000, 0x00000000f63a0000)
  to   space 4032K,   0% used [0x00000000f63a0000, 0x00000000f63a0000, 0x00000000f6790000)
 tenured generation   total 80716K, used 75041K [0x00000000f8000000, 0x00000000fced3000, 0x0000000100000000)
   the space 80716K,  92% used [0x00000000f8000000, 0x00000000fc948518, 0x00000000fc948600, 0x00000000fced3000)
 Metaspace       used 67807K, committed 70144K, reserved 180224K
  class space    used 9876K, committed 11008K, reserved 114688K
}
Event: 38.481 GC heap before
{Heap before GC invocations=36 (full 3):
 def new generation   total 36480K, used 36480K [0x00000000f4000000, 0x00000000f6790000, 0x00000000f8000000)
  eden space 32448K, 100% used [0x00000000f4000000, 0x00000000f5fb0000, 0x00000000f5fb0000)
  from space 4032K, 100% used [0x00000000f5fb0000, 0x00000000f63a0000, 0x00000000f63a0000)
  to   space 4032K,   0% used [0x00000000f63a0000, 0x00000000f63a0000, 0x00000000f6790000)
 tenured generation   total 80716K, used 75041K [0x00000000f8000000, 0x00000000fced3000, 0x0000000100000000)
   the space 80716K,  92% used [0x00000000f8000000, 0x00000000fc948518, 0x00000000fc948600, 0x00000000fced3000)
 Metaspace       used 69704K, committed 72064K, reserved 180224K
  class space    used 10089K, committed 11264K, reserved 114688K
}
Event: 38.492 GC heap after
{Heap after GC invocations=37 (full 3):
 def new generation   total 36480K, used 775K [0x00000000f4000000, 0x00000000f6790000, 0x00000000f8000000)
  eden space 32448K,   0% used [0x00000000f4000000, 0x00000000f4000000, 0x00000000f5fb0000)
  from space 4032K,  19% used [0x00000000f63a0000, 0x00000000f6461e40, 0x00000000f6790000)
  to   space 4032K,   0% used [0x00000000f5fb0000, 0x00000000f5fb0000, 0x00000000f63a0000)
 tenured generation   total 80716K, used 79066K [0x00000000f8000000, 0x00000000fced3000, 0x0000000100000000)
   the space 80716K,  97% used [0x00000000f8000000, 0x00000000fcd36918, 0x00000000fcd36a00, 0x00000000fced3000)
 Metaspace       used 69704K, committed 72064K, reserved 180224K
  class space    used 10089K, committed 11264K, reserved 114688K
}
Event: 39.130 GC heap before
{Heap before GC invocations=37 (full 3):
 def new generation   total 36480K, used 33223K [0x00000000f4000000, 0x00000000f6790000, 0x00000000f8000000)
  eden space 32448K, 100% used [0x00000000f4000000, 0x00000000f5fb0000, 0x00000000f5fb0000)
  from space 4032K,  19% used [0x00000000f63a0000, 0x00000000f6461e40, 0x00000000f6790000)
  to   space 4032K,   0% used [0x00000000f5fb0000, 0x00000000f5fb0000, 0x00000000f63a0000)
 tenured generation   total 80716K, used 79066K [0x00000000f8000000, 0x00000000fced3000, 0x0000000100000000)
   the space 80716K,  97% used [0x00000000f8000000, 0x00000000fcd36918, 0x00000000fcd36a00, 0x00000000fced3000)
 Metaspace       used 71859K, committed 74304K, reserved 180224K
  class space    used 10413K, committed 11584K, reserved 114688K
}
Event: 39.148 GC heap after
{Heap after GC invocations=38 (full 3):
 def new generation   total 36480K, used 4032K [0x00000000f4000000, 0x00000000f6790000, 0x00000000f8000000)
  eden space 32448K,   0% used [0x00000000f4000000, 0x00000000f4000000, 0x00000000f5fb0000)
  from space 4032K, 100% used [0x00000000f5fb0000, 0x00000000f63a0000, 0x00000000f63a0000)
  to   space 4032K,   0% used [0x00000000f63a0000, 0x00000000f63a0000, 0x00000000f6790000)
 tenured generation   total 80716K, used 79265K [0x00000000f8000000, 0x00000000fced3000, 0x0000000100000000)
   the space 80716K,  98% used [0x00000000f8000000, 0x00000000fcd68728, 0x00000000fcd68800, 0x00000000fced3000)
 Metaspace       used 71859K, committed 74304K, reserved 180224K
  class space    used 10413K, committed 11584K, reserved 114688K
}

