# JRE version: OpenJDK Runtime Environment Temurin-21.0.11+10 (21.0.11+10) (build 21.0.11+10-LTS)
# Java VM: OpenJDK 64-Bit Server VM Temurin-21.0.11+10 (21.0.11+10-LTS, mixed mode, sharing, tiered, compressed oops, compressed class ptrs, parallel gc, windows-amd64)
GC Precious Log:
 CardTable entry size: 512
 CPUs: 8 total, 8 available
 Memory: 3615M
 Large Page Support: Disabled
 NUMA Support: Disabled
 Compressed Oops: Enabled (32-bit)
 Alignments: Space 512K, Generation 512K, Heap 2M
 Heap Min Capacity: 100M
 Heap Initial Capacity: 100M
 Heap Max Capacity: 2G
 Pre-touch: Disabled
 Parallel Workers: 8
Heap:
 PSYoungGen      total 4608K, used 694K [0x00000000d5580000, 0x00000000d5b00000, 0x0000000100000000)
  eden space 3584K, 2% used [0x00000000d5580000,0x00000000d5595a78,0x00000000d5900000)
  from space 1024K, 59% used [0x00000000d5a00000,0x00000000d5a98000,0x00000000d5b00000)
  to   space 1024K, 0% used [0x00000000d5900000,0x00000000d5900000,0x00000000d5a00000)
 ParOldGen       total 635392K, used 634990K [0x0000000080000000, 0x00000000a6c80000, 0x00000000d5580000)
  object space 635392K, 99% used [0x0000000080000000,0x00000000a6c1b868,0x00000000a6c80000)
 Metaspace       used 83926K, committed 85696K, reserved 1179648K
  class space    used 10222K, committed 10944K, reserved 1048576K
GC Heap History (20 events):
Event: 6447.287 GC heap before
{Heap before GC invocations=1193 (full 3):
 PSYoungGen      total 3584K, used 2976K [0x00000000d5580000, 0x00000000d5980000, 0x0000000100000000)
  eden space 2560K, 100% used [0x00000000d5580000,0x00000000d5800000,0x00000000d5800000)
  from space 1024K, 40% used [0x00000000d5800000,0x00000000d5868000,0x00000000d5900000)
  to   space 512K, 0% used [0x00000000d5900000,0x00000000d5900000,0x00000000d5980000)
 ParOldGen       total 627712K, used 627455K [0x0000000080000000, 0x00000000a6500000, 0x00000000d5580000)
  object space 627712K, 99% used [0x0000000080000000,0x00000000a64bfd80,0x00000000a6500000)
 Metaspace       used 83926K, committed 85696K, reserved 1179648K
  class space    used 10222K, committed 10944K, reserved 1048576K
}
Event: 6447.291 GC heap after
{Heap after GC invocations=1193 (full 3):
 PSYoungGen      total 3072K, used 480K [0x00000000d5580000, 0x00000000d5980000, 0x0000000100000000)
  eden space 2560K, 0% used [0x00000000d5580000,0x00000000d5580000,0x00000000d5800000)
  from space 512K, 93% used [0x00000000d5900000,0x00000000d5978128,0x00000000d5980000)
  to   space 512K, 0% used [0x00000000d5880000,0x00000000d5880000,0x00000000d5900000)
 ParOldGen       total 628224K, used 627751K [0x0000000080000000, 0x00000000a6580000, 0x00000000d5580000)
  object space 628224K, 99% used [0x0000000080000000,0x00000000a6509d80,0x00000000a6580000)
 Metaspace       used 83926K, committed 85696K, reserved 1179648K
  class space    used 10222K, committed 10944K, reserved 1048576K
}
Event: 6447.303 GC heap before
{Heap before GC invocations=1194 (full 3):
 PSYoungGen      total 3072K, used 3040K [0x00000000d5580000, 0x00000000d5980000, 0x0000000100000000)
  eden space 2560K, 100% used [0x00000000d5580000,0x00000000d5800000,0x00000000d5800000)
  from space 512K, 93% used [0x00000000d5900000,0x00000000d5978128,0x00000000d5980000)
  to   space 512K, 0% used [0x00000000d5880000,0x00000000d5880000,0x00000000d5900000)
 ParOldGen       total 628224K, used 627751K [0x0000000080000000, 0x00000000a6580000, 0x00000000d5580000)
  object space 628224K, 99% used [0x0000000080000000,0x00000000a6509d80,0x00000000a6580000)
 Metaspace       used 83926K, committed 85696K, reserved 1179648K
  class space    used 10222K, committed 10944K, reserved 1048576K
}
Event: 6447.306 GC heap after
{Heap after GC invocations=1194 (full 3):
 PSYoungGen      total 3072K, used 448K [0x00000000d5580000, 0x00000000d5980000, 0x0000000100000000)
  eden space 2560K, 0% used [0x00000000d5580000,0x00000000d5580000,0x00000000d5800000)
  from space 512K, 87% used [0x00000000d5880000,0x00000000d58f0000,0x00000000d5900000)
  to   space 512K, 0% used [0x00000000d5900000,0x00000000d5900000,0x00000000d5980000)
 ParOldGen       total 628224K, used 628087K [0x0000000080000000, 0x00000000a6580000, 0x00000000d5580000)
  object space 628224K, 99% used [0x0000000080000000,0x00000000a655dd80,0x00000000a6580000)
 Metaspace       used 83926K, committed 85696K, reserved 1179648K
  class space    used 10222K, committed 10944K, reserved 1048576K
}
Event: 6447.317 GC heap before
{Heap before GC invocations=1195 (full 3):
 PSYoungGen      total 3072K, used 2995K [0x00000000d5580000, 0x00000000d5980000, 0x0000000100000000)
  eden space 2560K, 99% used [0x00000000d5580000,0x00000000d57fcc90,0x00000000d5800000)
  from space 512K, 87% used [0x00000000d5880000,0x00000000d58f0000,0x00000000d5900000)
  to   space 512K, 0% used [0x00000000d5900000,0x00000000d5900000,0x00000000d5980000)
 ParOldGen       total 628224K, used 628087K [0x0000000080000000, 0x00000000a6580000, 0x00000000d5580000)
  object space 628224K, 99% used [0x0000000080000000,0x00000000a655dd80,0x00000000a6580000)
 Metaspace       used 83926K, committed 85696K, reserved 1179648K
  class space    used 10222K, committed 10944K, reserved 1048576K
}
Event: 6447.320 GC heap after
{Heap after GC invocations=1195 (full 3):
 PSYoungGen      total 3072K, used 488K [0x00000000d5580000, 0x00000000d5980000, 0x0000000100000000)
  eden space 2560K, 0% used [0x00000000d5580000,0x00000000d5580000,0x00000000d5800000)
  from space 512K, 95% used [0x00000000d5900000,0x00000000d597a270,0x00000000d5980000)
  to   space 512K, 0% used [0x00000000d5880000,0x00000000d5880000,0x00000000d5900000)
 ParOldGen       total 628736K, used 628407K [0x0000000080000000, 0x00000000a6600000, 0x00000000d5580000)
  object space 628736K, 99% used [0x0000000080000000,0x00000000a65add80,0x00000000a6600000)
 Metaspace       used 83926K, committed 85696K, reserved 1179648K
  class space    used 10222K, committed 10944K, reserved 1048576K
}
Event: 6447.330 GC heap before
{Heap before GC invocations=1196 (full 3):
 PSYoungGen      total 3072K, used 3048K [0x00000000d5580000, 0x00000000d5980000, 0x0000000100000000)
  eden space 2560K, 100% used [0x00000000d5580000,0x00000000d5800000,0x00000000d5800000)
  from space 512K, 95% used [0x00000000d5900000,0x00000000d597a270,0x00000000d5980000)
  to   space 512K, 0% used [0x00000000d5880000,0x00000000d5880000,0x00000000d5900000)
 ParOldGen       total 628736K, used 628407K [0x0000000080000000, 0x00000000a6600000, 0x00000000d5580000)
  object space 628736K, 99% used [0x0000000080000000,0x00000000a65add80,0x00000000a6600000)
 Metaspace       used 83926K, committed 85696K, reserved 1179648K
  class space    used 10222K, committed 10944K, reserved 1048576K
}
Event: 6447.332 GC heap after
{Heap after GC invocations=1196 (full 3):
 PSYoungGen      total 3072K, used 384K [0x00000000d5580000, 0x00000000d5980000, 0x0000000100000000)
  eden space 2560K, 0% used [0x00000000d5580000,0x00000000d5580000,0x00000000d5800000)
  from space 512K, 75% used [0x00000000d5880000,0x00000000d58e0000,0x00000000d5900000)
  to   space 512K, 0% used [0x00000000d5900000,0x00000000d5900000,0x00000000d5980000)
 ParOldGen       total 629248K, used 628783K [0x0000000080000000, 0x00000000a6680000, 0x00000000d5580000)
  object space 629248K, 99% used [0x0000000080000000,0x00000000a660bd80,0x00000000a6680000)
 Metaspace       used 83926K, committed 85696K, reserved 1179648K
  class space    used 10222K, committed 10944K, reserved 1048576K
}
Event: 6447.342 GC heap before
{Heap before GC invocations=1197 (full 3):
 PSYoungGen      total 3072K, used 2944K [0x00000000d5580000, 0x00000000d5980000, 0x0000000100000000)
  eden space 2560K, 100% used [0x00000000d5580000,0x00000000d5800000,0x00000000d5800000)
  from space 512K, 75% used [0x00000000d5880000,0x00000000d58e0000,0x00000000d5900000)
  to   space 512K, 0% used [0x00000000d5900000,0x00000000d5900000,0x00000000d5980000)
 ParOldGen       total 629248K, used 628783K [0x0000000080000000, 0x00000000a6680000, 0x00000000d5580000)
  object space 629248K, 99% used [0x0000000080000000,0x00000000a660bd80,0x00000000a6680000)
 Metaspace       used 83926K, committed 85696K, reserved 1179648K
  class space    used 10222K, committed 10944K, reserved 1048576K
}
Event: 6447.344 GC heap after
{Heap after GC invocations=1197 (full 3):
 PSYoungGen      total 3072K, used 352K [0x00000000d5580000, 0x00000000d5980000, 0x0000000100000000)
  eden space 2560K, 0% used [0x00000000d5580000,0x00000000d5580000,0x00000000d5800000)
  from space 512K, 68% used [0x00000000d5900000,0x00000000d5958000,0x00000000d5980000)
  to   space 512K, 0% used [0x00000000d5880000,0x00000000d5880000,0x00000000d5900000)
 ParOldGen       total 629248K, used 629039K [0x0000000080000000, 0x00000000a6680000, 0x00000000d5580000)
  object space 629248K, 99% used [0x0000000080000000,0x00000000a664bd80,0x00000000a6680000)
 Metaspace       used 83926K, committed 85696K, reserved 1179648K
  class space    used 10222K, committed 10944K, reserved 1048576K
}
Event: 6447.352 GC heap before
{Heap before GC invocations=1198 (full 3):
 PSYoungGen      total 3072K, used 2912K [0x00000000d5580000, 0x00000000d5980000, 0x0000000100000000)
  eden space 2560K, 100% used [0x00000000d5580000,0x00000000d5800000,0x00000000d5800000)
  from space 512K, 68% used [0x00000000d5900000,0x00000000d5958000,0x00000000d5980000)
  to   space 512K, 0% used [0x00000000d5880000,0x00000000d5880000,0x00000000d5900000)
 ParOldGen       total 629248K, used 629039K [0x0000000080000000, 0x00000000a6680000, 0x00000000d5580000)
  object space 629248K, 99% used [0x0000000080000000,0x00000000a664bd80,0x00000000a6680000)
 Metaspace       used 83926K, committed 85696K, reserved 1179648K
  class space    used 10222K, committed 10944K, reserved 1048576K
}
Event: 6447.354 GC heap after
{Heap after GC invocations=1198 (full 3):
 PSYoungGen      total 3072K, used 448K [0x00000000d5580000, 0x00000000d5980000, 0x0000000100000000)
  eden space 2560K, 0% used [0x00000000d5580000,0x00000000d5580000,0x00000000d5800000)
  from space 512K, 87% used [0x00000000d5880000,0x00000000d58f0000,0x00000000d5900000)
  to   space 512K, 0% used [0x00000000d5900000,0x00000000d5900000,0x00000000d5980000)
 ParOldGen       total 629760K, used 629287K [0x0000000080000000, 0x00000000a6700000, 0x00000000d5580000)
  object space 629760K, 99% used [0x0000000080000000,0x00000000a6689d80,0x00000000a6700000)
 Metaspace       used 83926K, committed 85696K, reserved 1179648K
  class space    used 10222K, committed 10944K, reserved 1048576K
}
Event: 6447.363 GC heap before
{Heap before GC invocations=1199 (full 3):
 PSYoungGen      total 3072K, used 3007K [0x00000000d5580000, 0x00000000d5980000, 0x0000000100000000)
  eden space 2560K, 99% used [0x00000000d5580000,0x00000000d57ffe20,0x00000000d5800000)
  from space 512K, 87% used [0x00000000d5880000,0x00000000d58f0000,0x00000000d5900000)
  to   space 512K, 0% used [0x00000000d5900000,0x00000000d5900000,0x00000000d5980000)
 ParOldGen       total 629760K, used 629287K [0x0000000080000000, 0x00000000a6700000, 0x00000000d5580000)
  object space 629760K, 99% used [0x0000000080000000,0x00000000a6689d80,0x00000000a6700000)
 Metaspace       used 83926K, committed 85696K, reserved 1179648K
  class space    used 10222K, committed 10944K, reserved 1048576K
}
Event: 6447.365 GC heap after
{Heap after GC invocations=1199 (full 3):
 PSYoungGen      total 3072K, used 461K [0x00000000d5580000, 0x00000000d5980000, 0x0000000100000000)
  eden space 2560K, 0% used [0x00000000d5580000,0x00000000d5580000,0x00000000d5800000)
  from space 512K, 90% used [0x00000000d5900000,0x00000000d5973590,0x00000000d5980000)
  to   space 512K, 0% used [0x00000000d5880000,0x00000000d5880000,0x00000000d5900000)
 ParOldGen       total 629760K, used 629687K [0x0000000080000000, 0x00000000a6700000, 0x00000000d5580000)
  object space 629760K, 99% used [0x0000000080000000,0x00000000a66edd80,0x00000000a6700000)
 Metaspace       used 83926K, committed 85696K, reserved 1179648K
  class space    used 10222K, committed 10944K, reserved 1048576K
}
Event: 6447.370 GC heap before
{Heap before GC invocations=1200 (full 3):
 PSYoungGen      total 3072K, used 3021K [0x00000000d5580000, 0x00000000d5980000, 0x0000000100000000)
  eden space 2560K, 100% used [0x00000000d5580000,0x00000000d5800000,0x00000000d5800000)
  from space 512K, 90% used [0x00000000d5900000,0x00000000d5973590,0x00000000d5980000)
  to   space 512K, 0% used [0x00000000d5880000,0x00000000d5880000,0x00000000d5900000)
 ParOldGen       total 629760K, used 629687K [0x0000000080000000, 0x00000000a6700000, 0x00000000d5580000)
  object space 629760K, 99% used [0x0000000080000000,0x00000000a66edd80,0x00000000a6700000)
 Metaspace       used 83926K, committed 85696K, reserved 1179648K
  class space    used 10222K, committed 10944K, reserved 1048576K
}
Event: 6447.372 GC heap after
{Heap after GC invocations=1200 (full 3):
 PSYoungGen      total 3584K, used 512K [0x00000000d5580000, 0x00000000d5b80000, 0x0000000100000000)
  eden space 3072K, 0% used [0x00000000d5580000,0x00000000d5580000,0x00000000d5880000)
  from space 512K, 100% used [0x00000000d5880000,0x00000000d5900000,0x00000000d5900000)
  to   space 1536K, 0% used [0x00000000d5a00000,0x00000000d5a00000,0x00000000d5b80000)
 ParOldGen       total 630784K, used 630343K [0x0000000080000000, 0x00000000a6800000, 0x00000000d5580000)
  object space 630784K, 99% used [0x0000000080000000,0x00000000a6791e88,0x00000000a6800000)
 Metaspace       used 83926K, committed 85696K, reserved 1179648K
  class space    used 10222K, committed 10944K, reserved 1048576K
}
Event: 6447.381 GC heap before
{Heap before GC invocations=1201 (full 3):
 PSYoungGen      total 3584K, used 3584K [0x00000000d5580000, 0x00000000d5b80000, 0x0000000100000000)
  eden space 3072K, 100% used [0x00000000d5580000,0x00000000d5880000,0x00000000d5880000)
  from space 512K, 100% used [0x00000000d5880000,0x00000000d5900000,0x00000000d5900000)
  to   space 1536K, 0% used [0x00000000d5a00000,0x00000000d5a00000,0x00000000d5b80000)
 ParOldGen       total 630784K, used 630343K [0x0000000080000000, 0x00000000a6800000, 0x00000000d5580000)
  object space 630784K, 99% used [0x0000000080000000,0x00000000a6791e88,0x00000000a6800000)
 Metaspace       used 83926K, committed 85696K, reserved 1179648K
  class space    used 10222K, committed 10944K, reserved 1048576K
}
Event: 6447.384 GC heap after
{Heap after GC invocations=1201 (full 3):
 PSYoungGen      total 5120K, used 672K [0x00000000d5580000, 0x00000000d5b80000, 0x0000000100000000)
  eden space 3584K, 0% used [0x00000000d5580000,0x00000000d5580000,0x00000000d5900000)
  from space 1536K, 43% used [0x00000000d5a00000,0x00000000d5aa8000,0x00000000d5b80000)
  to   space 1024K, 0% used [0x00000000d5900000,0x00000000d5900000,0x00000000d5a00000)
 ParOldGen       total 631296K, used 630853K [0x0000000080000000, 0x00000000a6880000, 0x00000000d5580000)
  object space 631296K, 99% used [0x0000000080000000,0x00000000a6811638,0x00000000a6880000)
 Metaspace       used 83926K, committed 85696K, reserved 1179648K
  class space    used 10222K, committed 10944K, reserved 1048576K
}
Event: 6447.398 GC heap before
{Heap before GC invocations=1202 (full 3):
 PSYoungGen      total 5120K, used 4256K [0x00000000d5580000, 0x00000000d5b80000, 0x0000000100000000)
  eden space 3584K, 100% used [0x00000000d5580000,0x00000000d5900000,0x00000000d5900000)
  from space 1536K, 43% used [0x00000000d5a00000,0x00000000d5aa8000,0x00000000d5b80000)
  to   space 1024K, 0% used [0x00000000d5900000,0x00000000d5900000,0x00000000d5a00000)
 ParOldGen       total 631296K, used 630853K [0x0000000080000000, 0x00000000a6880000, 0x00000000d5580000)
  object space 631296K, 99% used [0x0000000080000000,0x00000000a6811638,0x00000000a6880000)
 Metaspace       used 83926K, committed 85696K, reserved 1179648K
  class space    used 10222K, committed 10944K, reserved 1048576K
}
Event: 6448.499 GC heap after
{Heap after GC invocations=1202 (full 3):
 PSYoungGen      total 4608K, used 921K [0x00000000d5580000, 0x00000000d5c00000, 0x0000000100000000)
  eden space 3584K, 0% used [0x00000000d5580000,0x00000000d5580000,0x00000000d5900000)
  from space 1024K, 90% used [0x00000000d5900000,0x00000000d59e6720,0x00000000d5a00000)
  to   space 1024K, 0% used [0x00000000d5b00000,0x00000000d5b00000,0x00000000d5c00000)
 ParOldGen       total 631808K, used 631446K [0x0000000080000000, 0x00000000a6900000, 0x00000000d5580000)
  object space 631808K, 99% used [0x0000000080000000,0x00000000a68a5a40,0x00000000a6900000)
 Metaspace       used 83926K, committed 85696K, reserved 1179648K
  class space    used 10222K, committed 10944K, reserved 1048576K
}

