# JRE version: OpenJDK Runtime Environment Temurin-21.0.11+10 (21.0.11+10) (build 21.0.11+10-LTS)
# Java VM: OpenJDK 64-Bit Server VM Temurin-21.0.11+10 (21.0.11+10-LTS, mixed mode, sharing, tiered, compressed oops, compressed class ptrs, serial gc, windows-amd64)
GC Precious Log:
 CardTable entry size: 512
 CPUs: 8 total, 8 available
 Memory: 3615M
 Large Page Support: Disabled
 NUMA Support: Disabled
 Compressed Oops: Enabled (32-bit)
 Heap Min Capacity: 128M
 Heap Initial Capacity: 128M
 Heap Max Capacity: 256M
 Pre-touch: Disabled
Heap:
 def new generation   total 39488K, used 20935K [0x00000000f0000000, 0x00000000f2ad0000, 0x00000000f5550000)
  eden space 35136K,  49% used [0x00000000f0000000, 0x00000000f10eca80, 0x00000000f2250000)
  from space 4352K,  82% used [0x00000000f2690000, 0x00000000f2a15448, 0x00000000f2ad0000)
  to   space 4352K,   0% used [0x00000000f2250000, 0x00000000f2250000, 0x00000000f2690000)
 tenured generation   total 87424K, used 44558K [0x00000000f5550000, 0x00000000faab0000, 0x0000000100000000)
   the space 87424K,  50% used [0x00000000f5550000, 0x00000000f80d3840, 0x00000000f80d3a00, 0x00000000faab0000)
 Metaspace       used 56613K, committed 58880K, reserved 229376K
  class space    used 8504K, committed 9600K, reserved 163840K
GC Heap History (20 events):
Event: 13.514 GC heap before
{Heap before GC invocations=5 (full 1):
 def new generation   total 39488K, used 35094K [0x00000000f0000000, 0x00000000f2ad0000, 0x00000000f5550000)
  eden space 35136K,  99% used [0x00000000f0000000, 0x00000000f2245930, 0x00000000f2250000)
  from space 4352K,   0% used [0x00000000f2250000, 0x00000000f2250000, 0x00000000f2690000)
  to   space 4352K,   0% used [0x00000000f2690000, 0x00000000f2690000, 0x00000000f2ad0000)
 tenured generation   total 87424K, used 22300K [0x00000000f5550000, 0x00000000faab0000, 0x0000000100000000)
   the space 87424K,  25% used [0x00000000f5550000, 0x00000000f6b170b8, 0x00000000f6b17200, 0x00000000faab0000)
 Metaspace       used 25782K, committed 26752K, reserved 229376K
  class space    used 3828K, committed 4288K, reserved 163840K
}
Event: 13.527 GC heap after
{Heap after GC invocations=6 (full 1):
 def new generation   total 39488K, used 2253K [0x00000000f0000000, 0x00000000f2ad0000, 0x00000000f5550000)
  eden space 35136K,   0% used [0x00000000f0000000, 0x00000000f0000000, 0x00000000f2250000)
  from space 4352K,  51% used [0x00000000f2690000, 0x00000000f28c37e0, 0x00000000f2ad0000)
  to   space 4352K,   0% used [0x00000000f2250000, 0x00000000f2250000, 0x00000000f2690000)
 tenured generation   total 87424K, used 22300K [0x00000000f5550000, 0x00000000faab0000, 0x0000000100000000)
   the space 87424K,  25% used [0x00000000f5550000, 0x00000000f6b170b8, 0x00000000f6b17200, 0x00000000faab0000)
 Metaspace       used 25782K, committed 26752K, reserved 229376K
  class space    used 3828K, committed 4288K, reserved 163840K
}
Event: 17.032 GC heap before
{Heap before GC invocations=6 (full 1):
 def new generation   total 39488K, used 37389K [0x00000000f0000000, 0x00000000f2ad0000, 0x00000000f5550000)
  eden space 35136K, 100% used [0x00000000f0000000, 0x00000000f2250000, 0x00000000f2250000)
  from space 4352K,  51% used [0x00000000f2690000, 0x00000000f28c37e0, 0x00000000f2ad0000)
  to   space 4352K,   0% used [0x00000000f2250000, 0x00000000f2250000, 0x00000000f2690000)
 tenured generation   total 87424K, used 22300K [0x00000000f5550000, 0x00000000faab0000, 0x0000000100000000)
   the space 87424K,  25% used [0x00000000f5550000, 0x00000000f6b170b8, 0x00000000f6b17200, 0x00000000faab0000)
 Metaspace       used 30037K, committed 31360K, reserved 229376K
  class space    used 4532K, committed 5184K, reserved 163840K
}
Event: 17.049 GC heap after
{Heap after GC invocations=7 (full 1):
 def new generation   total 39488K, used 1757K [0x00000000f0000000, 0x00000000f2ad0000, 0x00000000f5550000)
  eden space 35136K,   0% used [0x00000000f0000000, 0x00000000f0000000, 0x00000000f2250000)
  from space 4352K,  40% used [0x00000000f2250000, 0x00000000f2407458, 0x00000000f2690000)
  to   space 4352K,   0% used [0x00000000f2690000, 0x00000000f2690000, 0x00000000f2ad0000)
 tenured generation   total 87424K, used 24410K [0x00000000f5550000, 0x00000000faab0000, 0x0000000100000000)
   the space 87424K,  27% used [0x00000000f5550000, 0x00000000f6d26b68, 0x00000000f6d26c00, 0x00000000faab0000)
 Metaspace       used 30037K, committed 31360K, reserved 229376K
  class space    used 4532K, committed 5184K, reserved 163840K
}
Event: 18.165 GC heap before
{Heap before GC invocations=7 (full 1):
 def new generation   total 39488K, used 27344K [0x00000000f0000000, 0x00000000f2ad0000, 0x00000000f5550000)
  eden space 35136K,  72% used [0x00000000f0000000, 0x00000000f18fcd28, 0x00000000f2250000)
  from space 4352K,  40% used [0x00000000f2250000, 0x00000000f2407458, 0x00000000f2690000)
  to   space 4352K,   0% used [0x00000000f2690000, 0x00000000f2690000, 0x00000000f2ad0000)
 tenured generation   total 87424K, used 24410K [0x00000000f5550000, 0x00000000faab0000, 0x0000000100000000)
   the space 87424K,  27% used [0x00000000f5550000, 0x00000000f6d26b68, 0x00000000f6d26c00, 0x00000000faab0000)
 Metaspace       used 34499K, committed 35840K, reserved 229376K
  class space    used 5106K, committed 5760K, reserved 163840K
}
Event: 18.257 GC heap after
{Heap after GC invocations=8 (full 2):
 def new generation   total 39488K, used 0K [0x00000000f0000000, 0x00000000f2ad0000, 0x00000000f5550000)
  eden space 35136K,   0% used [0x00000000f0000000, 0x00000000f0000000, 0x00000000f2250000)
  from space 4352K,   0% used [0x00000000f2250000, 0x00000000f2250000, 0x00000000f2690000)
  to   space 4352K,   0% used [0x00000000f2690000, 0x00000000f2690000, 0x00000000f2ad0000)
 tenured generation   total 87424K, used 28465K [0x00000000f5550000, 0x00000000faab0000, 0x0000000100000000)
   the space 87424K,  32% used [0x00000000f5550000, 0x00000000f711c700, 0x00000000f711c800, 0x00000000faab0000)
 Metaspace       used 34499K, committed 35840K, reserved 229376K
  class space    used 5106K, committed 5760K, reserved 163840K
}
Event: 19.752 GC heap before
{Heap before GC invocations=8 (full 2):
 def new generation   total 39488K, used 35136K [0x00000000f0000000, 0x00000000f2ad0000, 0x00000000f5550000)
  eden space 35136K, 100% used [0x00000000f0000000, 0x00000000f2250000, 0x00000000f2250000)
  from space 4352K,   0% used [0x00000000f2250000, 0x00000000f2250000, 0x00000000f2690000)
  to   space 4352K,   0% used [0x00000000f2690000, 0x00000000f2690000, 0x00000000f2ad0000)
 tenured generation   total 87424K, used 28465K [0x00000000f5550000, 0x00000000faab0000, 0x0000000100000000)
   the space 87424K,  32% used [0x00000000f5550000, 0x00000000f711c700, 0x00000000f711c800, 0x00000000faab0000)
 Metaspace       used 38753K, committed 40320K, reserved 229376K
  class space    used 5765K, committed 6528K, reserved 163840K
}
Event: 19.772 GC heap after
{Heap after GC invocations=9 (full 2):
 def new generation   total 39488K, used 3504K [0x00000000f0000000, 0x00000000f2ad0000, 0x00000000f5550000)
  eden space 35136K,   0% used [0x00000000f0000000, 0x00000000f0000000, 0x00000000f2250000)
  from space 4352K,  80% used [0x00000000f2690000, 0x00000000f29fc188, 0x00000000f2ad0000)
  to   space 4352K,   0% used [0x00000000f2250000, 0x00000000f2250000, 0x00000000f2690000)
 tenured generation   total 87424K, used 28465K [0x00000000f5550000, 0x00000000faab0000, 0x0000000100000000)
   the space 87424K,  32% used [0x00000000f5550000, 0x00000000f711c700, 0x00000000f711c800, 0x00000000faab0000)
 Metaspace       used 38753K, committed 40320K, reserved 229376K
  class space    used 5765K, committed 6528K, reserved 163840K
}
Event: 20.883 GC heap before
{Heap before GC invocations=9 (full 2):
 def new generation   total 39488K, used 38640K [0x00000000f0000000, 0x00000000f2ad0000, 0x00000000f5550000)
  eden space 35136K, 100% used [0x00000000f0000000, 0x00000000f2250000, 0x00000000f2250000)
  from space 4352K,  80% used [0x00000000f2690000, 0x00000000f29fc188, 0x00000000f2ad0000)
  to   space 4352K,   0% used [0x00000000f2250000, 0x00000000f2250000, 0x00000000f2690000)
 tenured generation   total 87424K, used 28465K [0x00000000f5550000, 0x00000000faab0000, 0x0000000100000000)
   the space 87424K,  32% used [0x00000000f5550000, 0x00000000f711c700, 0x00000000f711c800, 0x00000000faab0000)
 Metaspace       used 42526K, committed 44352K, reserved 229376K
  class space    used 6417K, committed 7296K, reserved 163840K
}
Event: 20.910 GC heap after
{Heap after GC invocations=10 (full 2):
 def new generation   total 39488K, used 2128K [0x00000000f0000000, 0x00000000f2ad0000, 0x00000000f5550000)
  eden space 35136K,   0% used [0x00000000f0000000, 0x00000000f0000000, 0x00000000f2250000)
  from space 4352K,  48% used [0x00000000f2250000, 0x00000000f24643f0, 0x00000000f2690000)
  to   space 4352K,   0% used [0x00000000f2690000, 0x00000000f2690000, 0x00000000f2ad0000)
 tenured generation   total 87424K, used 31939K [0x00000000f5550000, 0x00000000faab0000, 0x0000000100000000)
   the space 87424K,  36% used [0x00000000f5550000, 0x00000000f7480fb0, 0x00000000f7481000, 0x00000000faab0000)
 Metaspace       used 42526K, committed 44352K, reserved 229376K
  class space    used 6417K, committed 7296K, reserved 163840K
}
Event: 23.987 GC heap before
{Heap before GC invocations=10 (full 2):
 def new generation   total 39488K, used 37264K [0x00000000f0000000, 0x00000000f2ad0000, 0x00000000f5550000)
  eden space 35136K, 100% used [0x00000000f0000000, 0x00000000f2250000, 0x00000000f2250000)
  from space 4352K,  48% used [0x00000000f2250000, 0x00000000f24643f0, 0x00000000f2690000)
  to   space 4352K,   0% used [0x00000000f2690000, 0x00000000f2690000, 0x00000000f2ad0000)
 tenured generation   total 87424K, used 31939K [0x00000000f5550000, 0x00000000faab0000, 0x0000000100000000)
   the space 87424K,  36% used [0x00000000f5550000, 0x00000000f7480fb0, 0x00000000f7481000, 0x00000000faab0000)
 Metaspace       used 46609K, committed 48576K, reserved 229376K
  class space    used 7076K, committed 8000K, reserved 163840K
}
Event: 24.017 GC heap after
{Heap after GC invocations=11 (full 2):
 def new generation   total 39488K, used 4088K [0x00000000f0000000, 0x00000000f2ad0000, 0x00000000f5550000)
  eden space 35136K,   0% used [0x00000000f0000000, 0x00000000f0000000, 0x00000000f2250000)
  from space 4352K,  93% used [0x00000000f2690000, 0x00000000f2a8e148, 0x00000000f2ad0000)
  to   space 4352K,   0% used [0x00000000f2250000, 0x00000000f2250000, 0x00000000f2690000)
 tenured generation   total 87424K, used 31939K [0x00000000f5550000, 0x00000000faab0000, 0x0000000100000000)
   the space 87424K,  36% used [0x00000000f5550000, 0x00000000f7480fb0, 0x00000000f7481000, 0x00000000faab0000)
 Metaspace       used 46609K, committed 48576K, reserved 229376K
  class space    used 7076K, committed 8000K, reserved 163840K
}
Event: 30.204 GC heap before
{Heap before GC invocations=11 (full 2):
 def new generation   total 39488K, used 39224K [0x00000000f0000000, 0x00000000f2ad0000, 0x00000000f5550000)
  eden space 35136K, 100% used [0x00000000f0000000, 0x00000000f2250000, 0x00000000f2250000)
  from space 4352K,  93% used [0x00000000f2690000, 0x00000000f2a8e148, 0x00000000f2ad0000)
  to   space 4352K,   0% used [0x00000000f2250000, 0x00000000f2250000, 0x00000000f2690000)
 tenured generation   total 87424K, used 31939K [0x00000000f5550000, 0x00000000faab0000, 0x0000000100000000)
   the space 87424K,  36% used [0x00000000f5550000, 0x00000000f7480fb0, 0x00000000f7481000, 0x00000000faab0000)
 Metaspace       used 49294K, committed 51392K, reserved 229376K
  class space    used 7485K, committed 8512K, reserved 163840K
}
Event: 30.246 GC heap after
{Heap after GC invocations=12 (full 2):
 def new generation   total 39488K, used 3239K [0x00000000f0000000, 0x00000000f2ad0000, 0x00000000f5550000)
  eden space 35136K,   0% used [0x00000000f0000000, 0x00000000f0000000, 0x00000000f2250000)
  from space 4352K,  74% used [0x00000000f2250000, 0x00000000f2579c18, 0x00000000f2690000)
  to   space 4352K,   0% used [0x00000000f2690000, 0x00000000f2690000, 0x00000000f2ad0000)
 tenured generation   total 87424K, used 34018K [0x00000000f5550000, 0x00000000faab0000, 0x0000000100000000)
   the space 87424K,  38% used [0x00000000f5550000, 0x00000000f7688a50, 0x00000000f7688c00, 0x00000000faab0000)
 Metaspace       used 49294K, committed 51392K, reserved 229376K
  class space    used 7485K, committed 8512K, reserved 163840K
}
Event: 32.243 GC heap before
{Heap before GC invocations=12 (full 2):
 def new generation   total 39488K, used 38375K [0x00000000f0000000, 0x00000000f2ad0000, 0x00000000f5550000)
  eden space 35136K, 100% used [0x00000000f0000000, 0x00000000f2250000, 0x00000000f2250000)
  from space 4352K,  74% used [0x00000000f2250000, 0x00000000f2579c18, 0x00000000f2690000)
  to   space 4352K,   0% used [0x00000000f2690000, 0x00000000f2690000, 0x00000000f2ad0000)
 tenured generation   total 87424K, used 34018K [0x00000000f5550000, 0x00000000faab0000, 0x0000000100000000)
   the space 87424K,  38% used [0x00000000f5550000, 0x00000000f7688a50, 0x00000000f7688c00, 0x00000000faab0000)
 Metaspace       used 51471K, committed 53632K, reserved 229376K
  class space    used 7843K, committed 8896K, reserved 163840K
}
Event: 32.283 GC heap after
{Heap after GC invocations=13 (full 2):
 def new generation   total 39488K, used 4351K [0x00000000f0000000, 0x00000000f2ad0000, 0x00000000f5550000)
  eden space 35136K,   0% used [0x00000000f0000000, 0x00000000f0000000, 0x00000000f2250000)
  from space 4352K,  99% used [0x00000000f2690000, 0x00000000f2acfff8, 0x00000000f2ad0000)
  to   space 4352K,   0% used [0x00000000f2250000, 0x00000000f2250000, 0x00000000f2690000)
 tenured generation   total 87424K, used 37732K [0x00000000f5550000, 0x00000000faab0000, 0x0000000100000000)
   the space 87424K,  43% used [0x00000000f5550000, 0x00000000f7a290b0, 0x00000000f7a29200, 0x00000000faab0000)
 Metaspace       used 51471K, committed 53632K, reserved 229376K
  class space    used 7843K, committed 8896K, reserved 163840K
}
Event: 33.042 GC heap before
{Heap before GC invocations=13 (full 2):
 def new generation   total 39488K, used 39487K [0x00000000f0000000, 0x00000000f2ad0000, 0x00000000f5550000)
  eden space 35136K, 100% used [0x00000000f0000000, 0x00000000f2250000, 0x00000000f2250000)
  from space 4352K,  99% used [0x00000000f2690000, 0x00000000f2acfff8, 0x00000000f2ad0000)
  to   space 4352K,   0% used [0x00000000f2250000, 0x00000000f2250000, 0x00000000f2690000)
 tenured generation   total 87424K, used 37732K [0x00000000f5550000, 0x00000000faab0000, 0x0000000100000000)
   the space 87424K,  43% used [0x00000000f5550000, 0x00000000f7a290b0, 0x00000000f7a29200, 0x00000000faab0000)
 Metaspace       used 54166K, committed 56384K, reserved 229376K
  class space    used 8256K, committed 9344K, reserved 163840K
}
Event: 33.077 GC heap after
{Heap after GC invocations=14 (full 2):
 def new generation   total 39488K, used 3615K [0x00000000f0000000, 0x00000000f2ad0000, 0x00000000f5550000)
  eden space 35136K,   0% used [0x00000000f0000000, 0x00000000f0000000, 0x00000000f2250000)
  from space 4352K,  83% used [0x00000000f2250000, 0x00000000f25d7fa8, 0x00000000f2690000)
  to   space 4352K,   0% used [0x00000000f2690000, 0x00000000f2690000, 0x00000000f2ad0000)
 tenured generation   total 87424K, used 41992K [0x00000000f5550000, 0x00000000faab0000, 0x0000000100000000)
   the space 87424K,  48% used [0x00000000f5550000, 0x00000000f7e520c8, 0x00000000f7e52200, 0x00000000faab0000)
 Metaspace       used 54166K, committed 56384K, reserved 229376K
  class space    used 8256K, committed 9344K, reserved 163840K
}
Event: 33.755 GC heap before
{Heap before GC invocations=14 (full 2):
 def new generation   total 39488K, used 38751K [0x00000000f0000000, 0x00000000f2ad0000, 0x00000000f5550000)
  eden space 35136K, 100% used [0x00000000f0000000, 0x00000000f2250000, 0x00000000f2250000)
  from space 4352K,  83% used [0x00000000f2250000, 0x00000000f25d7fa8, 0x00000000f2690000)
  to   space 4352K,   0% used [0x00000000f2690000, 0x00000000f2690000, 0x00000000f2ad0000)
 tenured generation   total 87424K, used 41992K [0x00000000f5550000, 0x00000000faab0000, 0x0000000100000000)
   the space 87424K,  48% used [0x00000000f5550000, 0x00000000f7e520c8, 0x00000000f7e52200, 0x00000000faab0000)
 Metaspace       used 56023K, committed 58240K, reserved 229376K
  class space    used 8474K, committed 9536K, reserved 163840K
}
Event: 33.781 GC heap after
{Heap after GC invocations=15 (full 2):
 def new generation   total 39488K, used 3605K [0x00000000f0000000, 0x00000000f2ad0000, 0x00000000f5550000)
  eden space 35136K,   0% used [0x00000000f0000000, 0x00000000f0000000, 0x00000000f2250000)
  from space 4352K,  82% used [0x00000000f2690000, 0x00000000f2a15448, 0x00000000f2ad0000)
  to   space 4352K,   0% used [0x00000000f2250000, 0x00000000f2250000, 0x00000000f2690000)
 tenured generation   total 87424K, used 44558K [0x00000000f5550000, 0x00000000faab0000, 0x0000000100000000)
   the space 87424K,  50% used [0x00000000f5550000, 0x00000000f80d3840, 0x00000000f80d3a00, 0x00000000faab0000)
 Metaspace       used 56023K, committed 58240K, reserved 229376K
  class space    used 8474K, committed 9536K, reserved 163840K
}

